[2025-06-27 14:21:20] local.ERROR: ErrorException: Undefined variable $id in D:\PROYECTOS\IMPORTACIONES RAMIREZ\ERP-RAMIREZ\vendor\yajra\laravel-datatables-oracle\src\Utilities\Helper.php(96) : eval()'d code:2
Stack trace:
#0 D:\PROYECTOS\IMPORTACIONES RAMIREZ\ERP-RAMIREZ\vendor\laravel\framework\src\Illuminate\Foundation\Bootstrap\HandleExceptions.php(266): Illuminate\Foundation\Bootstrap\HandleExceptions->handleError(2, 'Undefined varia...', 'D:\\PROYECTOS\\IM...', 2)
#1 D:\PROYECTOS\IMPORTACIONES RAMIREZ\ERP-RAMIREZ\vendor\yajra\laravel-datatables-oracle\src\Utilities\Helper.php(96) : eval()'d code(2): Illuminate\Foundation\Bootstrap\HandleExceptions->Illuminate\Foundation\Bootstrap\{closure}(2, 'Undefined varia...', 'D:\\PROYECTOS\\IM...', 2)
#2 D:\PROYECTOS\IMPORTACIONES RAMIREZ\ERP-RAMIREZ\vendor\yajra\laravel-datatables-oracle\src\Utilities\Helper.php(96): eval()
#3 D:\PROYECTOS\IMPORTACIONES RAMIREZ\ERP-RAMIREZ\vendor\yajra\laravel-datatables-oracle\src\Utilities\Helper.php(63): Yajra\DataTables\Utilities\Helper::compileBlade('@can("loan.view...', Array)
#4 D:\PROYECTOS\IMPORTACIONES RAMIREZ\ERP-RAMIREZ\vendor\yajra\laravel-datatables-oracle\src\Processors\DataProcessor.php(137): Yajra\DataTables\Utilities\Helper::compileContent('@can("loan.view...', Array, Object(App\Product))
#5 D:\PROYECTOS\IMPORTACIONES RAMIREZ\ERP-RAMIREZ\vendor\yajra\laravel-datatables-oracle\src\Processors\DataProcessor.php(106): Yajra\DataTables\Processors\DataProcessor->addColumns(Array, Object(App\Product))
#6 D:\PROYECTOS\IMPORTACIONES RAMIREZ\ERP-RAMIREZ\vendor\yajra\laravel-datatables-oracle\src\DataTableAbstract.php(806): Yajra\DataTables\Processors\DataProcessor->process(true)
#7 D:\PROYECTOS\IMPORTACIONES RAMIREZ\ERP-RAMIREZ\vendor\yajra\laravel-datatables-oracle\src\QueryDataTable.php(102): Yajra\DataTables\DataTableAbstract->processResults(Object(Illuminate\Database\Eloquent\Collection), true)
#8 D:\PROYECTOS\IMPORTACIONES RAMIREZ\ERP-RAMIREZ\app\Http\Controllers\ReportController.php(2207): Yajra\DataTables\QueryDataTable->make(true)
#9 D:\PROYECTOS\IMPORTACIONES RAMIREZ\ERP-RAMIREZ\vendor\laravel\framework\src\Illuminate\Routing\Controller.php(54): App\Http\Controllers\ReportController->getLotReport(Object(Illuminate\Http\Request))
#10 D:\PROYECTOS\IMPORTACIONES RAMIREZ\ERP-RAMIREZ\vendor\laravel\framework\src\Illuminate\Routing\ControllerDispatcher.php(43): Illuminate\Routing\Controller->callAction('getLotReport', Array)
#11 D:\PROYECTOS\IMPORTACIONES RAMIREZ\ERP-RAMIREZ\vendor\laravel\framework\src\Illuminate\Routing\Route.php(259): Illuminate\Routing\ControllerDispatcher->dispatch(Object(Illuminate\Routing\Route), Object(App\Http\Controllers\ReportController), 'getLotReport')
#12 D:\PROYECTOS\IMPORTACIONES RAMIREZ\ERP-RAMIREZ\vendor\laravel\framework\src\Illuminate\Routing\Route.php(205): Illuminate\Routing\Route->runController()
#13 D:\PROYECTOS\IMPORTACIONES RAMIREZ\ERP-RAMIREZ\vendor\laravel\framework\src\Illuminate\Routing\Router.php(798): Illuminate\Routing\Route->run()
#14 D:\PROYECTOS\IMPORTACIONES RAMIREZ\ERP-RAMIREZ\vendor\laravel\framework\src\Illuminate\Pipeline\Pipeline.php(141): Illuminate\Routing\Router->Illuminate\Routing\{closure}(Object(Illuminate\Http\Request))
#15 D:\PROYECTOS\IMPORTACIONES RAMIREZ\ERP-RAMIREZ\app\Http\Middleware\CheckUserLogin.php(22): Illuminate\Pipeline\Pipeline->Illuminate\Pipeline\{closure}(Object(Illuminate\Http\Request))
#16 D:\PROYECTOS\IMPORTACIONES RAMIREZ\ERP-RAMIREZ\vendor\laravel\framework\src\Illuminate\Pipeline\Pipeline.php(180): App\Http\Middleware\CheckUserLogin->handle(Object(Illuminate\Http\Request), Object(Closure))
#17 D:\PROYECTOS\IMPORTACIONES RAMIREZ\ERP-RAMIREZ\app\Http\Middleware\AdminSidebarMenu.php(21): Illuminate\Pipeline\Pipeline->Illuminate\Pipeline\{closure}(Object(Illuminate\Http\Request))
#18 D:\PROYECTOS\IMPORTACIONES RAMIREZ\ERP-RAMIREZ\vendor\laravel\framework\src\Illuminate\Pipeline\Pipeline.php(180): App\Http\Middleware\AdminSidebarMenu->handle(Object(Illuminate\Http\Request), Object(Closure))
#19 D:\PROYECTOS\IMPORTACIONES RAMIREZ\ERP-RAMIREZ\app\Http\Middleware\Timezone.php(30): Illuminate\Pipeline\Pipeline->Illuminate\Pipeline\{closure}(Object(Illuminate\Http\Request))
#20 D:\PROYECTOS\IMPORTACIONES RAMIREZ\ERP-RAMIREZ\vendor\laravel\framework\src\Illuminate\Pipeline\Pipeline.php(180): App\Http\Middleware\Timezone->handle(Object(Illuminate\Http\Request), Object(Closure))
#21 D:\PROYECTOS\IMPORTACIONES RAMIREZ\ERP-RAMIREZ\app\Http\Middleware\Language.php(25): Illuminate\Pipeline\Pipeline->Illuminate\Pipeline\{closure}(Object(Illuminate\Http\Request))
#22 D:\PROYECTOS\IMPORTACIONES RAMIREZ\ERP-RAMIREZ\vendor\laravel\framework\src\Illuminate\Pipeline\Pipeline.php(180): App\Http\Middleware\Language->handle(Object(Illuminate\Http\Request), Object(Closure))
#23 D:\PROYECTOS\IMPORTACIONES RAMIREZ\ERP-RAMIREZ\app\Http\Middleware\SetSessionData.php(52): Illuminate\Pipeline\Pipeline->Illuminate\Pipeline\{closure}(Object(Illuminate\Http\Request))
#24 D:\PROYECTOS\IMPORTACIONES RAMIREZ\ERP-RAMIREZ\vendor\laravel\framework\src\Illuminate\Pipeline\Pipeline.php(180): App\Http\Middleware\SetSessionData->handle(Object(Illuminate\Http\Request), Object(Closure))
#25 D:\PROYECTOS\IMPORTACIONES RAMIREZ\ERP-RAMIREZ\app\Http\Middleware\IsInstalled.php(50): Illuminate\Pipeline\Pipeline->Illuminate\Pipeline\{closure}(Object(Illuminate\Http\Request))
#26 D:\PROYECTOS\IMPORTACIONES RAMIREZ\ERP-RAMIREZ\vendor\laravel\framework\src\Illuminate\Pipeline\Pipeline.php(180): App\Http\Middleware\IsInstalled->handle(Object(Illuminate\Http\Request), Object(Closure))
#27 D:\PROYECTOS\IMPORTACIONES RAMIREZ\ERP-RAMIREZ\vendor\laravel\framework\src\Illuminate\Routing\Middleware\SubstituteBindings.php(50): Illuminate\Pipeline\Pipeline->Illuminate\Pipeline\{closure}(Object(Illuminate\Http\Request))
#28 D:\PROYECTOS\IMPORTACIONES RAMIREZ\ERP-RAMIREZ\vendor\laravel\framework\src\Illuminate\Pipeline\Pipeline.php(180): Illuminate\Routing\Middleware\SubstituteBindings->handle(Object(Illuminate\Http\Request), Object(Closure))
#29 D:\PROYECTOS\IMPORTACIONES RAMIREZ\ERP-RAMIREZ\vendor\laravel\framework\src\Illuminate\Auth\Middleware\Authenticate.php(44): Illuminate\Pipeline\Pipeline->Illuminate\Pipeline\{closure}(Object(Illuminate\Http\Request))
#30 D:\PROYECTOS\IMPORTACIONES RAMIREZ\ERP-RAMIREZ\vendor\laravel\framework\src\Illuminate\Pipeline\Pipeline.php(180): Illuminate\Auth\Middleware\Authenticate->handle(Object(Illuminate\Http\Request), Object(Closure))
#31 D:\PROYECTOS\IMPORTACIONES RAMIREZ\ERP-RAMIREZ\vendor\laravel\framework\src\Illuminate\Foundation\Http\Middleware\VerifyCsrfToken.php(78): Illuminate\Pipeline\Pipeline->Illuminate\Pipeline\{closure}(Object(Illuminate\Http\Request))
#32 D:\PROYECTOS\IMPORTACIONES RAMIREZ\ERP-RAMIREZ\vendor\laravel\framework\src\Illuminate\Pipeline\Pipeline.php(180): Illuminate\Foundation\Http\Middleware\VerifyCsrfToken->handle(Object(Illuminate\Http\Request), Object(Closure))
#33 D:\PROYECTOS\IMPORTACIONES RAMIREZ\ERP-RAMIREZ\vendor\laravel\framework\src\Illuminate\View\Middleware\ShareErrorsFromSession.php(49): Illuminate\Pipeline\Pipeline->Illuminate\Pipeline\{closure}(Object(Illuminate\Http\Request))
#34 D:\PROYECTOS\IMPORTACIONES RAMIREZ\ERP-RAMIREZ\vendor\laravel\framework\src\Illuminate\Pipeline\Pipeline.php(180): Illuminate\View\Middleware\ShareErrorsFromSession->handle(Object(Illuminate\Http\Request), Object(Closure))
#35 D:\PROYECTOS\IMPORTACIONES RAMIREZ\ERP-RAMIREZ\vendor\laravel\framework\src\Illuminate\Session\Middleware\StartSession.php(121): Illuminate\Pipeline\Pipeline->Illuminate\Pipeline\{closure}(Object(Illuminate\Http\Request))
#36 D:\PROYECTOS\IMPORTACIONES RAMIREZ\ERP-RAMIREZ\vendor\laravel\framework\src\Illuminate\Session\Middleware\StartSession.php(64): Illuminate\Session\Middleware\StartSession->handleStatefulRequest(Object(Illuminate\Http\Request), Object(Illuminate\Session\Store), Object(Closure))
#37 D:\PROYECTOS\IMPORTACIONES RAMIREZ\ERP-RAMIREZ\vendor\laravel\framework\src\Illuminate\Pipeline\Pipeline.php(180): Illuminate\Session\Middleware\StartSession->handle(Object(Illuminate\Http\Request), Object(Closure))
#38 D:\PROYECTOS\IMPORTACIONES RAMIREZ\ERP-RAMIREZ\vendor\laravel\framework\src\Illuminate\Cookie\Middleware\AddQueuedCookiesToResponse.php(37): Illuminate\Pipeline\Pipeline->Illuminate\Pipeline\{closure}(Object(Illuminate\Http\Request))
#39 D:\PROYECTOS\IMPORTACIONES RAMIREZ\ERP-RAMIREZ\vendor\laravel\framework\src\Illuminate\Pipeline\Pipeline.php(180): Illuminate\Cookie\Middleware\AddQueuedCookiesToResponse->handle(Object(Illuminate\Http\Request), Object(Closure))
#40 D:\PROYECTOS\IMPORTACIONES RAMIREZ\ERP-RAMIREZ\vendor\laravel\framework\src\Illuminate\Cookie\Middleware\EncryptCookies.php(67): Illuminate\Pipeline\Pipeline->Illuminate\Pipeline\{closure}(Object(Illuminate\Http\Request))
#41 D:\PROYECTOS\IMPORTACIONES RAMIREZ\ERP-RAMIREZ\vendor\laravel\framework\src\Illuminate\Pipeline\Pipeline.php(180): Illuminate\Cookie\Middleware\EncryptCookies->handle(Object(Illuminate\Http\Request), Object(Closure))
#42 D:\PROYECTOS\IMPORTACIONES RAMIREZ\ERP-RAMIREZ\vendor\laravel\framework\src\Illuminate\Pipeline\Pipeline.php(116): Illuminate\Pipeline\Pipeline->Illuminate\Pipeline\{closure}(Object(Illuminate\Http\Request))
#43 D:\PROYECTOS\IMPORTACIONES RAMIREZ\ERP-RAMIREZ\vendor\laravel\framework\src\Illuminate\Routing\Router.php(797): Illuminate\Pipeline\Pipeline->then(Object(Closure))
#44 D:\PROYECTOS\IMPORTACIONES RAMIREZ\ERP-RAMIREZ\vendor\laravel\framework\src\Illuminate\Routing\Router.php(776): Illuminate\Routing\Router->runRouteWithinStack(Object(Illuminate\Routing\Route), Object(Illuminate\Http\Request))
#45 D:\PROYECTOS\IMPORTACIONES RAMIREZ\ERP-RAMIREZ\vendor\laravel\framework\src\Illuminate\Routing\Router.php(740): Illuminate\Routing\Router->runRoute(Object(Illuminate\Http\Request), Object(Illuminate\Routing\Route))
#46 D:\PROYECTOS\IMPORTACIONES RAMIREZ\ERP-RAMIREZ\vendor\laravel\framework\src\Illuminate\Routing\Router.php(729): Illuminate\Routing\Router->dispatchToRoute(Object(Illuminate\Http\Request))
#47 D:\PROYECTOS\IMPORTACIONES RAMIREZ\ERP-RAMIREZ\vendor\laravel\framework\src\Illuminate\Foundation\Http\Kernel.php(190): Illuminate\Routing\Router->dispatch(Object(Illuminate\Http\Request))
#48 D:\PROYECTOS\IMPORTACIONES RAMIREZ\ERP-RAMIREZ\vendor\laravel\framework\src\Illuminate\Pipeline\Pipeline.php(141): Illuminate\Foundation\Http\Kernel->Illuminate\Foundation\Http\{closure}(Object(Illuminate\Http\Request))
#49 D:\PROYECTOS\IMPORTACIONES RAMIREZ\ERP-RAMIREZ\vendor\barryvdh\laravel-debugbar\src\Middleware\InjectDebugbar.php(59): Illuminate\Pipeline\Pipeline->Illuminate\Pipeline\{closure}(Object(Illuminate\Http\Request))
#50 D:\PROYECTOS\IMPORTACIONES RAMIREZ\ERP-RAMIREZ\vendor\laravel\framework\src\Illuminate\Pipeline\Pipeline.php(180): Barryvdh\Debugbar\Middleware\InjectDebugbar->handle(Object(Illuminate\Http\Request), Object(Closure))
#51 D:\PROYECTOS\IMPORTACIONES RAMIREZ\ERP-RAMIREZ\vendor\laravel\framework\src\Illuminate\Foundation\Http\Middleware\TransformsRequest.php(21): Illuminate\Pipeline\Pipeline->Illuminate\Pipeline\{closure}(Object(Illuminate\Http\Request))
#52 D:\PROYECTOS\IMPORTACIONES RAMIREZ\ERP-RAMIREZ\vendor\laravel\framework\src\Illuminate\Foundation\Http\Middleware\ConvertEmptyStringsToNull.php(31): Illuminate\Foundation\Http\Middleware\TransformsRequest->handle(Object(Illuminate\Http\Request), Object(Closure))
#53 D:\PROYECTOS\IMPORTACIONES RAMIREZ\ERP-RAMIREZ\vendor\laravel\framework\src\Illuminate\Pipeline\Pipeline.php(180): Illuminate\Foundation\Http\Middleware\ConvertEmptyStringsToNull->handle(Object(Illuminate\Http\Request), Object(Closure))
#54 D:\PROYECTOS\IMPORTACIONES RAMIREZ\ERP-RAMIREZ\vendor\laravel\framework\src\Illuminate\Foundation\Http\Middleware\TransformsRequest.php(21): Illuminate\Pipeline\Pipeline->Illuminate\Pipeline\{closure}(Object(Illuminate\Http\Request))
#55 D:\PROYECTOS\IMPORTACIONES RAMIREZ\ERP-RAMIREZ\vendor\laravel\framework\src\Illuminate\Foundation\Http\Middleware\TrimStrings.php(40): Illuminate\Foundation\Http\Middleware\TransformsRequest->handle(Object(Illuminate\Http\Request), Object(Closure))
#56 D:\PROYECTOS\IMPORTACIONES RAMIREZ\ERP-RAMIREZ\vendor\laravel\framework\src\Illuminate\Pipeline\Pipeline.php(180): Illuminate\Foundation\Http\Middleware\TrimStrings->handle(Object(Illuminate\Http\Request), Object(Closure))
#57 D:\PROYECTOS\IMPORTACIONES RAMIREZ\ERP-RAMIREZ\vendor\laravel\framework\src\Illuminate\Foundation\Http\Middleware\ValidatePostSize.php(27): Illuminate\Pipeline\Pipeline->Illuminate\Pipeline\{closure}(Object(Illuminate\Http\Request))
#58 D:\PROYECTOS\IMPORTACIONES RAMIREZ\ERP-RAMIREZ\vendor\laravel\framework\src\Illuminate\Pipeline\Pipeline.php(180): Illuminate\Foundation\Http\Middleware\ValidatePostSize->handle(Object(Illuminate\Http\Request), Object(Closure))
#59 D:\PROYECTOS\IMPORTACIONES RAMIREZ\ERP-RAMIREZ\vendor\laravel\framework\src\Illuminate\Foundation\Http\Middleware\PreventRequestsDuringMaintenance.php(86): Illuminate\Pipeline\Pipeline->Illuminate\Pipeline\{closure}(Object(Illuminate\Http\Request))
#60 D:\PROYECTOS\IMPORTACIONES RAMIREZ\ERP-RAMIREZ\vendor\laravel\framework\src\Illuminate\Pipeline\Pipeline.php(180): Illuminate\Foundation\Http\Middleware\PreventRequestsDuringMaintenance->handle(Object(Illuminate\Http\Request), Object(Closure))
#61 D:\PROYECTOS\IMPORTACIONES RAMIREZ\ERP-RAMIREZ\vendor\laravel\framework\src\Illuminate\Http\Middleware\HandleCors.php(49): Illuminate\Pipeline\Pipeline->Illuminate\Pipeline\{closure}(Object(Illuminate\Http\Request))
#62 D:\PROYECTOS\IMPORTACIONES RAMIREZ\ERP-RAMIREZ\vendor\laravel\framework\src\Illuminate\Pipeline\Pipeline.php(180): Illuminate\Http\Middleware\HandleCors->handle(Object(Illuminate\Http\Request), Object(Closure))
#63 D:\PROYECTOS\IMPORTACIONES RAMIREZ\ERP-RAMIREZ\vendor\laravel\framework\src\Illuminate\Http\Middleware\TrustProxies.php(39): Illuminate\Pipeline\Pipeline->Illuminate\Pipeline\{closure}(Object(Illuminate\Http\Request))
#64 D:\PROYECTOS\IMPORTACIONES RAMIREZ\ERP-RAMIREZ\vendor\laravel\framework\src\Illuminate\Pipeline\Pipeline.php(180): Illuminate\Http\Middleware\TrustProxies->handle(Object(Illuminate\Http\Request), Object(Closure))
#65 D:\PROYECTOS\IMPORTACIONES RAMIREZ\ERP-RAMIREZ\vendor\laravel\framework\src\Illuminate\Pipeline\Pipeline.php(116): Illuminate\Pipeline\Pipeline->Illuminate\Pipeline\{closure}(Object(Illuminate\Http\Request))
#66 D:\PROYECTOS\IMPORTACIONES RAMIREZ\ERP-RAMIREZ\vendor\laravel\framework\src\Illuminate\Foundation\Http\Kernel.php(165): Illuminate\Pipeline\Pipeline->then(Object(Closure))
#67 D:\PROYECTOS\IMPORTACIONES RAMIREZ\ERP-RAMIREZ\vendor\laravel\framework\src\Illuminate\Foundation\Http\Kernel.php(134): Illuminate\Foundation\Http\Kernel->sendRequestThroughRouter(Object(Illuminate\Http\Request))
#68 D:\PROYECTOS\IMPORTACIONES RAMIREZ\ERP-RAMIREZ\public\index.php(51): Illuminate\Foundation\Http\Kernel->handle(Object(Illuminate\Http\Request))
#69 D:\PROYECTOS\IMPORTACIONES RAMIREZ\ERP-RAMIREZ\vendor\laravel\framework\src\Illuminate\Foundation\resources\server.php(16): require_once('D:\\PROYECTOS\\IM...')
#70 {main}  
[2025-06-27 14:23:35] local.ERROR: ErrorException: Undefined variable $id in D:\PROYECTOS\IMPORTACIONES RAMIREZ\ERP-RAMIREZ\vendor\yajra\laravel-datatables-oracle\src\Utilities\Helper.php(96) : eval()'d code:2
Stack trace:
#0 D:\PROYECTOS\IMPORTACIONES RAMIREZ\ERP-RAMIREZ\vendor\laravel\framework\src\Illuminate\Foundation\Bootstrap\HandleExceptions.php(266): Illuminate\Foundation\Bootstrap\HandleExceptions->handleError(2, 'Undefined varia...', 'D:\\PROYECTOS\\IM...', 2)
#1 D:\PROYECTOS\IMPORTACIONES RAMIREZ\ERP-RAMIREZ\vendor\yajra\laravel-datatables-oracle\src\Utilities\Helper.php(96) : eval()'d code(2): Illuminate\Foundation\Bootstrap\HandleExceptions->Illuminate\Foundation\Bootstrap\{closure}(2, 'Undefined varia...', 'D:\\PROYECTOS\\IM...', 2)
#2 D:\PROYECTOS\IMPORTACIONES RAMIREZ\ERP-RAMIREZ\vendor\yajra\laravel-datatables-oracle\src\Utilities\Helper.php(96): eval()
#3 D:\PROYECTOS\IMPORTACIONES RAMIREZ\ERP-RAMIREZ\vendor\yajra\laravel-datatables-oracle\src\Utilities\Helper.php(63): Yajra\DataTables\Utilities\Helper::compileBlade('@can("stock_rep...', Array)
#4 D:\PROYECTOS\IMPORTACIONES RAMIREZ\ERP-RAMIREZ\vendor\yajra\laravel-datatables-oracle\src\Processors\DataProcessor.php(137): Yajra\DataTables\Utilities\Helper::compileContent('@can("stock_rep...', Array, Object(App\Product))
#5 D:\PROYECTOS\IMPORTACIONES RAMIREZ\ERP-RAMIREZ\vendor\yajra\laravel-datatables-oracle\src\Processors\DataProcessor.php(106): Yajra\DataTables\Processors\DataProcessor->addColumns(Array, Object(App\Product))
#6 D:\PROYECTOS\IMPORTACIONES RAMIREZ\ERP-RAMIREZ\vendor\yajra\laravel-datatables-oracle\src\DataTableAbstract.php(806): Yajra\DataTables\Processors\DataProcessor->process(true)
#7 D:\PROYECTOS\IMPORTACIONES RAMIREZ\ERP-RAMIREZ\vendor\yajra\laravel-datatables-oracle\src\QueryDataTable.php(102): Yajra\DataTables\DataTableAbstract->processResults(Object(Illuminate\Database\Eloquent\Collection), true)
#8 D:\PROYECTOS\IMPORTACIONES RAMIREZ\ERP-RAMIREZ\app\Http\Controllers\ReportController.php(2200): Yajra\DataTables\QueryDataTable->make(true)
#9 D:\PROYECTOS\IMPORTACIONES RAMIREZ\ERP-RAMIREZ\vendor\laravel\framework\src\Illuminate\Routing\Controller.php(54): App\Http\Controllers\ReportController->getLotReport(Object(Illuminate\Http\Request))
#10 D:\PROYECTOS\IMPORTACIONES RAMIREZ\ERP-RAMIREZ\vendor\laravel\framework\src\Illuminate\Routing\ControllerDispatcher.php(43): Illuminate\Routing\Controller->callAction('getLotReport', Array)
#11 D:\PROYECTOS\IMPORTACIONES RAMIREZ\ERP-RAMIREZ\vendor\laravel\framework\src\Illuminate\Routing\Route.php(259): Illuminate\Routing\ControllerDispatcher->dispatch(Object(Illuminate\Routing\Route), Object(App\Http\Controllers\ReportController), 'getLotReport')
#12 D:\PROYECTOS\IMPORTACIONES RAMIREZ\ERP-RAMIREZ\vendor\laravel\framework\src\Illuminate\Routing\Route.php(205): Illuminate\Routing\Route->runController()
#13 D:\PROYECTOS\IMPORTACIONES RAMIREZ\ERP-RAMIREZ\vendor\laravel\framework\src\Illuminate\Routing\Router.php(798): Illuminate\Routing\Route->run()
#14 D:\PROYECTOS\IMPORTACIONES RAMIREZ\ERP-RAMIREZ\vendor\laravel\framework\src\Illuminate\Pipeline\Pipeline.php(141): Illuminate\Routing\Router->Illuminate\Routing\{closure}(Object(Illuminate\Http\Request))
#15 D:\PROYECTOS\IMPORTACIONES RAMIREZ\ERP-RAMIREZ\app\Http\Middleware\CheckUserLogin.php(22): Illuminate\Pipeline\Pipeline->Illuminate\Pipeline\{closure}(Object(Illuminate\Http\Request))
#16 D:\PROYECTOS\IMPORTACIONES RAMIREZ\ERP-RAMIREZ\vendor\laravel\framework\src\Illuminate\Pipeline\Pipeline.php(180): App\Http\Middleware\CheckUserLogin->handle(Object(Illuminate\Http\Request), Object(Closure))
#17 D:\PROYECTOS\IMPORTACIONES RAMIREZ\ERP-RAMIREZ\app\Http\Middleware\AdminSidebarMenu.php(21): Illuminate\Pipeline\Pipeline->Illuminate\Pipeline\{closure}(Object(Illuminate\Http\Request))
#18 D:\PROYECTOS\IMPORTACIONES RAMIREZ\ERP-RAMIREZ\vendor\laravel\framework\src\Illuminate\Pipeline\Pipeline.php(180): App\Http\Middleware\AdminSidebarMenu->handle(Object(Illuminate\Http\Request), Object(Closure))
#19 D:\PROYECTOS\IMPORTACIONES RAMIREZ\ERP-RAMIREZ\app\Http\Middleware\Timezone.php(30): Illuminate\Pipeline\Pipeline->Illuminate\Pipeline\{closure}(Object(Illuminate\Http\Request))
#20 D:\PROYECTOS\IMPORTACIONES RAMIREZ\ERP-RAMIREZ\vendor\laravel\framework\src\Illuminate\Pipeline\Pipeline.php(180): App\Http\Middleware\Timezone->handle(Object(Illuminate\Http\Request), Object(Closure))
#21 D:\PROYECTOS\IMPORTACIONES RAMIREZ\ERP-RAMIREZ\app\Http\Middleware\Language.php(25): Illuminate\Pipeline\Pipeline->Illuminate\Pipeline\{closure}(Object(Illuminate\Http\Request))
#22 D:\PROYECTOS\IMPORTACIONES RAMIREZ\ERP-RAMIREZ\vendor\laravel\framework\src\Illuminate\Pipeline\Pipeline.php(180): App\Http\Middleware\Language->handle(Object(Illuminate\Http\Request), Object(Closure))
#23 D:\PROYECTOS\IMPORTACIONES RAMIREZ\ERP-RAMIREZ\app\Http\Middleware\SetSessionData.php(52): Illuminate\Pipeline\Pipeline->Illuminate\Pipeline\{closure}(Object(Illuminate\Http\Request))
#24 D:\PROYECTOS\IMPORTACIONES RAMIREZ\ERP-RAMIREZ\vendor\laravel\framework\src\Illuminate\Pipeline\Pipeline.php(180): App\Http\Middleware\SetSessionData->handle(Object(Illuminate\Http\Request), Object(Closure))
#25 D:\PROYECTOS\IMPORTACIONES RAMIREZ\ERP-RAMIREZ\app\Http\Middleware\IsInstalled.php(50): Illuminate\Pipeline\Pipeline->Illuminate\Pipeline\{closure}(Object(Illuminate\Http\Request))
#26 D:\PROYECTOS\IMPORTACIONES RAMIREZ\ERP-RAMIREZ\vendor\laravel\framework\src\Illuminate\Pipeline\Pipeline.php(180): App\Http\Middleware\IsInstalled->handle(Object(Illuminate\Http\Request), Object(Closure))
#27 D:\PROYECTOS\IMPORTACIONES RAMIREZ\ERP-RAMIREZ\vendor\laravel\framework\src\Illuminate\Routing\Middleware\SubstituteBindings.php(50): Illuminate\Pipeline\Pipeline->Illuminate\Pipeline\{closure}(Object(Illuminate\Http\Request))
#28 D:\PROYECTOS\IMPORTACIONES RAMIREZ\ERP-RAMIREZ\vendor\laravel\framework\src\Illuminate\Pipeline\Pipeline.php(180): Illuminate\Routing\Middleware\SubstituteBindings->handle(Object(Illuminate\Http\Request), Object(Closure))
#29 D:\PROYECTOS\IMPORTACIONES RAMIREZ\ERP-RAMIREZ\vendor\laravel\framework\src\Illuminate\Auth\Middleware\Authenticate.php(44): Illuminate\Pipeline\Pipeline->Illuminate\Pipeline\{closure}(Object(Illuminate\Http\Request))
#30 D:\PROYECTOS\IMPORTACIONES RAMIREZ\ERP-RAMIREZ\vendor\laravel\framework\src\Illuminate\Pipeline\Pipeline.php(180): Illuminate\Auth\Middleware\Authenticate->handle(Object(Illuminate\Http\Request), Object(Closure))
#31 D:\PROYECTOS\IMPORTACIONES RAMIREZ\ERP-RAMIREZ\vendor\laravel\framework\src\Illuminate\Foundation\Http\Middleware\VerifyCsrfToken.php(78): Illuminate\Pipeline\Pipeline->Illuminate\Pipeline\{closure}(Object(Illuminate\Http\Request))
#32 D:\PROYECTOS\IMPORTACIONES RAMIREZ\ERP-RAMIREZ\vendor\laravel\framework\src\Illuminate\Pipeline\Pipeline.php(180): Illuminate\Foundation\Http\Middleware\VerifyCsrfToken->handle(Object(Illuminate\Http\Request), Object(Closure))
#33 D:\PROYECTOS\IMPORTACIONES RAMIREZ\ERP-RAMIREZ\vendor\laravel\framework\src\Illuminate\View\Middleware\ShareErrorsFromSession.php(49): Illuminate\Pipeline\Pipeline->Illuminate\Pipeline\{closure}(Object(Illuminate\Http\Request))
#34 D:\PROYECTOS\IMPORTACIONES RAMIREZ\ERP-RAMIREZ\vendor\laravel\framework\src\Illuminate\Pipeline\Pipeline.php(180): Illuminate\View\Middleware\ShareErrorsFromSession->handle(Object(Illuminate\Http\Request), Object(Closure))
#35 D:\PROYECTOS\IMPORTACIONES RAMIREZ\ERP-RAMIREZ\vendor\laravel\framework\src\Illuminate\Session\Middleware\StartSession.php(121): Illuminate\Pipeline\Pipeline->Illuminate\Pipeline\{closure}(Object(Illuminate\Http\Request))
#36 D:\PROYECTOS\IMPORTACIONES RAMIREZ\ERP-RAMIREZ\vendor\laravel\framework\src\Illuminate\Session\Middleware\StartSession.php(64): Illuminate\Session\Middleware\StartSession->handleStatefulRequest(Object(Illuminate\Http\Request), Object(Illuminate\Session\Store), Object(Closure))
#37 D:\PROYECTOS\IMPORTACIONES RAMIREZ\ERP-RAMIREZ\vendor\laravel\framework\src\Illuminate\Pipeline\Pipeline.php(180): Illuminate\Session\Middleware\StartSession->handle(Object(Illuminate\Http\Request), Object(Closure))
#38 D:\PROYECTOS\IMPORTACIONES RAMIREZ\ERP-RAMIREZ\vendor\laravel\framework\src\Illuminate\Cookie\Middleware\AddQueuedCookiesToResponse.php(37): Illuminate\Pipeline\Pipeline->Illuminate\Pipeline\{closure}(Object(Illuminate\Http\Request))
#39 D:\PROYECTOS\IMPORTACIONES RAMIREZ\ERP-RAMIREZ\vendor\laravel\framework\src\Illuminate\Pipeline\Pipeline.php(180): Illuminate\Cookie\Middleware\AddQueuedCookiesToResponse->handle(Object(Illuminate\Http\Request), Object(Closure))
#40 D:\PROYECTOS\IMPORTACIONES RAMIREZ\ERP-RAMIREZ\vendor\laravel\framework\src\Illuminate\Cookie\Middleware\EncryptCookies.php(67): Illuminate\Pipeline\Pipeline->Illuminate\Pipeline\{closure}(Object(Illuminate\Http\Request))
#41 D:\PROYECTOS\IMPORTACIONES RAMIREZ\ERP-RAMIREZ\vendor\laravel\framework\src\Illuminate\Pipeline\Pipeline.php(180): Illuminate\Cookie\Middleware\EncryptCookies->handle(Object(Illuminate\Http\Request), Object(Closure))
#42 D:\PROYECTOS\IMPORTACIONES RAMIREZ\ERP-RAMIREZ\vendor\laravel\framework\src\Illuminate\Pipeline\Pipeline.php(116): Illuminate\Pipeline\Pipeline->Illuminate\Pipeline\{closure}(Object(Illuminate\Http\Request))
#43 D:\PROYECTOS\IMPORTACIONES RAMIREZ\ERP-RAMIREZ\vendor\laravel\framework\src\Illuminate\Routing\Router.php(797): Illuminate\Pipeline\Pipeline->then(Object(Closure))
#44 D:\PROYECTOS\IMPORTACIONES RAMIREZ\ERP-RAMIREZ\vendor\laravel\framework\src\Illuminate\Routing\Router.php(776): Illuminate\Routing\Router->runRouteWithinStack(Object(Illuminate\Routing\Route), Object(Illuminate\Http\Request))
#45 D:\PROYECTOS\IMPORTACIONES RAMIREZ\ERP-RAMIREZ\vendor\laravel\framework\src\Illuminate\Routing\Router.php(740): Illuminate\Routing\Router->runRoute(Object(Illuminate\Http\Request), Object(Illuminate\Routing\Route))
#46 D:\PROYECTOS\IMPORTACIONES RAMIREZ\ERP-RAMIREZ\vendor\laravel\framework\src\Illuminate\Routing\Router.php(729): Illuminate\Routing\Router->dispatchToRoute(Object(Illuminate\Http\Request))
#47 D:\PROYECTOS\IMPORTACIONES RAMIREZ\ERP-RAMIREZ\vendor\laravel\framework\src\Illuminate\Foundation\Http\Kernel.php(190): Illuminate\Routing\Router->dispatch(Object(Illuminate\Http\Request))
#48 D:\PROYECTOS\IMPORTACIONES RAMIREZ\ERP-RAMIREZ\vendor\laravel\framework\src\Illuminate\Pipeline\Pipeline.php(141): Illuminate\Foundation\Http\Kernel->Illuminate\Foundation\Http\{closure}(Object(Illuminate\Http\Request))
#49 D:\PROYECTOS\IMPORTACIONES RAMIREZ\ERP-RAMIREZ\vendor\barryvdh\laravel-debugbar\src\Middleware\InjectDebugbar.php(59): Illuminate\Pipeline\Pipeline->Illuminate\Pipeline\{closure}(Object(Illuminate\Http\Request))
#50 D:\PROYECTOS\IMPORTACIONES RAMIREZ\ERP-RAMIREZ\vendor\laravel\framework\src\Illuminate\Pipeline\Pipeline.php(180): Barryvdh\Debugbar\Middleware\InjectDebugbar->handle(Object(Illuminate\Http\Request), Object(Closure))
#51 D:\PROYECTOS\IMPORTACIONES RAMIREZ\ERP-RAMIREZ\vendor\laravel\framework\src\Illuminate\Foundation\Http\Middleware\TransformsRequest.php(21): Illuminate\Pipeline\Pipeline->Illuminate\Pipeline\{closure}(Object(Illuminate\Http\Request))
#52 D:\PROYECTOS\IMPORTACIONES RAMIREZ\ERP-RAMIREZ\vendor\laravel\framework\src\Illuminate\Foundation\Http\Middleware\ConvertEmptyStringsToNull.php(31): Illuminate\Foundation\Http\Middleware\TransformsRequest->handle(Object(Illuminate\Http\Request), Object(Closure))
#53 D:\PROYECTOS\IMPORTACIONES RAMIREZ\ERP-RAMIREZ\vendor\laravel\framework\src\Illuminate\Pipeline\Pipeline.php(180): Illuminate\Foundation\Http\Middleware\ConvertEmptyStringsToNull->handle(Object(Illuminate\Http\Request), Object(Closure))
#54 D:\PROYECTOS\IMPORTACIONES RAMIREZ\ERP-RAMIREZ\vendor\laravel\framework\src\Illuminate\Foundation\Http\Middleware\TransformsRequest.php(21): Illuminate\Pipeline\Pipeline->Illuminate\Pipeline\{closure}(Object(Illuminate\Http\Request))
#55 D:\PROYECTOS\IMPORTACIONES RAMIREZ\ERP-RAMIREZ\vendor\laravel\framework\src\Illuminate\Foundation\Http\Middleware\TrimStrings.php(40): Illuminate\Foundation\Http\Middleware\TransformsRequest->handle(Object(Illuminate\Http\Request), Object(Closure))
#56 D:\PROYECTOS\IMPORTACIONES RAMIREZ\ERP-RAMIREZ\vendor\laravel\framework\src\Illuminate\Pipeline\Pipeline.php(180): Illuminate\Foundation\Http\Middleware\TrimStrings->handle(Object(Illuminate\Http\Request), Object(Closure))
#57 D:\PROYECTOS\IMPORTACIONES RAMIREZ\ERP-RAMIREZ\vendor\laravel\framework\src\Illuminate\Foundation\Http\Middleware\ValidatePostSize.php(27): Illuminate\Pipeline\Pipeline->Illuminate\Pipeline\{closure}(Object(Illuminate\Http\Request))
#58 D:\PROYECTOS\IMPORTACIONES RAMIREZ\ERP-RAMIREZ\vendor\laravel\framework\src\Illuminate\Pipeline\Pipeline.php(180): Illuminate\Foundation\Http\Middleware\ValidatePostSize->handle(Object(Illuminate\Http\Request), Object(Closure))
#59 D:\PROYECTOS\IMPORTACIONES RAMIREZ\ERP-RAMIREZ\vendor\laravel\framework\src\Illuminate\Foundation\Http\Middleware\PreventRequestsDuringMaintenance.php(86): Illuminate\Pipeline\Pipeline->Illuminate\Pipeline\{closure}(Object(Illuminate\Http\Request))
#60 D:\PROYECTOS\IMPORTACIONES RAMIREZ\ERP-RAMIREZ\vendor\laravel\framework\src\Illuminate\Pipeline\Pipeline.php(180): Illuminate\Foundation\Http\Middleware\PreventRequestsDuringMaintenance->handle(Object(Illuminate\Http\Request), Object(Closure))
#61 D:\PROYECTOS\IMPORTACIONES RAMIREZ\ERP-RAMIREZ\vendor\laravel\framework\src\Illuminate\Http\Middleware\HandleCors.php(49): Illuminate\Pipeline\Pipeline->Illuminate\Pipeline\{closure}(Object(Illuminate\Http\Request))
#62 D:\PROYECTOS\IMPORTACIONES RAMIREZ\ERP-RAMIREZ\vendor\laravel\framework\src\Illuminate\Pipeline\Pipeline.php(180): Illuminate\Http\Middleware\HandleCors->handle(Object(Illuminate\Http\Request), Object(Closure))
#63 D:\PROYECTOS\IMPORTACIONES RAMIREZ\ERP-RAMIREZ\vendor\laravel\framework\src\Illuminate\Http\Middleware\TrustProxies.php(39): Illuminate\Pipeline\Pipeline->Illuminate\Pipeline\{closure}(Object(Illuminate\Http\Request))
#64 D:\PROYECTOS\IMPORTACIONES RAMIREZ\ERP-RAMIREZ\vendor\laravel\framework\src\Illuminate\Pipeline\Pipeline.php(180): Illuminate\Http\Middleware\TrustProxies->handle(Object(Illuminate\Http\Request), Object(Closure))
#65 D:\PROYECTOS\IMPORTACIONES RAMIREZ\ERP-RAMIREZ\vendor\laravel\framework\src\Illuminate\Pipeline\Pipeline.php(116): Illuminate\Pipeline\Pipeline->Illuminate\Pipeline\{closure}(Object(Illuminate\Http\Request))
#66 D:\PROYECTOS\IMPORTACIONES RAMIREZ\ERP-RAMIREZ\vendor\laravel\framework\src\Illuminate\Foundation\Http\Kernel.php(165): Illuminate\Pipeline\Pipeline->then(Object(Closure))
#67 D:\PROYECTOS\IMPORTACIONES RAMIREZ\ERP-RAMIREZ\vendor\laravel\framework\src\Illuminate\Foundation\Http\Kernel.php(134): Illuminate\Foundation\Http\Kernel->sendRequestThroughRouter(Object(Illuminate\Http\Request))
#68 D:\PROYECTOS\IMPORTACIONES RAMIREZ\ERP-RAMIREZ\public\index.php(51): Illuminate\Foundation\Http\Kernel->handle(Object(Illuminate\Http\Request))
#69 D:\PROYECTOS\IMPORTACIONES RAMIREZ\ERP-RAMIREZ\vendor\laravel\framework\src\Illuminate\Foundation\resources\server.php(16): require_once('D:\\PROYECTOS\\IM...')
#70 {main}  
[2025-06-27 14:24:26] local.ERROR: ErrorException: Undefined variable $id in D:\PROYECTOS\IMPORTACIONES RAMIREZ\ERP-RAMIREZ\vendor\yajra\laravel-datatables-oracle\src\Utilities\Helper.php(96) : eval()'d code:2
Stack trace:
#0 D:\PROYECTOS\IMPORTACIONES RAMIREZ\ERP-RAMIREZ\vendor\laravel\framework\src\Illuminate\Foundation\Bootstrap\HandleExceptions.php(266): Illuminate\Foundation\Bootstrap\HandleExceptions->handleError(2, 'Undefined varia...', 'D:\\PROYECTOS\\IM...', 2)
#1 D:\PROYECTOS\IMPORTACIONES RAMIREZ\ERP-RAMIREZ\vendor\yajra\laravel-datatables-oracle\src\Utilities\Helper.php(96) : eval()'d code(2): Illuminate\Foundation\Bootstrap\HandleExceptions->Illuminate\Foundation\Bootstrap\{closure}(2, 'Undefined varia...', 'D:\\PROYECTOS\\IM...', 2)
#2 D:\PROYECTOS\IMPORTACIONES RAMIREZ\ERP-RAMIREZ\vendor\yajra\laravel-datatables-oracle\src\Utilities\Helper.php(96): eval()
#3 D:\PROYECTOS\IMPORTACIONES RAMIREZ\ERP-RAMIREZ\vendor\yajra\laravel-datatables-oracle\src\Utilities\Helper.php(63): Yajra\DataTables\Utilities\Helper::compileBlade('@can("stock_rep...', Array)
#4 D:\PROYECTOS\IMPORTACIONES RAMIREZ\ERP-RAMIREZ\vendor\yajra\laravel-datatables-oracle\src\Processors\DataProcessor.php(137): Yajra\DataTables\Utilities\Helper::compileContent('@can("stock_rep...', Array, Object(App\Product))
#5 D:\PROYECTOS\IMPORTACIONES RAMIREZ\ERP-RAMIREZ\vendor\yajra\laravel-datatables-oracle\src\Processors\DataProcessor.php(106): Yajra\DataTables\Processors\DataProcessor->addColumns(Array, Object(App\Product))
#6 D:\PROYECTOS\IMPORTACIONES RAMIREZ\ERP-RAMIREZ\vendor\yajra\laravel-datatables-oracle\src\DataTableAbstract.php(806): Yajra\DataTables\Processors\DataProcessor->process(true)
#7 D:\PROYECTOS\IMPORTACIONES RAMIREZ\ERP-RAMIREZ\vendor\yajra\laravel-datatables-oracle\src\QueryDataTable.php(102): Yajra\DataTables\DataTableAbstract->processResults(Object(Illuminate\Database\Eloquent\Collection), true)
#8 D:\PROYECTOS\IMPORTACIONES RAMIREZ\ERP-RAMIREZ\app\Http\Controllers\ReportController.php(2200): Yajra\DataTables\QueryDataTable->make(true)
#9 D:\PROYECTOS\IMPORTACIONES RAMIREZ\ERP-RAMIREZ\vendor\laravel\framework\src\Illuminate\Routing\Controller.php(54): App\Http\Controllers\ReportController->getLotReport(Object(Illuminate\Http\Request))
#10 D:\PROYECTOS\IMPORTACIONES RAMIREZ\ERP-RAMIREZ\vendor\laravel\framework\src\Illuminate\Routing\ControllerDispatcher.php(43): Illuminate\Routing\Controller->callAction('getLotReport', Array)
#11 D:\PROYECTOS\IMPORTACIONES RAMIREZ\ERP-RAMIREZ\vendor\laravel\framework\src\Illuminate\Routing\Route.php(259): Illuminate\Routing\ControllerDispatcher->dispatch(Object(Illuminate\Routing\Route), Object(App\Http\Controllers\ReportController), 'getLotReport')
#12 D:\PROYECTOS\IMPORTACIONES RAMIREZ\ERP-RAMIREZ\vendor\laravel\framework\src\Illuminate\Routing\Route.php(205): Illuminate\Routing\Route->runController()
#13 D:\PROYECTOS\IMPORTACIONES RAMIREZ\ERP-RAMIREZ\vendor\laravel\framework\src\Illuminate\Routing\Router.php(798): Illuminate\Routing\Route->run()
#14 D:\PROYECTOS\IMPORTACIONES RAMIREZ\ERP-RAMIREZ\vendor\laravel\framework\src\Illuminate\Pipeline\Pipeline.php(141): Illuminate\Routing\Router->Illuminate\Routing\{closure}(Object(Illuminate\Http\Request))
#15 D:\PROYECTOS\IMPORTACIONES RAMIREZ\ERP-RAMIREZ\app\Http\Middleware\CheckUserLogin.php(22): Illuminate\Pipeline\Pipeline->Illuminate\Pipeline\{closure}(Object(Illuminate\Http\Request))
#16 D:\PROYECTOS\IMPORTACIONES RAMIREZ\ERP-RAMIREZ\vendor\laravel\framework\src\Illuminate\Pipeline\Pipeline.php(180): App\Http\Middleware\CheckUserLogin->handle(Object(Illuminate\Http\Request), Object(Closure))
#17 D:\PROYECTOS\IMPORTACIONES RAMIREZ\ERP-RAMIREZ\app\Http\Middleware\AdminSidebarMenu.php(21): Illuminate\Pipeline\Pipeline->Illuminate\Pipeline\{closure}(Object(Illuminate\Http\Request))
#18 D:\PROYECTOS\IMPORTACIONES RAMIREZ\ERP-RAMIREZ\vendor\laravel\framework\src\Illuminate\Pipeline\Pipeline.php(180): App\Http\Middleware\AdminSidebarMenu->handle(Object(Illuminate\Http\Request), Object(Closure))
#19 D:\PROYECTOS\IMPORTACIONES RAMIREZ\ERP-RAMIREZ\app\Http\Middleware\Timezone.php(30): Illuminate\Pipeline\Pipeline->Illuminate\Pipeline\{closure}(Object(Illuminate\Http\Request))
#20 D:\PROYECTOS\IMPORTACIONES RAMIREZ\ERP-RAMIREZ\vendor\laravel\framework\src\Illuminate\Pipeline\Pipeline.php(180): App\Http\Middleware\Timezone->handle(Object(Illuminate\Http\Request), Object(Closure))
#21 D:\PROYECTOS\IMPORTACIONES RAMIREZ\ERP-RAMIREZ\app\Http\Middleware\Language.php(25): Illuminate\Pipeline\Pipeline->Illuminate\Pipeline\{closure}(Object(Illuminate\Http\Request))
#22 D:\PROYECTOS\IMPORTACIONES RAMIREZ\ERP-RAMIREZ\vendor\laravel\framework\src\Illuminate\Pipeline\Pipeline.php(180): App\Http\Middleware\Language->handle(Object(Illuminate\Http\Request), Object(Closure))
#23 D:\PROYECTOS\IMPORTACIONES RAMIREZ\ERP-RAMIREZ\app\Http\Middleware\SetSessionData.php(52): Illuminate\Pipeline\Pipeline->Illuminate\Pipeline\{closure}(Object(Illuminate\Http\Request))
#24 D:\PROYECTOS\IMPORTACIONES RAMIREZ\ERP-RAMIREZ\vendor\laravel\framework\src\Illuminate\Pipeline\Pipeline.php(180): App\Http\Middleware\SetSessionData->handle(Object(Illuminate\Http\Request), Object(Closure))
#25 D:\PROYECTOS\IMPORTACIONES RAMIREZ\ERP-RAMIREZ\app\Http\Middleware\IsInstalled.php(50): Illuminate\Pipeline\Pipeline->Illuminate\Pipeline\{closure}(Object(Illuminate\Http\Request))
#26 D:\PROYECTOS\IMPORTACIONES RAMIREZ\ERP-RAMIREZ\vendor\laravel\framework\src\Illuminate\Pipeline\Pipeline.php(180): App\Http\Middleware\IsInstalled->handle(Object(Illuminate\Http\Request), Object(Closure))
#27 D:\PROYECTOS\IMPORTACIONES RAMIREZ\ERP-RAMIREZ\vendor\laravel\framework\src\Illuminate\Routing\Middleware\SubstituteBindings.php(50): Illuminate\Pipeline\Pipeline->Illuminate\Pipeline\{closure}(Object(Illuminate\Http\Request))
#28 D:\PROYECTOS\IMPORTACIONES RAMIREZ\ERP-RAMIREZ\vendor\laravel\framework\src\Illuminate\Pipeline\Pipeline.php(180): Illuminate\Routing\Middleware\SubstituteBindings->handle(Object(Illuminate\Http\Request), Object(Closure))
#29 D:\PROYECTOS\IMPORTACIONES RAMIREZ\ERP-RAMIREZ\vendor\laravel\framework\src\Illuminate\Auth\Middleware\Authenticate.php(44): Illuminate\Pipeline\Pipeline->Illuminate\Pipeline\{closure}(Object(Illuminate\Http\Request))
#30 D:\PROYECTOS\IMPORTACIONES RAMIREZ\ERP-RAMIREZ\vendor\laravel\framework\src\Illuminate\Pipeline\Pipeline.php(180): Illuminate\Auth\Middleware\Authenticate->handle(Object(Illuminate\Http\Request), Object(Closure))
#31 D:\PROYECTOS\IMPORTACIONES RAMIREZ\ERP-RAMIREZ\vendor\laravel\framework\src\Illuminate\Foundation\Http\Middleware\VerifyCsrfToken.php(78): Illuminate\Pipeline\Pipeline->Illuminate\Pipeline\{closure}(Object(Illuminate\Http\Request))
#32 D:\PROYECTOS\IMPORTACIONES RAMIREZ\ERP-RAMIREZ\vendor\laravel\framework\src\Illuminate\Pipeline\Pipeline.php(180): Illuminate\Foundation\Http\Middleware\VerifyCsrfToken->handle(Object(Illuminate\Http\Request), Object(Closure))
#33 D:\PROYECTOS\IMPORTACIONES RAMIREZ\ERP-RAMIREZ\vendor\laravel\framework\src\Illuminate\View\Middleware\ShareErrorsFromSession.php(49): Illuminate\Pipeline\Pipeline->Illuminate\Pipeline\{closure}(Object(Illuminate\Http\Request))
#34 D:\PROYECTOS\IMPORTACIONES RAMIREZ\ERP-RAMIREZ\vendor\laravel\framework\src\Illuminate\Pipeline\Pipeline.php(180): Illuminate\View\Middleware\ShareErrorsFromSession->handle(Object(Illuminate\Http\Request), Object(Closure))
#35 D:\PROYECTOS\IMPORTACIONES RAMIREZ\ERP-RAMIREZ\vendor\laravel\framework\src\Illuminate\Session\Middleware\StartSession.php(121): Illuminate\Pipeline\Pipeline->Illuminate\Pipeline\{closure}(Object(Illuminate\Http\Request))
#36 D:\PROYECTOS\IMPORTACIONES RAMIREZ\ERP-RAMIREZ\vendor\laravel\framework\src\Illuminate\Session\Middleware\StartSession.php(64): Illuminate\Session\Middleware\StartSession->handleStatefulRequest(Object(Illuminate\Http\Request), Object(Illuminate\Session\Store), Object(Closure))
#37 D:\PROYECTOS\IMPORTACIONES RAMIREZ\ERP-RAMIREZ\vendor\laravel\framework\src\Illuminate\Pipeline\Pipeline.php(180): Illuminate\Session\Middleware\StartSession->handle(Object(Illuminate\Http\Request), Object(Closure))
#38 D:\PROYECTOS\IMPORTACIONES RAMIREZ\ERP-RAMIREZ\vendor\laravel\framework\src\Illuminate\Cookie\Middleware\AddQueuedCookiesToResponse.php(37): Illuminate\Pipeline\Pipeline->Illuminate\Pipeline\{closure}(Object(Illuminate\Http\Request))
#39 D:\PROYECTOS\IMPORTACIONES RAMIREZ\ERP-RAMIREZ\vendor\laravel\framework\src\Illuminate\Pipeline\Pipeline.php(180): Illuminate\Cookie\Middleware\AddQueuedCookiesToResponse->handle(Object(Illuminate\Http\Request), Object(Closure))
#40 D:\PROYECTOS\IMPORTACIONES RAMIREZ\ERP-RAMIREZ\vendor\laravel\framework\src\Illuminate\Cookie\Middleware\EncryptCookies.php(67): Illuminate\Pipeline\Pipeline->Illuminate\Pipeline\{closure}(Object(Illuminate\Http\Request))
#41 D:\PROYECTOS\IMPORTACIONES RAMIREZ\ERP-RAMIREZ\vendor\laravel\framework\src\Illuminate\Pipeline\Pipeline.php(180): Illuminate\Cookie\Middleware\EncryptCookies->handle(Object(Illuminate\Http\Request), Object(Closure))
#42 D:\PROYECTOS\IMPORTACIONES RAMIREZ\ERP-RAMIREZ\vendor\laravel\framework\src\Illuminate\Pipeline\Pipeline.php(116): Illuminate\Pipeline\Pipeline->Illuminate\Pipeline\{closure}(Object(Illuminate\Http\Request))
#43 D:\PROYECTOS\IMPORTACIONES RAMIREZ\ERP-RAMIREZ\vendor\laravel\framework\src\Illuminate\Routing\Router.php(797): Illuminate\Pipeline\Pipeline->then(Object(Closure))
#44 D:\PROYECTOS\IMPORTACIONES RAMIREZ\ERP-RAMIREZ\vendor\laravel\framework\src\Illuminate\Routing\Router.php(776): Illuminate\Routing\Router->runRouteWithinStack(Object(Illuminate\Routing\Route), Object(Illuminate\Http\Request))
#45 D:\PROYECTOS\IMPORTACIONES RAMIREZ\ERP-RAMIREZ\vendor\laravel\framework\src\Illuminate\Routing\Router.php(740): Illuminate\Routing\Router->runRoute(Object(Illuminate\Http\Request), Object(Illuminate\Routing\Route))
#46 D:\PROYECTOS\IMPORTACIONES RAMIREZ\ERP-RAMIREZ\vendor\laravel\framework\src\Illuminate\Routing\Router.php(729): Illuminate\Routing\Router->dispatchToRoute(Object(Illuminate\Http\Request))
#47 D:\PROYECTOS\IMPORTACIONES RAMIREZ\ERP-RAMIREZ\vendor\laravel\framework\src\Illuminate\Foundation\Http\Kernel.php(190): Illuminate\Routing\Router->dispatch(Object(Illuminate\Http\Request))
#48 D:\PROYECTOS\IMPORTACIONES RAMIREZ\ERP-RAMIREZ\vendor\laravel\framework\src\Illuminate\Pipeline\Pipeline.php(141): Illuminate\Foundation\Http\Kernel->Illuminate\Foundation\Http\{closure}(Object(Illuminate\Http\Request))
#49 D:\PROYECTOS\IMPORTACIONES RAMIREZ\ERP-RAMIREZ\vendor\barryvdh\laravel-debugbar\src\Middleware\InjectDebugbar.php(59): Illuminate\Pipeline\Pipeline->Illuminate\Pipeline\{closure}(Object(Illuminate\Http\Request))
#50 D:\PROYECTOS\IMPORTACIONES RAMIREZ\ERP-RAMIREZ\vendor\laravel\framework\src\Illuminate\Pipeline\Pipeline.php(180): Barryvdh\Debugbar\Middleware\InjectDebugbar->handle(Object(Illuminate\Http\Request), Object(Closure))
#51 D:\PROYECTOS\IMPORTACIONES RAMIREZ\ERP-RAMIREZ\vendor\laravel\framework\src\Illuminate\Foundation\Http\Middleware\TransformsRequest.php(21): Illuminate\Pipeline\Pipeline->Illuminate\Pipeline\{closure}(Object(Illuminate\Http\Request))
#52 D:\PROYECTOS\IMPORTACIONES RAMIREZ\ERP-RAMIREZ\vendor\laravel\framework\src\Illuminate\Foundation\Http\Middleware\ConvertEmptyStringsToNull.php(31): Illuminate\Foundation\Http\Middleware\TransformsRequest->handle(Object(Illuminate\Http\Request), Object(Closure))
#53 D:\PROYECTOS\IMPORTACIONES RAMIREZ\ERP-RAMIREZ\vendor\laravel\framework\src\Illuminate\Pipeline\Pipeline.php(180): Illuminate\Foundation\Http\Middleware\ConvertEmptyStringsToNull->handle(Object(Illuminate\Http\Request), Object(Closure))
#54 D:\PROYECTOS\IMPORTACIONES RAMIREZ\ERP-RAMIREZ\vendor\laravel\framework\src\Illuminate\Foundation\Http\Middleware\TransformsRequest.php(21): Illuminate\Pipeline\Pipeline->Illuminate\Pipeline\{closure}(Object(Illuminate\Http\Request))
#55 D:\PROYECTOS\IMPORTACIONES RAMIREZ\ERP-RAMIREZ\vendor\laravel\framework\src\Illuminate\Foundation\Http\Middleware\TrimStrings.php(40): Illuminate\Foundation\Http\Middleware\TransformsRequest->handle(Object(Illuminate\Http\Request), Object(Closure))
#56 D:\PROYECTOS\IMPORTACIONES RAMIREZ\ERP-RAMIREZ\vendor\laravel\framework\src\Illuminate\Pipeline\Pipeline.php(180): Illuminate\Foundation\Http\Middleware\TrimStrings->handle(Object(Illuminate\Http\Request), Object(Closure))
#57 D:\PROYECTOS\IMPORTACIONES RAMIREZ\ERP-RAMIREZ\vendor\laravel\framework\src\Illuminate\Foundation\Http\Middleware\ValidatePostSize.php(27): Illuminate\Pipeline\Pipeline->Illuminate\Pipeline\{closure}(Object(Illuminate\Http\Request))
#58 D:\PROYECTOS\IMPORTACIONES RAMIREZ\ERP-RAMIREZ\vendor\laravel\framework\src\Illuminate\Pipeline\Pipeline.php(180): Illuminate\Foundation\Http\Middleware\ValidatePostSize->handle(Object(Illuminate\Http\Request), Object(Closure))
#59 D:\PROYECTOS\IMPORTACIONES RAMIREZ\ERP-RAMIREZ\vendor\laravel\framework\src\Illuminate\Foundation\Http\Middleware\PreventRequestsDuringMaintenance.php(86): Illuminate\Pipeline\Pipeline->Illuminate\Pipeline\{closure}(Object(Illuminate\Http\Request))
#60 D:\PROYECTOS\IMPORTACIONES RAMIREZ\ERP-RAMIREZ\vendor\laravel\framework\src\Illuminate\Pipeline\Pipeline.php(180): Illuminate\Foundation\Http\Middleware\PreventRequestsDuringMaintenance->handle(Object(Illuminate\Http\Request), Object(Closure))
#61 D:\PROYECTOS\IMPORTACIONES RAMIREZ\ERP-RAMIREZ\vendor\laravel\framework\src\Illuminate\Http\Middleware\HandleCors.php(49): Illuminate\Pipeline\Pipeline->Illuminate\Pipeline\{closure}(Object(Illuminate\Http\Request))
#62 D:\PROYECTOS\IMPORTACIONES RAMIREZ\ERP-RAMIREZ\vendor\laravel\framework\src\Illuminate\Pipeline\Pipeline.php(180): Illuminate\Http\Middleware\HandleCors->handle(Object(Illuminate\Http\Request), Object(Closure))
#63 D:\PROYECTOS\IMPORTACIONES RAMIREZ\ERP-RAMIREZ\vendor\laravel\framework\src\Illuminate\Http\Middleware\TrustProxies.php(39): Illuminate\Pipeline\Pipeline->Illuminate\Pipeline\{closure}(Object(Illuminate\Http\Request))
#64 D:\PROYECTOS\IMPORTACIONES RAMIREZ\ERP-RAMIREZ\vendor\laravel\framework\src\Illuminate\Pipeline\Pipeline.php(180): Illuminate\Http\Middleware\TrustProxies->handle(Object(Illuminate\Http\Request), Object(Closure))
#65 D:\PROYECTOS\IMPORTACIONES RAMIREZ\ERP-RAMIREZ\vendor\laravel\framework\src\Illuminate\Pipeline\Pipeline.php(116): Illuminate\Pipeline\Pipeline->Illuminate\Pipeline\{closure}(Object(Illuminate\Http\Request))
#66 D:\PROYECTOS\IMPORTACIONES RAMIREZ\ERP-RAMIREZ\vendor\laravel\framework\src\Illuminate\Foundation\Http\Kernel.php(165): Illuminate\Pipeline\Pipeline->then(Object(Closure))
#67 D:\PROYECTOS\IMPORTACIONES RAMIREZ\ERP-RAMIREZ\vendor\laravel\framework\src\Illuminate\Foundation\Http\Kernel.php(134): Illuminate\Foundation\Http\Kernel->sendRequestThroughRouter(Object(Illuminate\Http\Request))
#68 D:\PROYECTOS\IMPORTACIONES RAMIREZ\ERP-RAMIREZ\public\index.php(51): Illuminate\Foundation\Http\Kernel->handle(Object(Illuminate\Http\Request))
#69 D:\PROYECTOS\IMPORTACIONES RAMIREZ\ERP-RAMIREZ\vendor\laravel\framework\src\Illuminate\Foundation\resources\server.php(16): require_once('D:\\PROYECTOS\\IM...')
#70 {main}  
