[2025-01-19 01:05:07] live.ERROR: Class "App\Http\Controllers\Carbon" not found {"userId":1,"exception":"[object] (Error(code: 0): Class \"App\\Http\\Controllers\\Carbon\" not found at D:\\PROYECTOS\\IMPORTACIONES RAMIREZ\\ERP-RAMIREZ\\app\\Http\\Controllers\\SellController.php:1693)
[stacktrace]
#0 D:\\PROYECTOS\\IMPORTACIONES RAMIREZ\\ERP-RAMIREZ\\vendor\\laravel\\framework\\src\\Illuminate\\Routing\\Controller.php(54): App\\Http\\Controllers\\SellController->contrato(Object(Illuminate\\Http\\Request))
#1 D:\\PROYECTOS\\IMPORTACIONES RAMIREZ\\ERP-RAMIREZ\\vendor\\laravel\\framework\\src\\Illuminate\\Routing\\ControllerDispatcher.php(43): Illuminate\\Routing\\Controller->callAction('contrato', Array)
#2 D:\\PROYECTOS\\IMPORTACIONES RAMIREZ\\ERP-RAMIREZ\\vendor\\laravel\\framework\\src\\Illuminate\\Routing\\Route.php(259): Illuminate\\Routing\\ControllerDispatcher->dispatch(Object(Illuminate\\Routing\\Route), Object(App\\Http\\Controllers\\SellController), 'contrato')
#3 D:\\PROYECTOS\\IMPORTACIONES RAMIREZ\\ERP-RAMIREZ\\vendor\\laravel\\framework\\src\\Illuminate\\Routing\\Route.php(205): Illuminate\\Routing\\Route->runController()
#4 D:\\PROYECTOS\\IMPORTACIONES RAMIREZ\\ERP-RAMIREZ\\vendor\\laravel\\framework\\src\\Illuminate\\Routing\\Router.php(798): Illuminate\\Routing\\Route->run()
#5 D:\\PROYECTOS\\IMPORTACIONES RAMIREZ\\ERP-RAMIREZ\\vendor\\laravel\\framework\\src\\Illuminate\\Pipeline\\Pipeline.php(141): Illuminate\\Routing\\Router->Illuminate\\Routing\\{closure}(Object(Illuminate\\Http\\Request))
#6 D:\\PROYECTOS\\IMPORTACIONES RAMIREZ\\ERP-RAMIREZ\\vendor\\laravel\\framework\\src\\Illuminate\\Routing\\Middleware\\SubstituteBindings.php(50): Illuminate\\Pipeline\\Pipeline->Illuminate\\Pipeline\\{closure}(Object(Illuminate\\Http\\Request))
#7 D:\\PROYECTOS\\IMPORTACIONES RAMIREZ\\ERP-RAMIREZ\\vendor\\laravel\\framework\\src\\Illuminate\\Pipeline\\Pipeline.php(180): Illuminate\\Routing\\Middleware\\SubstituteBindings->handle(Object(Illuminate\\Http\\Request), Object(Closure))
#8 D:\\PROYECTOS\\IMPORTACIONES RAMIREZ\\ERP-RAMIREZ\\vendor\\laravel\\framework\\src\\Illuminate\\Auth\\Middleware\\Authenticate.php(44): Illuminate\\Pipeline\\Pipeline->Illuminate\\Pipeline\\{closure}(Object(Illuminate\\Http\\Request))
#9 D:\\PROYECTOS\\IMPORTACIONES RAMIREZ\\ERP-RAMIREZ\\vendor\\laravel\\framework\\src\\Illuminate\\Pipeline\\Pipeline.php(180): Illuminate\\Auth\\Middleware\\Authenticate->handle(Object(Illuminate\\Http\\Request), Object(Closure))
#10 D:\\PROYECTOS\\IMPORTACIONES RAMIREZ\\ERP-RAMIREZ\\vendor\\laravel\\framework\\src\\Illuminate\\Foundation\\Http\\Middleware\\VerifyCsrfToken.php(78): Illuminate\\Pipeline\\Pipeline->Illuminate\\Pipeline\\{closure}(Object(Illuminate\\Http\\Request))
#11 D:\\PROYECTOS\\IMPORTACIONES RAMIREZ\\ERP-RAMIREZ\\vendor\\laravel\\framework\\src\\Illuminate\\Pipeline\\Pipeline.php(180): Illuminate\\Foundation\\Http\\Middleware\\VerifyCsrfToken->handle(Object(Illuminate\\Http\\Request), Object(Closure))
#12 D:\\PROYECTOS\\IMPORTACIONES RAMIREZ\\ERP-RAMIREZ\\vendor\\laravel\\framework\\src\\Illuminate\\View\\Middleware\\ShareErrorsFromSession.php(49): Illuminate\\Pipeline\\Pipeline->Illuminate\\Pipeline\\{closure}(Object(Illuminate\\Http\\Request))
#13 D:\\PROYECTOS\\IMPORTACIONES RAMIREZ\\ERP-RAMIREZ\\vendor\\laravel\\framework\\src\\Illuminate\\Pipeline\\Pipeline.php(180): Illuminate\\View\\Middleware\\ShareErrorsFromSession->handle(Object(Illuminate\\Http\\Request), Object(Closure))
#14 D:\\PROYECTOS\\IMPORTACIONES RAMIREZ\\ERP-RAMIREZ\\vendor\\laravel\\framework\\src\\Illuminate\\Session\\Middleware\\StartSession.php(121): Illuminate\\Pipeline\\Pipeline->Illuminate\\Pipeline\\{closure}(Object(Illuminate\\Http\\Request))
#15 D:\\PROYECTOS\\IMPORTACIONES RAMIREZ\\ERP-RAMIREZ\\vendor\\laravel\\framework\\src\\Illuminate\\Session\\Middleware\\StartSession.php(64): Illuminate\\Session\\Middleware\\StartSession->handleStatefulRequest(Object(Illuminate\\Http\\Request), Object(Illuminate\\Session\\Store), Object(Closure))
#16 D:\\PROYECTOS\\IMPORTACIONES RAMIREZ\\ERP-RAMIREZ\\vendor\\laravel\\framework\\src\\Illuminate\\Pipeline\\Pipeline.php(180): Illuminate\\Session\\Middleware\\StartSession->handle(Object(Illuminate\\Http\\Request), Object(Closure))
#17 D:\\PROYECTOS\\IMPORTACIONES RAMIREZ\\ERP-RAMIREZ\\vendor\\laravel\\framework\\src\\Illuminate\\Cookie\\Middleware\\AddQueuedCookiesToResponse.php(37): Illuminate\\Pipeline\\Pipeline->Illuminate\\Pipeline\\{closure}(Object(Illuminate\\Http\\Request))
#18 D:\\PROYECTOS\\IMPORTACIONES RAMIREZ\\ERP-RAMIREZ\\vendor\\laravel\\framework\\src\\Illuminate\\Pipeline\\Pipeline.php(180): Illuminate\\Cookie\\Middleware\\AddQueuedCookiesToResponse->handle(Object(Illuminate\\Http\\Request), Object(Closure))
#19 D:\\PROYECTOS\\IMPORTACIONES RAMIREZ\\ERP-RAMIREZ\\vendor\\laravel\\framework\\src\\Illuminate\\Cookie\\Middleware\\EncryptCookies.php(67): Illuminate\\Pipeline\\Pipeline->Illuminate\\Pipeline\\{closure}(Object(Illuminate\\Http\\Request))
#20 D:\\PROYECTOS\\IMPORTACIONES RAMIREZ\\ERP-RAMIREZ\\vendor\\laravel\\framework\\src\\Illuminate\\Pipeline\\Pipeline.php(180): Illuminate\\Cookie\\Middleware\\EncryptCookies->handle(Object(Illuminate\\Http\\Request), Object(Closure))
#21 D:\\PROYECTOS\\IMPORTACIONES RAMIREZ\\ERP-RAMIREZ\\vendor\\laravel\\framework\\src\\Illuminate\\Pipeline\\Pipeline.php(116): Illuminate\\Pipeline\\Pipeline->Illuminate\\Pipeline\\{closure}(Object(Illuminate\\Http\\Request))
#22 D:\\PROYECTOS\\IMPORTACIONES RAMIREZ\\ERP-RAMIREZ\\vendor\\laravel\\framework\\src\\Illuminate\\Routing\\Router.php(797): Illuminate\\Pipeline\\Pipeline->then(Object(Closure))
#23 D:\\PROYECTOS\\IMPORTACIONES RAMIREZ\\ERP-RAMIREZ\\vendor\\laravel\\framework\\src\\Illuminate\\Routing\\Router.php(776): Illuminate\\Routing\\Router->runRouteWithinStack(Object(Illuminate\\Routing\\Route), Object(Illuminate\\Http\\Request))
#24 D:\\PROYECTOS\\IMPORTACIONES RAMIREZ\\ERP-RAMIREZ\\vendor\\laravel\\framework\\src\\Illuminate\\Routing\\Router.php(740): Illuminate\\Routing\\Router->runRoute(Object(Illuminate\\Http\\Request), Object(Illuminate\\Routing\\Route))
#25 D:\\PROYECTOS\\IMPORTACIONES RAMIREZ\\ERP-RAMIREZ\\vendor\\laravel\\framework\\src\\Illuminate\\Routing\\Router.php(729): Illuminate\\Routing\\Router->dispatchToRoute(Object(Illuminate\\Http\\Request))
#26 D:\\PROYECTOS\\IMPORTACIONES RAMIREZ\\ERP-RAMIREZ\\vendor\\laravel\\framework\\src\\Illuminate\\Foundation\\Http\\Kernel.php(190): Illuminate\\Routing\\Router->dispatch(Object(Illuminate\\Http\\Request))
#27 D:\\PROYECTOS\\IMPORTACIONES RAMIREZ\\ERP-RAMIREZ\\vendor\\laravel\\framework\\src\\Illuminate\\Pipeline\\Pipeline.php(141): Illuminate\\Foundation\\Http\\Kernel->Illuminate\\Foundation\\Http\\{closure}(Object(Illuminate\\Http\\Request))
#28 D:\\PROYECTOS\\IMPORTACIONES RAMIREZ\\ERP-RAMIREZ\\vendor\\barryvdh\\laravel-debugbar\\src\\Middleware\\InjectDebugbar.php(59): Illuminate\\Pipeline\\Pipeline->Illuminate\\Pipeline\\{closure}(Object(Illuminate\\Http\\Request))
#29 D:\\PROYECTOS\\IMPORTACIONES RAMIREZ\\ERP-RAMIREZ\\vendor\\laravel\\framework\\src\\Illuminate\\Pipeline\\Pipeline.php(180): Barryvdh\\Debugbar\\Middleware\\InjectDebugbar->handle(Object(Illuminate\\Http\\Request), Object(Closure))
#30 D:\\PROYECTOS\\IMPORTACIONES RAMIREZ\\ERP-RAMIREZ\\vendor\\laravel\\framework\\src\\Illuminate\\Foundation\\Http\\Middleware\\TransformsRequest.php(21): Illuminate\\Pipeline\\Pipeline->Illuminate\\Pipeline\\{closure}(Object(Illuminate\\Http\\Request))
#31 D:\\PROYECTOS\\IMPORTACIONES RAMIREZ\\ERP-RAMIREZ\\vendor\\laravel\\framework\\src\\Illuminate\\Foundation\\Http\\Middleware\\ConvertEmptyStringsToNull.php(31): Illuminate\\Foundation\\Http\\Middleware\\TransformsRequest->handle(Object(Illuminate\\Http\\Request), Object(Closure))
#32 D:\\PROYECTOS\\IMPORTACIONES RAMIREZ\\ERP-RAMIREZ\\vendor\\laravel\\framework\\src\\Illuminate\\Pipeline\\Pipeline.php(180): Illuminate\\Foundation\\Http\\Middleware\\ConvertEmptyStringsToNull->handle(Object(Illuminate\\Http\\Request), Object(Closure))
#33 D:\\PROYECTOS\\IMPORTACIONES RAMIREZ\\ERP-RAMIREZ\\vendor\\laravel\\framework\\src\\Illuminate\\Foundation\\Http\\Middleware\\TransformsRequest.php(21): Illuminate\\Pipeline\\Pipeline->Illuminate\\Pipeline\\{closure}(Object(Illuminate\\Http\\Request))
#34 D:\\PROYECTOS\\IMPORTACIONES RAMIREZ\\ERP-RAMIREZ\\vendor\\laravel\\framework\\src\\Illuminate\\Foundation\\Http\\Middleware\\TrimStrings.php(40): Illuminate\\Foundation\\Http\\Middleware\\TransformsRequest->handle(Object(Illuminate\\Http\\Request), Object(Closure))
#35 D:\\PROYECTOS\\IMPORTACIONES RAMIREZ\\ERP-RAMIREZ\\vendor\\laravel\\framework\\src\\Illuminate\\Pipeline\\Pipeline.php(180): Illuminate\\Foundation\\Http\\Middleware\\TrimStrings->handle(Object(Illuminate\\Http\\Request), Object(Closure))
#36 D:\\PROYECTOS\\IMPORTACIONES RAMIREZ\\ERP-RAMIREZ\\vendor\\laravel\\framework\\src\\Illuminate\\Foundation\\Http\\Middleware\\ValidatePostSize.php(27): Illuminate\\Pipeline\\Pipeline->Illuminate\\Pipeline\\{closure}(Object(Illuminate\\Http\\Request))
#37 D:\\PROYECTOS\\IMPORTACIONES RAMIREZ\\ERP-RAMIREZ\\vendor\\laravel\\framework\\src\\Illuminate\\Pipeline\\Pipeline.php(180): Illuminate\\Foundation\\Http\\Middleware\\ValidatePostSize->handle(Object(Illuminate\\Http\\Request), Object(Closure))
#38 D:\\PROYECTOS\\IMPORTACIONES RAMIREZ\\ERP-RAMIREZ\\vendor\\laravel\\framework\\src\\Illuminate\\Foundation\\Http\\Middleware\\PreventRequestsDuringMaintenance.php(86): Illuminate\\Pipeline\\Pipeline->Illuminate\\Pipeline\\{closure}(Object(Illuminate\\Http\\Request))
#39 D:\\PROYECTOS\\IMPORTACIONES RAMIREZ\\ERP-RAMIREZ\\vendor\\laravel\\framework\\src\\Illuminate\\Pipeline\\Pipeline.php(180): Illuminate\\Foundation\\Http\\Middleware\\PreventRequestsDuringMaintenance->handle(Object(Illuminate\\Http\\Request), Object(Closure))
#40 D:\\PROYECTOS\\IMPORTACIONES RAMIREZ\\ERP-RAMIREZ\\vendor\\laravel\\framework\\src\\Illuminate\\Http\\Middleware\\HandleCors.php(49): Illuminate\\Pipeline\\Pipeline->Illuminate\\Pipeline\\{closure}(Object(Illuminate\\Http\\Request))
#41 D:\\PROYECTOS\\IMPORTACIONES RAMIREZ\\ERP-RAMIREZ\\vendor\\laravel\\framework\\src\\Illuminate\\Pipeline\\Pipeline.php(180): Illuminate\\Http\\Middleware\\HandleCors->handle(Object(Illuminate\\Http\\Request), Object(Closure))
#42 D:\\PROYECTOS\\IMPORTACIONES RAMIREZ\\ERP-RAMIREZ\\vendor\\laravel\\framework\\src\\Illuminate\\Http\\Middleware\\TrustProxies.php(39): Illuminate\\Pipeline\\Pipeline->Illuminate\\Pipeline\\{closure}(Object(Illuminate\\Http\\Request))
#43 D:\\PROYECTOS\\IMPORTACIONES RAMIREZ\\ERP-RAMIREZ\\vendor\\laravel\\framework\\src\\Illuminate\\Pipeline\\Pipeline.php(180): Illuminate\\Http\\Middleware\\TrustProxies->handle(Object(Illuminate\\Http\\Request), Object(Closure))
#44 D:\\PROYECTOS\\IMPORTACIONES RAMIREZ\\ERP-RAMIREZ\\vendor\\laravel\\framework\\src\\Illuminate\\Pipeline\\Pipeline.php(116): Illuminate\\Pipeline\\Pipeline->Illuminate\\Pipeline\\{closure}(Object(Illuminate\\Http\\Request))
#45 D:\\PROYECTOS\\IMPORTACIONES RAMIREZ\\ERP-RAMIREZ\\vendor\\laravel\\framework\\src\\Illuminate\\Foundation\\Http\\Kernel.php(165): Illuminate\\Pipeline\\Pipeline->then(Object(Closure))
#46 D:\\PROYECTOS\\IMPORTACIONES RAMIREZ\\ERP-RAMIREZ\\vendor\\laravel\\framework\\src\\Illuminate\\Foundation\\Http\\Kernel.php(134): Illuminate\\Foundation\\Http\\Kernel->sendRequestThroughRouter(Object(Illuminate\\Http\\Request))
#47 D:\\PROYECTOS\\IMPORTACIONES RAMIREZ\\ERP-RAMIREZ\\public\\index.php(51): Illuminate\\Foundation\\Http\\Kernel->handle(Object(Illuminate\\Http\\Request))
#48 D:\\PROYECTOS\\IMPORTACIONES RAMIREZ\\ERP-RAMIREZ\\vendor\\laravel\\framework\\src\\Illuminate\\Foundation\\resources\\server.php(16): require_once('D:\\\\PROYECTOS\\\\IM...')
#49 {main}
"} 
[2025-01-19 01:06:04] live.ERROR: View [sale_pos.pdf] not found. {"userId":1,"exception":"[object] (InvalidArgumentException(code: 0): View [sale_pos.pdf] not found. at D:\\PROYECTOS\\IMPORTACIONES RAMIREZ\\ERP-RAMIREZ\\vendor\\laravel\\framework\\src\\Illuminate\\View\\FileViewFinder.php:137)
[stacktrace]
#0 D:\\PROYECTOS\\IMPORTACIONES RAMIREZ\\ERP-RAMIREZ\\vendor\\laravel\\framework\\src\\Illuminate\\View\\FileViewFinder.php(79): Illuminate\\View\\FileViewFinder->findInPaths('sale_pos.pdf', Array)
#1 D:\\PROYECTOS\\IMPORTACIONES RAMIREZ\\ERP-RAMIREZ\\vendor\\laravel\\framework\\src\\Illuminate\\View\\Factory.php(137): Illuminate\\View\\FileViewFinder->find('sale_pos.pdf')
#2 D:\\PROYECTOS\\IMPORTACIONES RAMIREZ\\ERP-RAMIREZ\\vendor\\barryvdh\\laravel-dompdf\\src\\PDF.php(125): Illuminate\\View\\Factory->make('sale_pos.pdf', Array, Array)
#3 D:\\PROYECTOS\\IMPORTACIONES RAMIREZ\\ERP-RAMIREZ\\app\\Http\\Controllers\\SellController.php(1711): Barryvdh\\DomPDF\\PDF->loadView('sale_pos.pdf', Array)
#4 D:\\PROYECTOS\\IMPORTACIONES RAMIREZ\\ERP-RAMIREZ\\vendor\\laravel\\framework\\src\\Illuminate\\Routing\\Controller.php(54): App\\Http\\Controllers\\SellController->contrato(Object(Illuminate\\Http\\Request))
#5 D:\\PROYECTOS\\IMPORTACIONES RAMIREZ\\ERP-RAMIREZ\\vendor\\laravel\\framework\\src\\Illuminate\\Routing\\ControllerDispatcher.php(43): Illuminate\\Routing\\Controller->callAction('contrato', Array)
#6 D:\\PROYECTOS\\IMPORTACIONES RAMIREZ\\ERP-RAMIREZ\\vendor\\laravel\\framework\\src\\Illuminate\\Routing\\Route.php(259): Illuminate\\Routing\\ControllerDispatcher->dispatch(Object(Illuminate\\Routing\\Route), Object(App\\Http\\Controllers\\SellController), 'contrato')
#7 D:\\PROYECTOS\\IMPORTACIONES RAMIREZ\\ERP-RAMIREZ\\vendor\\laravel\\framework\\src\\Illuminate\\Routing\\Route.php(205): Illuminate\\Routing\\Route->runController()
#8 D:\\PROYECTOS\\IMPORTACIONES RAMIREZ\\ERP-RAMIREZ\\vendor\\laravel\\framework\\src\\Illuminate\\Routing\\Router.php(798): Illuminate\\Routing\\Route->run()
#9 D:\\PROYECTOS\\IMPORTACIONES RAMIREZ\\ERP-RAMIREZ\\vendor\\laravel\\framework\\src\\Illuminate\\Pipeline\\Pipeline.php(141): Illuminate\\Routing\\Router->Illuminate\\Routing\\{closure}(Object(Illuminate\\Http\\Request))
#10 D:\\PROYECTOS\\IMPORTACIONES RAMIREZ\\ERP-RAMIREZ\\vendor\\laravel\\framework\\src\\Illuminate\\Routing\\Middleware\\SubstituteBindings.php(50): Illuminate\\Pipeline\\Pipeline->Illuminate\\Pipeline\\{closure}(Object(Illuminate\\Http\\Request))
#11 D:\\PROYECTOS\\IMPORTACIONES RAMIREZ\\ERP-RAMIREZ\\vendor\\laravel\\framework\\src\\Illuminate\\Pipeline\\Pipeline.php(180): Illuminate\\Routing\\Middleware\\SubstituteBindings->handle(Object(Illuminate\\Http\\Request), Object(Closure))
#12 D:\\PROYECTOS\\IMPORTACIONES RAMIREZ\\ERP-RAMIREZ\\vendor\\laravel\\framework\\src\\Illuminate\\Auth\\Middleware\\Authenticate.php(44): Illuminate\\Pipeline\\Pipeline->Illuminate\\Pipeline\\{closure}(Object(Illuminate\\Http\\Request))
#13 D:\\PROYECTOS\\IMPORTACIONES RAMIREZ\\ERP-RAMIREZ\\vendor\\laravel\\framework\\src\\Illuminate\\Pipeline\\Pipeline.php(180): Illuminate\\Auth\\Middleware\\Authenticate->handle(Object(Illuminate\\Http\\Request), Object(Closure))
#14 D:\\PROYECTOS\\IMPORTACIONES RAMIREZ\\ERP-RAMIREZ\\vendor\\laravel\\framework\\src\\Illuminate\\Foundation\\Http\\Middleware\\VerifyCsrfToken.php(78): Illuminate\\Pipeline\\Pipeline->Illuminate\\Pipeline\\{closure}(Object(Illuminate\\Http\\Request))
#15 D:\\PROYECTOS\\IMPORTACIONES RAMIREZ\\ERP-RAMIREZ\\vendor\\laravel\\framework\\src\\Illuminate\\Pipeline\\Pipeline.php(180): Illuminate\\Foundation\\Http\\Middleware\\VerifyCsrfToken->handle(Object(Illuminate\\Http\\Request), Object(Closure))
#16 D:\\PROYECTOS\\IMPORTACIONES RAMIREZ\\ERP-RAMIREZ\\vendor\\laravel\\framework\\src\\Illuminate\\View\\Middleware\\ShareErrorsFromSession.php(49): Illuminate\\Pipeline\\Pipeline->Illuminate\\Pipeline\\{closure}(Object(Illuminate\\Http\\Request))
#17 D:\\PROYECTOS\\IMPORTACIONES RAMIREZ\\ERP-RAMIREZ\\vendor\\laravel\\framework\\src\\Illuminate\\Pipeline\\Pipeline.php(180): Illuminate\\View\\Middleware\\ShareErrorsFromSession->handle(Object(Illuminate\\Http\\Request), Object(Closure))
#18 D:\\PROYECTOS\\IMPORTACIONES RAMIREZ\\ERP-RAMIREZ\\vendor\\laravel\\framework\\src\\Illuminate\\Session\\Middleware\\StartSession.php(121): Illuminate\\Pipeline\\Pipeline->Illuminate\\Pipeline\\{closure}(Object(Illuminate\\Http\\Request))
#19 D:\\PROYECTOS\\IMPORTACIONES RAMIREZ\\ERP-RAMIREZ\\vendor\\laravel\\framework\\src\\Illuminate\\Session\\Middleware\\StartSession.php(64): Illuminate\\Session\\Middleware\\StartSession->handleStatefulRequest(Object(Illuminate\\Http\\Request), Object(Illuminate\\Session\\Store), Object(Closure))
#20 D:\\PROYECTOS\\IMPORTACIONES RAMIREZ\\ERP-RAMIREZ\\vendor\\laravel\\framework\\src\\Illuminate\\Pipeline\\Pipeline.php(180): Illuminate\\Session\\Middleware\\StartSession->handle(Object(Illuminate\\Http\\Request), Object(Closure))
#21 D:\\PROYECTOS\\IMPORTACIONES RAMIREZ\\ERP-RAMIREZ\\vendor\\laravel\\framework\\src\\Illuminate\\Cookie\\Middleware\\AddQueuedCookiesToResponse.php(37): Illuminate\\Pipeline\\Pipeline->Illuminate\\Pipeline\\{closure}(Object(Illuminate\\Http\\Request))
#22 D:\\PROYECTOS\\IMPORTACIONES RAMIREZ\\ERP-RAMIREZ\\vendor\\laravel\\framework\\src\\Illuminate\\Pipeline\\Pipeline.php(180): Illuminate\\Cookie\\Middleware\\AddQueuedCookiesToResponse->handle(Object(Illuminate\\Http\\Request), Object(Closure))
#23 D:\\PROYECTOS\\IMPORTACIONES RAMIREZ\\ERP-RAMIREZ\\vendor\\laravel\\framework\\src\\Illuminate\\Cookie\\Middleware\\EncryptCookies.php(67): Illuminate\\Pipeline\\Pipeline->Illuminate\\Pipeline\\{closure}(Object(Illuminate\\Http\\Request))
#24 D:\\PROYECTOS\\IMPORTACIONES RAMIREZ\\ERP-RAMIREZ\\vendor\\laravel\\framework\\src\\Illuminate\\Pipeline\\Pipeline.php(180): Illuminate\\Cookie\\Middleware\\EncryptCookies->handle(Object(Illuminate\\Http\\Request), Object(Closure))
#25 D:\\PROYECTOS\\IMPORTACIONES RAMIREZ\\ERP-RAMIREZ\\vendor\\laravel\\framework\\src\\Illuminate\\Pipeline\\Pipeline.php(116): Illuminate\\Pipeline\\Pipeline->Illuminate\\Pipeline\\{closure}(Object(Illuminate\\Http\\Request))
#26 D:\\PROYECTOS\\IMPORTACIONES RAMIREZ\\ERP-RAMIREZ\\vendor\\laravel\\framework\\src\\Illuminate\\Routing\\Router.php(797): Illuminate\\Pipeline\\Pipeline->then(Object(Closure))
#27 D:\\PROYECTOS\\IMPORTACIONES RAMIREZ\\ERP-RAMIREZ\\vendor\\laravel\\framework\\src\\Illuminate\\Routing\\Router.php(776): Illuminate\\Routing\\Router->runRouteWithinStack(Object(Illuminate\\Routing\\Route), Object(Illuminate\\Http\\Request))
#28 D:\\PROYECTOS\\IMPORTACIONES RAMIREZ\\ERP-RAMIREZ\\vendor\\laravel\\framework\\src\\Illuminate\\Routing\\Router.php(740): Illuminate\\Routing\\Router->runRoute(Object(Illuminate\\Http\\Request), Object(Illuminate\\Routing\\Route))
#29 D:\\PROYECTOS\\IMPORTACIONES RAMIREZ\\ERP-RAMIREZ\\vendor\\laravel\\framework\\src\\Illuminate\\Routing\\Router.php(729): Illuminate\\Routing\\Router->dispatchToRoute(Object(Illuminate\\Http\\Request))
#30 D:\\PROYECTOS\\IMPORTACIONES RAMIREZ\\ERP-RAMIREZ\\vendor\\laravel\\framework\\src\\Illuminate\\Foundation\\Http\\Kernel.php(190): Illuminate\\Routing\\Router->dispatch(Object(Illuminate\\Http\\Request))
#31 D:\\PROYECTOS\\IMPORTACIONES RAMIREZ\\ERP-RAMIREZ\\vendor\\laravel\\framework\\src\\Illuminate\\Pipeline\\Pipeline.php(141): Illuminate\\Foundation\\Http\\Kernel->Illuminate\\Foundation\\Http\\{closure}(Object(Illuminate\\Http\\Request))
#32 D:\\PROYECTOS\\IMPORTACIONES RAMIREZ\\ERP-RAMIREZ\\vendor\\barryvdh\\laravel-debugbar\\src\\Middleware\\InjectDebugbar.php(59): Illuminate\\Pipeline\\Pipeline->Illuminate\\Pipeline\\{closure}(Object(Illuminate\\Http\\Request))
#33 D:\\PROYECTOS\\IMPORTACIONES RAMIREZ\\ERP-RAMIREZ\\vendor\\laravel\\framework\\src\\Illuminate\\Pipeline\\Pipeline.php(180): Barryvdh\\Debugbar\\Middleware\\InjectDebugbar->handle(Object(Illuminate\\Http\\Request), Object(Closure))
#34 D:\\PROYECTOS\\IMPORTACIONES RAMIREZ\\ERP-RAMIREZ\\vendor\\laravel\\framework\\src\\Illuminate\\Foundation\\Http\\Middleware\\TransformsRequest.php(21): Illuminate\\Pipeline\\Pipeline->Illuminate\\Pipeline\\{closure}(Object(Illuminate\\Http\\Request))
#35 D:\\PROYECTOS\\IMPORTACIONES RAMIREZ\\ERP-RAMIREZ\\vendor\\laravel\\framework\\src\\Illuminate\\Foundation\\Http\\Middleware\\ConvertEmptyStringsToNull.php(31): Illuminate\\Foundation\\Http\\Middleware\\TransformsRequest->handle(Object(Illuminate\\Http\\Request), Object(Closure))
#36 D:\\PROYECTOS\\IMPORTACIONES RAMIREZ\\ERP-RAMIREZ\\vendor\\laravel\\framework\\src\\Illuminate\\Pipeline\\Pipeline.php(180): Illuminate\\Foundation\\Http\\Middleware\\ConvertEmptyStringsToNull->handle(Object(Illuminate\\Http\\Request), Object(Closure))
#37 D:\\PROYECTOS\\IMPORTACIONES RAMIREZ\\ERP-RAMIREZ\\vendor\\laravel\\framework\\src\\Illuminate\\Foundation\\Http\\Middleware\\TransformsRequest.php(21): Illuminate\\Pipeline\\Pipeline->Illuminate\\Pipeline\\{closure}(Object(Illuminate\\Http\\Request))
#38 D:\\PROYECTOS\\IMPORTACIONES RAMIREZ\\ERP-RAMIREZ\\vendor\\laravel\\framework\\src\\Illuminate\\Foundation\\Http\\Middleware\\TrimStrings.php(40): Illuminate\\Foundation\\Http\\Middleware\\TransformsRequest->handle(Object(Illuminate\\Http\\Request), Object(Closure))
#39 D:\\PROYECTOS\\IMPORTACIONES RAMIREZ\\ERP-RAMIREZ\\vendor\\laravel\\framework\\src\\Illuminate\\Pipeline\\Pipeline.php(180): Illuminate\\Foundation\\Http\\Middleware\\TrimStrings->handle(Object(Illuminate\\Http\\Request), Object(Closure))
#40 D:\\PROYECTOS\\IMPORTACIONES RAMIREZ\\ERP-RAMIREZ\\vendor\\laravel\\framework\\src\\Illuminate\\Foundation\\Http\\Middleware\\ValidatePostSize.php(27): Illuminate\\Pipeline\\Pipeline->Illuminate\\Pipeline\\{closure}(Object(Illuminate\\Http\\Request))
#41 D:\\PROYECTOS\\IMPORTACIONES RAMIREZ\\ERP-RAMIREZ\\vendor\\laravel\\framework\\src\\Illuminate\\Pipeline\\Pipeline.php(180): Illuminate\\Foundation\\Http\\Middleware\\ValidatePostSize->handle(Object(Illuminate\\Http\\Request), Object(Closure))
#42 D:\\PROYECTOS\\IMPORTACIONES RAMIREZ\\ERP-RAMIREZ\\vendor\\laravel\\framework\\src\\Illuminate\\Foundation\\Http\\Middleware\\PreventRequestsDuringMaintenance.php(86): Illuminate\\Pipeline\\Pipeline->Illuminate\\Pipeline\\{closure}(Object(Illuminate\\Http\\Request))
#43 D:\\PROYECTOS\\IMPORTACIONES RAMIREZ\\ERP-RAMIREZ\\vendor\\laravel\\framework\\src\\Illuminate\\Pipeline\\Pipeline.php(180): Illuminate\\Foundation\\Http\\Middleware\\PreventRequestsDuringMaintenance->handle(Object(Illuminate\\Http\\Request), Object(Closure))
#44 D:\\PROYECTOS\\IMPORTACIONES RAMIREZ\\ERP-RAMIREZ\\vendor\\laravel\\framework\\src\\Illuminate\\Http\\Middleware\\HandleCors.php(49): Illuminate\\Pipeline\\Pipeline->Illuminate\\Pipeline\\{closure}(Object(Illuminate\\Http\\Request))
#45 D:\\PROYECTOS\\IMPORTACIONES RAMIREZ\\ERP-RAMIREZ\\vendor\\laravel\\framework\\src\\Illuminate\\Pipeline\\Pipeline.php(180): Illuminate\\Http\\Middleware\\HandleCors->handle(Object(Illuminate\\Http\\Request), Object(Closure))
#46 D:\\PROYECTOS\\IMPORTACIONES RAMIREZ\\ERP-RAMIREZ\\vendor\\laravel\\framework\\src\\Illuminate\\Http\\Middleware\\TrustProxies.php(39): Illuminate\\Pipeline\\Pipeline->Illuminate\\Pipeline\\{closure}(Object(Illuminate\\Http\\Request))
#47 D:\\PROYECTOS\\IMPORTACIONES RAMIREZ\\ERP-RAMIREZ\\vendor\\laravel\\framework\\src\\Illuminate\\Pipeline\\Pipeline.php(180): Illuminate\\Http\\Middleware\\TrustProxies->handle(Object(Illuminate\\Http\\Request), Object(Closure))
#48 D:\\PROYECTOS\\IMPORTACIONES RAMIREZ\\ERP-RAMIREZ\\vendor\\laravel\\framework\\src\\Illuminate\\Pipeline\\Pipeline.php(116): Illuminate\\Pipeline\\Pipeline->Illuminate\\Pipeline\\{closure}(Object(Illuminate\\Http\\Request))
#49 D:\\PROYECTOS\\IMPORTACIONES RAMIREZ\\ERP-RAMIREZ\\vendor\\laravel\\framework\\src\\Illuminate\\Foundation\\Http\\Kernel.php(165): Illuminate\\Pipeline\\Pipeline->then(Object(Closure))
#50 D:\\PROYECTOS\\IMPORTACIONES RAMIREZ\\ERP-RAMIREZ\\vendor\\laravel\\framework\\src\\Illuminate\\Foundation\\Http\\Kernel.php(134): Illuminate\\Foundation\\Http\\Kernel->sendRequestThroughRouter(Object(Illuminate\\Http\\Request))
#51 D:\\PROYECTOS\\IMPORTACIONES RAMIREZ\\ERP-RAMIREZ\\public\\index.php(51): Illuminate\\Foundation\\Http\\Kernel->handle(Object(Illuminate\\Http\\Request))
#52 D:\\PROYECTOS\\IMPORTACIONES RAMIREZ\\ERP-RAMIREZ\\vendor\\laravel\\framework\\src\\Illuminate\\Foundation\\resources\\server.php(16): require_once('D:\\\\PROYECTOS\\\\IM...')
#53 {main}
"} 
[2025-01-19 01:06:55] live.ERROR: View [sale_pos.pdf] not found. {"userId":1,"exception":"[object] (InvalidArgumentException(code: 0): View [sale_pos.pdf] not found. at D:\\PROYECTOS\\IMPORTACIONES RAMIREZ\\ERP-RAMIREZ\\vendor\\laravel\\framework\\src\\Illuminate\\View\\FileViewFinder.php:137)
[stacktrace]
#0 D:\\PROYECTOS\\IMPORTACIONES RAMIREZ\\ERP-RAMIREZ\\vendor\\laravel\\framework\\src\\Illuminate\\View\\FileViewFinder.php(79): Illuminate\\View\\FileViewFinder->findInPaths('sale_pos.pdf', Array)
#1 D:\\PROYECTOS\\IMPORTACIONES RAMIREZ\\ERP-RAMIREZ\\vendor\\laravel\\framework\\src\\Illuminate\\View\\Factory.php(137): Illuminate\\View\\FileViewFinder->find('sale_pos.pdf')
#2 D:\\PROYECTOS\\IMPORTACIONES RAMIREZ\\ERP-RAMIREZ\\vendor\\barryvdh\\laravel-dompdf\\src\\PDF.php(125): Illuminate\\View\\Factory->make('sale_pos.pdf', Array, Array)
#3 D:\\PROYECTOS\\IMPORTACIONES RAMIREZ\\ERP-RAMIREZ\\app\\Http\\Controllers\\SellController.php(1711): Barryvdh\\DomPDF\\PDF->loadView('sale_pos.pdf', Array)
#4 D:\\PROYECTOS\\IMPORTACIONES RAMIREZ\\ERP-RAMIREZ\\vendor\\laravel\\framework\\src\\Illuminate\\Routing\\Controller.php(54): App\\Http\\Controllers\\SellController->contrato(Object(Illuminate\\Http\\Request))
#5 D:\\PROYECTOS\\IMPORTACIONES RAMIREZ\\ERP-RAMIREZ\\vendor\\laravel\\framework\\src\\Illuminate\\Routing\\ControllerDispatcher.php(43): Illuminate\\Routing\\Controller->callAction('contrato', Array)
#6 D:\\PROYECTOS\\IMPORTACIONES RAMIREZ\\ERP-RAMIREZ\\vendor\\laravel\\framework\\src\\Illuminate\\Routing\\Route.php(259): Illuminate\\Routing\\ControllerDispatcher->dispatch(Object(Illuminate\\Routing\\Route), Object(App\\Http\\Controllers\\SellController), 'contrato')
#7 D:\\PROYECTOS\\IMPORTACIONES RAMIREZ\\ERP-RAMIREZ\\vendor\\laravel\\framework\\src\\Illuminate\\Routing\\Route.php(205): Illuminate\\Routing\\Route->runController()
#8 D:\\PROYECTOS\\IMPORTACIONES RAMIREZ\\ERP-RAMIREZ\\vendor\\laravel\\framework\\src\\Illuminate\\Routing\\Router.php(798): Illuminate\\Routing\\Route->run()
#9 D:\\PROYECTOS\\IMPORTACIONES RAMIREZ\\ERP-RAMIREZ\\vendor\\laravel\\framework\\src\\Illuminate\\Pipeline\\Pipeline.php(141): Illuminate\\Routing\\Router->Illuminate\\Routing\\{closure}(Object(Illuminate\\Http\\Request))
#10 D:\\PROYECTOS\\IMPORTACIONES RAMIREZ\\ERP-RAMIREZ\\vendor\\laravel\\framework\\src\\Illuminate\\Routing\\Middleware\\SubstituteBindings.php(50): Illuminate\\Pipeline\\Pipeline->Illuminate\\Pipeline\\{closure}(Object(Illuminate\\Http\\Request))
#11 D:\\PROYECTOS\\IMPORTACIONES RAMIREZ\\ERP-RAMIREZ\\vendor\\laravel\\framework\\src\\Illuminate\\Pipeline\\Pipeline.php(180): Illuminate\\Routing\\Middleware\\SubstituteBindings->handle(Object(Illuminate\\Http\\Request), Object(Closure))
#12 D:\\PROYECTOS\\IMPORTACIONES RAMIREZ\\ERP-RAMIREZ\\vendor\\laravel\\framework\\src\\Illuminate\\Auth\\Middleware\\Authenticate.php(44): Illuminate\\Pipeline\\Pipeline->Illuminate\\Pipeline\\{closure}(Object(Illuminate\\Http\\Request))
#13 D:\\PROYECTOS\\IMPORTACIONES RAMIREZ\\ERP-RAMIREZ\\vendor\\laravel\\framework\\src\\Illuminate\\Pipeline\\Pipeline.php(180): Illuminate\\Auth\\Middleware\\Authenticate->handle(Object(Illuminate\\Http\\Request), Object(Closure))
#14 D:\\PROYECTOS\\IMPORTACIONES RAMIREZ\\ERP-RAMIREZ\\vendor\\laravel\\framework\\src\\Illuminate\\Foundation\\Http\\Middleware\\VerifyCsrfToken.php(78): Illuminate\\Pipeline\\Pipeline->Illuminate\\Pipeline\\{closure}(Object(Illuminate\\Http\\Request))
#15 D:\\PROYECTOS\\IMPORTACIONES RAMIREZ\\ERP-RAMIREZ\\vendor\\laravel\\framework\\src\\Illuminate\\Pipeline\\Pipeline.php(180): Illuminate\\Foundation\\Http\\Middleware\\VerifyCsrfToken->handle(Object(Illuminate\\Http\\Request), Object(Closure))
#16 D:\\PROYECTOS\\IMPORTACIONES RAMIREZ\\ERP-RAMIREZ\\vendor\\laravel\\framework\\src\\Illuminate\\View\\Middleware\\ShareErrorsFromSession.php(49): Illuminate\\Pipeline\\Pipeline->Illuminate\\Pipeline\\{closure}(Object(Illuminate\\Http\\Request))
#17 D:\\PROYECTOS\\IMPORTACIONES RAMIREZ\\ERP-RAMIREZ\\vendor\\laravel\\framework\\src\\Illuminate\\Pipeline\\Pipeline.php(180): Illuminate\\View\\Middleware\\ShareErrorsFromSession->handle(Object(Illuminate\\Http\\Request), Object(Closure))
#18 D:\\PROYECTOS\\IMPORTACIONES RAMIREZ\\ERP-RAMIREZ\\vendor\\laravel\\framework\\src\\Illuminate\\Session\\Middleware\\StartSession.php(121): Illuminate\\Pipeline\\Pipeline->Illuminate\\Pipeline\\{closure}(Object(Illuminate\\Http\\Request))
#19 D:\\PROYECTOS\\IMPORTACIONES RAMIREZ\\ERP-RAMIREZ\\vendor\\laravel\\framework\\src\\Illuminate\\Session\\Middleware\\StartSession.php(64): Illuminate\\Session\\Middleware\\StartSession->handleStatefulRequest(Object(Illuminate\\Http\\Request), Object(Illuminate\\Session\\Store), Object(Closure))
#20 D:\\PROYECTOS\\IMPORTACIONES RAMIREZ\\ERP-RAMIREZ\\vendor\\laravel\\framework\\src\\Illuminate\\Pipeline\\Pipeline.php(180): Illuminate\\Session\\Middleware\\StartSession->handle(Object(Illuminate\\Http\\Request), Object(Closure))
#21 D:\\PROYECTOS\\IMPORTACIONES RAMIREZ\\ERP-RAMIREZ\\vendor\\laravel\\framework\\src\\Illuminate\\Cookie\\Middleware\\AddQueuedCookiesToResponse.php(37): Illuminate\\Pipeline\\Pipeline->Illuminate\\Pipeline\\{closure}(Object(Illuminate\\Http\\Request))
#22 D:\\PROYECTOS\\IMPORTACIONES RAMIREZ\\ERP-RAMIREZ\\vendor\\laravel\\framework\\src\\Illuminate\\Pipeline\\Pipeline.php(180): Illuminate\\Cookie\\Middleware\\AddQueuedCookiesToResponse->handle(Object(Illuminate\\Http\\Request), Object(Closure))
#23 D:\\PROYECTOS\\IMPORTACIONES RAMIREZ\\ERP-RAMIREZ\\vendor\\laravel\\framework\\src\\Illuminate\\Cookie\\Middleware\\EncryptCookies.php(67): Illuminate\\Pipeline\\Pipeline->Illuminate\\Pipeline\\{closure}(Object(Illuminate\\Http\\Request))
#24 D:\\PROYECTOS\\IMPORTACIONES RAMIREZ\\ERP-RAMIREZ\\vendor\\laravel\\framework\\src\\Illuminate\\Pipeline\\Pipeline.php(180): Illuminate\\Cookie\\Middleware\\EncryptCookies->handle(Object(Illuminate\\Http\\Request), Object(Closure))
#25 D:\\PROYECTOS\\IMPORTACIONES RAMIREZ\\ERP-RAMIREZ\\vendor\\laravel\\framework\\src\\Illuminate\\Pipeline\\Pipeline.php(116): Illuminate\\Pipeline\\Pipeline->Illuminate\\Pipeline\\{closure}(Object(Illuminate\\Http\\Request))
#26 D:\\PROYECTOS\\IMPORTACIONES RAMIREZ\\ERP-RAMIREZ\\vendor\\laravel\\framework\\src\\Illuminate\\Routing\\Router.php(797): Illuminate\\Pipeline\\Pipeline->then(Object(Closure))
#27 D:\\PROYECTOS\\IMPORTACIONES RAMIREZ\\ERP-RAMIREZ\\vendor\\laravel\\framework\\src\\Illuminate\\Routing\\Router.php(776): Illuminate\\Routing\\Router->runRouteWithinStack(Object(Illuminate\\Routing\\Route), Object(Illuminate\\Http\\Request))
#28 D:\\PROYECTOS\\IMPORTACIONES RAMIREZ\\ERP-RAMIREZ\\vendor\\laravel\\framework\\src\\Illuminate\\Routing\\Router.php(740): Illuminate\\Routing\\Router->runRoute(Object(Illuminate\\Http\\Request), Object(Illuminate\\Routing\\Route))
#29 D:\\PROYECTOS\\IMPORTACIONES RAMIREZ\\ERP-RAMIREZ\\vendor\\laravel\\framework\\src\\Illuminate\\Routing\\Router.php(729): Illuminate\\Routing\\Router->dispatchToRoute(Object(Illuminate\\Http\\Request))
#30 D:\\PROYECTOS\\IMPORTACIONES RAMIREZ\\ERP-RAMIREZ\\vendor\\laravel\\framework\\src\\Illuminate\\Foundation\\Http\\Kernel.php(190): Illuminate\\Routing\\Router->dispatch(Object(Illuminate\\Http\\Request))
#31 D:\\PROYECTOS\\IMPORTACIONES RAMIREZ\\ERP-RAMIREZ\\vendor\\laravel\\framework\\src\\Illuminate\\Pipeline\\Pipeline.php(141): Illuminate\\Foundation\\Http\\Kernel->Illuminate\\Foundation\\Http\\{closure}(Object(Illuminate\\Http\\Request))
#32 D:\\PROYECTOS\\IMPORTACIONES RAMIREZ\\ERP-RAMIREZ\\vendor\\barryvdh\\laravel-debugbar\\src\\Middleware\\InjectDebugbar.php(59): Illuminate\\Pipeline\\Pipeline->Illuminate\\Pipeline\\{closure}(Object(Illuminate\\Http\\Request))
#33 D:\\PROYECTOS\\IMPORTACIONES RAMIREZ\\ERP-RAMIREZ\\vendor\\laravel\\framework\\src\\Illuminate\\Pipeline\\Pipeline.php(180): Barryvdh\\Debugbar\\Middleware\\InjectDebugbar->handle(Object(Illuminate\\Http\\Request), Object(Closure))
#34 D:\\PROYECTOS\\IMPORTACIONES RAMIREZ\\ERP-RAMIREZ\\vendor\\laravel\\framework\\src\\Illuminate\\Foundation\\Http\\Middleware\\TransformsRequest.php(21): Illuminate\\Pipeline\\Pipeline->Illuminate\\Pipeline\\{closure}(Object(Illuminate\\Http\\Request))
#35 D:\\PROYECTOS\\IMPORTACIONES RAMIREZ\\ERP-RAMIREZ\\vendor\\laravel\\framework\\src\\Illuminate\\Foundation\\Http\\Middleware\\ConvertEmptyStringsToNull.php(31): Illuminate\\Foundation\\Http\\Middleware\\TransformsRequest->handle(Object(Illuminate\\Http\\Request), Object(Closure))
#36 D:\\PROYECTOS\\IMPORTACIONES RAMIREZ\\ERP-RAMIREZ\\vendor\\laravel\\framework\\src\\Illuminate\\Pipeline\\Pipeline.php(180): Illuminate\\Foundation\\Http\\Middleware\\ConvertEmptyStringsToNull->handle(Object(Illuminate\\Http\\Request), Object(Closure))
#37 D:\\PROYECTOS\\IMPORTACIONES RAMIREZ\\ERP-RAMIREZ\\vendor\\laravel\\framework\\src\\Illuminate\\Foundation\\Http\\Middleware\\TransformsRequest.php(21): Illuminate\\Pipeline\\Pipeline->Illuminate\\Pipeline\\{closure}(Object(Illuminate\\Http\\Request))
#38 D:\\PROYECTOS\\IMPORTACIONES RAMIREZ\\ERP-RAMIREZ\\vendor\\laravel\\framework\\src\\Illuminate\\Foundation\\Http\\Middleware\\TrimStrings.php(40): Illuminate\\Foundation\\Http\\Middleware\\TransformsRequest->handle(Object(Illuminate\\Http\\Request), Object(Closure))
#39 D:\\PROYECTOS\\IMPORTACIONES RAMIREZ\\ERP-RAMIREZ\\vendor\\laravel\\framework\\src\\Illuminate\\Pipeline\\Pipeline.php(180): Illuminate\\Foundation\\Http\\Middleware\\TrimStrings->handle(Object(Illuminate\\Http\\Request), Object(Closure))
#40 D:\\PROYECTOS\\IMPORTACIONES RAMIREZ\\ERP-RAMIREZ\\vendor\\laravel\\framework\\src\\Illuminate\\Foundation\\Http\\Middleware\\ValidatePostSize.php(27): Illuminate\\Pipeline\\Pipeline->Illuminate\\Pipeline\\{closure}(Object(Illuminate\\Http\\Request))
#41 D:\\PROYECTOS\\IMPORTACIONES RAMIREZ\\ERP-RAMIREZ\\vendor\\laravel\\framework\\src\\Illuminate\\Pipeline\\Pipeline.php(180): Illuminate\\Foundation\\Http\\Middleware\\ValidatePostSize->handle(Object(Illuminate\\Http\\Request), Object(Closure))
#42 D:\\PROYECTOS\\IMPORTACIONES RAMIREZ\\ERP-RAMIREZ\\vendor\\laravel\\framework\\src\\Illuminate\\Foundation\\Http\\Middleware\\PreventRequestsDuringMaintenance.php(86): Illuminate\\Pipeline\\Pipeline->Illuminate\\Pipeline\\{closure}(Object(Illuminate\\Http\\Request))
#43 D:\\PROYECTOS\\IMPORTACIONES RAMIREZ\\ERP-RAMIREZ\\vendor\\laravel\\framework\\src\\Illuminate\\Pipeline\\Pipeline.php(180): Illuminate\\Foundation\\Http\\Middleware\\PreventRequestsDuringMaintenance->handle(Object(Illuminate\\Http\\Request), Object(Closure))
#44 D:\\PROYECTOS\\IMPORTACIONES RAMIREZ\\ERP-RAMIREZ\\vendor\\laravel\\framework\\src\\Illuminate\\Http\\Middleware\\HandleCors.php(49): Illuminate\\Pipeline\\Pipeline->Illuminate\\Pipeline\\{closure}(Object(Illuminate\\Http\\Request))
#45 D:\\PROYECTOS\\IMPORTACIONES RAMIREZ\\ERP-RAMIREZ\\vendor\\laravel\\framework\\src\\Illuminate\\Pipeline\\Pipeline.php(180): Illuminate\\Http\\Middleware\\HandleCors->handle(Object(Illuminate\\Http\\Request), Object(Closure))
#46 D:\\PROYECTOS\\IMPORTACIONES RAMIREZ\\ERP-RAMIREZ\\vendor\\laravel\\framework\\src\\Illuminate\\Http\\Middleware\\TrustProxies.php(39): Illuminate\\Pipeline\\Pipeline->Illuminate\\Pipeline\\{closure}(Object(Illuminate\\Http\\Request))
#47 D:\\PROYECTOS\\IMPORTACIONES RAMIREZ\\ERP-RAMIREZ\\vendor\\laravel\\framework\\src\\Illuminate\\Pipeline\\Pipeline.php(180): Illuminate\\Http\\Middleware\\TrustProxies->handle(Object(Illuminate\\Http\\Request), Object(Closure))
#48 D:\\PROYECTOS\\IMPORTACIONES RAMIREZ\\ERP-RAMIREZ\\vendor\\laravel\\framework\\src\\Illuminate\\Pipeline\\Pipeline.php(116): Illuminate\\Pipeline\\Pipeline->Illuminate\\Pipeline\\{closure}(Object(Illuminate\\Http\\Request))
#49 D:\\PROYECTOS\\IMPORTACIONES RAMIREZ\\ERP-RAMIREZ\\vendor\\laravel\\framework\\src\\Illuminate\\Foundation\\Http\\Kernel.php(165): Illuminate\\Pipeline\\Pipeline->then(Object(Closure))
#50 D:\\PROYECTOS\\IMPORTACIONES RAMIREZ\\ERP-RAMIREZ\\vendor\\laravel\\framework\\src\\Illuminate\\Foundation\\Http\\Kernel.php(134): Illuminate\\Foundation\\Http\\Kernel->sendRequestThroughRouter(Object(Illuminate\\Http\\Request))
#51 D:\\PROYECTOS\\IMPORTACIONES RAMIREZ\\ERP-RAMIREZ\\public\\index.php(51): Illuminate\\Foundation\\Http\\Kernel->handle(Object(Illuminate\\Http\\Request))
#52 D:\\PROYECTOS\\IMPORTACIONES RAMIREZ\\ERP-RAMIREZ\\vendor\\laravel\\framework\\src\\Illuminate\\Foundation\\resources\\server.php(16): require_once('D:\\\\PROYECTOS\\\\IM...')
#53 {main}
"} 
[2025-01-19 01:07:04] live.ERROR: View [sale_pos.pdf] not found. {"userId":1,"exception":"[object] (InvalidArgumentException(code: 0): View [sale_pos.pdf] not found. at D:\\PROYECTOS\\IMPORTACIONES RAMIREZ\\ERP-RAMIREZ\\vendor\\laravel\\framework\\src\\Illuminate\\View\\FileViewFinder.php:137)
[stacktrace]
#0 D:\\PROYECTOS\\IMPORTACIONES RAMIREZ\\ERP-RAMIREZ\\vendor\\laravel\\framework\\src\\Illuminate\\View\\FileViewFinder.php(79): Illuminate\\View\\FileViewFinder->findInPaths('sale_pos.pdf', Array)
#1 D:\\PROYECTOS\\IMPORTACIONES RAMIREZ\\ERP-RAMIREZ\\vendor\\laravel\\framework\\src\\Illuminate\\View\\Factory.php(137): Illuminate\\View\\FileViewFinder->find('sale_pos.pdf')
#2 D:\\PROYECTOS\\IMPORTACIONES RAMIREZ\\ERP-RAMIREZ\\vendor\\barryvdh\\laravel-dompdf\\src\\PDF.php(125): Illuminate\\View\\Factory->make('sale_pos.pdf', Array, Array)
#3 D:\\PROYECTOS\\IMPORTACIONES RAMIREZ\\ERP-RAMIREZ\\app\\Http\\Controllers\\SellController.php(1711): Barryvdh\\DomPDF\\PDF->loadView('sale_pos.pdf', Array)
#4 D:\\PROYECTOS\\IMPORTACIONES RAMIREZ\\ERP-RAMIREZ\\vendor\\laravel\\framework\\src\\Illuminate\\Routing\\Controller.php(54): App\\Http\\Controllers\\SellController->contrato(Object(Illuminate\\Http\\Request))
#5 D:\\PROYECTOS\\IMPORTACIONES RAMIREZ\\ERP-RAMIREZ\\vendor\\laravel\\framework\\src\\Illuminate\\Routing\\ControllerDispatcher.php(43): Illuminate\\Routing\\Controller->callAction('contrato', Array)
#6 D:\\PROYECTOS\\IMPORTACIONES RAMIREZ\\ERP-RAMIREZ\\vendor\\laravel\\framework\\src\\Illuminate\\Routing\\Route.php(259): Illuminate\\Routing\\ControllerDispatcher->dispatch(Object(Illuminate\\Routing\\Route), Object(App\\Http\\Controllers\\SellController), 'contrato')
#7 D:\\PROYECTOS\\IMPORTACIONES RAMIREZ\\ERP-RAMIREZ\\vendor\\laravel\\framework\\src\\Illuminate\\Routing\\Route.php(205): Illuminate\\Routing\\Route->runController()
#8 D:\\PROYECTOS\\IMPORTACIONES RAMIREZ\\ERP-RAMIREZ\\vendor\\laravel\\framework\\src\\Illuminate\\Routing\\Router.php(798): Illuminate\\Routing\\Route->run()
#9 D:\\PROYECTOS\\IMPORTACIONES RAMIREZ\\ERP-RAMIREZ\\vendor\\laravel\\framework\\src\\Illuminate\\Pipeline\\Pipeline.php(141): Illuminate\\Routing\\Router->Illuminate\\Routing\\{closure}(Object(Illuminate\\Http\\Request))
#10 D:\\PROYECTOS\\IMPORTACIONES RAMIREZ\\ERP-RAMIREZ\\vendor\\laravel\\framework\\src\\Illuminate\\Routing\\Middleware\\SubstituteBindings.php(50): Illuminate\\Pipeline\\Pipeline->Illuminate\\Pipeline\\{closure}(Object(Illuminate\\Http\\Request))
#11 D:\\PROYECTOS\\IMPORTACIONES RAMIREZ\\ERP-RAMIREZ\\vendor\\laravel\\framework\\src\\Illuminate\\Pipeline\\Pipeline.php(180): Illuminate\\Routing\\Middleware\\SubstituteBindings->handle(Object(Illuminate\\Http\\Request), Object(Closure))
#12 D:\\PROYECTOS\\IMPORTACIONES RAMIREZ\\ERP-RAMIREZ\\vendor\\laravel\\framework\\src\\Illuminate\\Auth\\Middleware\\Authenticate.php(44): Illuminate\\Pipeline\\Pipeline->Illuminate\\Pipeline\\{closure}(Object(Illuminate\\Http\\Request))
#13 D:\\PROYECTOS\\IMPORTACIONES RAMIREZ\\ERP-RAMIREZ\\vendor\\laravel\\framework\\src\\Illuminate\\Pipeline\\Pipeline.php(180): Illuminate\\Auth\\Middleware\\Authenticate->handle(Object(Illuminate\\Http\\Request), Object(Closure))
#14 D:\\PROYECTOS\\IMPORTACIONES RAMIREZ\\ERP-RAMIREZ\\vendor\\laravel\\framework\\src\\Illuminate\\Foundation\\Http\\Middleware\\VerifyCsrfToken.php(78): Illuminate\\Pipeline\\Pipeline->Illuminate\\Pipeline\\{closure}(Object(Illuminate\\Http\\Request))
#15 D:\\PROYECTOS\\IMPORTACIONES RAMIREZ\\ERP-RAMIREZ\\vendor\\laravel\\framework\\src\\Illuminate\\Pipeline\\Pipeline.php(180): Illuminate\\Foundation\\Http\\Middleware\\VerifyCsrfToken->handle(Object(Illuminate\\Http\\Request), Object(Closure))
#16 D:\\PROYECTOS\\IMPORTACIONES RAMIREZ\\ERP-RAMIREZ\\vendor\\laravel\\framework\\src\\Illuminate\\View\\Middleware\\ShareErrorsFromSession.php(49): Illuminate\\Pipeline\\Pipeline->Illuminate\\Pipeline\\{closure}(Object(Illuminate\\Http\\Request))
#17 D:\\PROYECTOS\\IMPORTACIONES RAMIREZ\\ERP-RAMIREZ\\vendor\\laravel\\framework\\src\\Illuminate\\Pipeline\\Pipeline.php(180): Illuminate\\View\\Middleware\\ShareErrorsFromSession->handle(Object(Illuminate\\Http\\Request), Object(Closure))
#18 D:\\PROYECTOS\\IMPORTACIONES RAMIREZ\\ERP-RAMIREZ\\vendor\\laravel\\framework\\src\\Illuminate\\Session\\Middleware\\StartSession.php(121): Illuminate\\Pipeline\\Pipeline->Illuminate\\Pipeline\\{closure}(Object(Illuminate\\Http\\Request))
#19 D:\\PROYECTOS\\IMPORTACIONES RAMIREZ\\ERP-RAMIREZ\\vendor\\laravel\\framework\\src\\Illuminate\\Session\\Middleware\\StartSession.php(64): Illuminate\\Session\\Middleware\\StartSession->handleStatefulRequest(Object(Illuminate\\Http\\Request), Object(Illuminate\\Session\\Store), Object(Closure))
#20 D:\\PROYECTOS\\IMPORTACIONES RAMIREZ\\ERP-RAMIREZ\\vendor\\laravel\\framework\\src\\Illuminate\\Pipeline\\Pipeline.php(180): Illuminate\\Session\\Middleware\\StartSession->handle(Object(Illuminate\\Http\\Request), Object(Closure))
#21 D:\\PROYECTOS\\IMPORTACIONES RAMIREZ\\ERP-RAMIREZ\\vendor\\laravel\\framework\\src\\Illuminate\\Cookie\\Middleware\\AddQueuedCookiesToResponse.php(37): Illuminate\\Pipeline\\Pipeline->Illuminate\\Pipeline\\{closure}(Object(Illuminate\\Http\\Request))
#22 D:\\PROYECTOS\\IMPORTACIONES RAMIREZ\\ERP-RAMIREZ\\vendor\\laravel\\framework\\src\\Illuminate\\Pipeline\\Pipeline.php(180): Illuminate\\Cookie\\Middleware\\AddQueuedCookiesToResponse->handle(Object(Illuminate\\Http\\Request), Object(Closure))
#23 D:\\PROYECTOS\\IMPORTACIONES RAMIREZ\\ERP-RAMIREZ\\vendor\\laravel\\framework\\src\\Illuminate\\Cookie\\Middleware\\EncryptCookies.php(67): Illuminate\\Pipeline\\Pipeline->Illuminate\\Pipeline\\{closure}(Object(Illuminate\\Http\\Request))
#24 D:\\PROYECTOS\\IMPORTACIONES RAMIREZ\\ERP-RAMIREZ\\vendor\\laravel\\framework\\src\\Illuminate\\Pipeline\\Pipeline.php(180): Illuminate\\Cookie\\Middleware\\EncryptCookies->handle(Object(Illuminate\\Http\\Request), Object(Closure))
#25 D:\\PROYECTOS\\IMPORTACIONES RAMIREZ\\ERP-RAMIREZ\\vendor\\laravel\\framework\\src\\Illuminate\\Pipeline\\Pipeline.php(116): Illuminate\\Pipeline\\Pipeline->Illuminate\\Pipeline\\{closure}(Object(Illuminate\\Http\\Request))
#26 D:\\PROYECTOS\\IMPORTACIONES RAMIREZ\\ERP-RAMIREZ\\vendor\\laravel\\framework\\src\\Illuminate\\Routing\\Router.php(797): Illuminate\\Pipeline\\Pipeline->then(Object(Closure))
#27 D:\\PROYECTOS\\IMPORTACIONES RAMIREZ\\ERP-RAMIREZ\\vendor\\laravel\\framework\\src\\Illuminate\\Routing\\Router.php(776): Illuminate\\Routing\\Router->runRouteWithinStack(Object(Illuminate\\Routing\\Route), Object(Illuminate\\Http\\Request))
#28 D:\\PROYECTOS\\IMPORTACIONES RAMIREZ\\ERP-RAMIREZ\\vendor\\laravel\\framework\\src\\Illuminate\\Routing\\Router.php(740): Illuminate\\Routing\\Router->runRoute(Object(Illuminate\\Http\\Request), Object(Illuminate\\Routing\\Route))
#29 D:\\PROYECTOS\\IMPORTACIONES RAMIREZ\\ERP-RAMIREZ\\vendor\\laravel\\framework\\src\\Illuminate\\Routing\\Router.php(729): Illuminate\\Routing\\Router->dispatchToRoute(Object(Illuminate\\Http\\Request))
#30 D:\\PROYECTOS\\IMPORTACIONES RAMIREZ\\ERP-RAMIREZ\\vendor\\laravel\\framework\\src\\Illuminate\\Foundation\\Http\\Kernel.php(190): Illuminate\\Routing\\Router->dispatch(Object(Illuminate\\Http\\Request))
#31 D:\\PROYECTOS\\IMPORTACIONES RAMIREZ\\ERP-RAMIREZ\\vendor\\laravel\\framework\\src\\Illuminate\\Pipeline\\Pipeline.php(141): Illuminate\\Foundation\\Http\\Kernel->Illuminate\\Foundation\\Http\\{closure}(Object(Illuminate\\Http\\Request))
#32 D:\\PROYECTOS\\IMPORTACIONES RAMIREZ\\ERP-RAMIREZ\\vendor\\barryvdh\\laravel-debugbar\\src\\Middleware\\InjectDebugbar.php(59): Illuminate\\Pipeline\\Pipeline->Illuminate\\Pipeline\\{closure}(Object(Illuminate\\Http\\Request))
#33 D:\\PROYECTOS\\IMPORTACIONES RAMIREZ\\ERP-RAMIREZ\\vendor\\laravel\\framework\\src\\Illuminate\\Pipeline\\Pipeline.php(180): Barryvdh\\Debugbar\\Middleware\\InjectDebugbar->handle(Object(Illuminate\\Http\\Request), Object(Closure))
#34 D:\\PROYECTOS\\IMPORTACIONES RAMIREZ\\ERP-RAMIREZ\\vendor\\laravel\\framework\\src\\Illuminate\\Foundation\\Http\\Middleware\\TransformsRequest.php(21): Illuminate\\Pipeline\\Pipeline->Illuminate\\Pipeline\\{closure}(Object(Illuminate\\Http\\Request))
#35 D:\\PROYECTOS\\IMPORTACIONES RAMIREZ\\ERP-RAMIREZ\\vendor\\laravel\\framework\\src\\Illuminate\\Foundation\\Http\\Middleware\\ConvertEmptyStringsToNull.php(31): Illuminate\\Foundation\\Http\\Middleware\\TransformsRequest->handle(Object(Illuminate\\Http\\Request), Object(Closure))
#36 D:\\PROYECTOS\\IMPORTACIONES RAMIREZ\\ERP-RAMIREZ\\vendor\\laravel\\framework\\src\\Illuminate\\Pipeline\\Pipeline.php(180): Illuminate\\Foundation\\Http\\Middleware\\ConvertEmptyStringsToNull->handle(Object(Illuminate\\Http\\Request), Object(Closure))
#37 D:\\PROYECTOS\\IMPORTACIONES RAMIREZ\\ERP-RAMIREZ\\vendor\\laravel\\framework\\src\\Illuminate\\Foundation\\Http\\Middleware\\TransformsRequest.php(21): Illuminate\\Pipeline\\Pipeline->Illuminate\\Pipeline\\{closure}(Object(Illuminate\\Http\\Request))
#38 D:\\PROYECTOS\\IMPORTACIONES RAMIREZ\\ERP-RAMIREZ\\vendor\\laravel\\framework\\src\\Illuminate\\Foundation\\Http\\Middleware\\TrimStrings.php(40): Illuminate\\Foundation\\Http\\Middleware\\TransformsRequest->handle(Object(Illuminate\\Http\\Request), Object(Closure))
#39 D:\\PROYECTOS\\IMPORTACIONES RAMIREZ\\ERP-RAMIREZ\\vendor\\laravel\\framework\\src\\Illuminate\\Pipeline\\Pipeline.php(180): Illuminate\\Foundation\\Http\\Middleware\\TrimStrings->handle(Object(Illuminate\\Http\\Request), Object(Closure))
#40 D:\\PROYECTOS\\IMPORTACIONES RAMIREZ\\ERP-RAMIREZ\\vendor\\laravel\\framework\\src\\Illuminate\\Foundation\\Http\\Middleware\\ValidatePostSize.php(27): Illuminate\\Pipeline\\Pipeline->Illuminate\\Pipeline\\{closure}(Object(Illuminate\\Http\\Request))
#41 D:\\PROYECTOS\\IMPORTACIONES RAMIREZ\\ERP-RAMIREZ\\vendor\\laravel\\framework\\src\\Illuminate\\Pipeline\\Pipeline.php(180): Illuminate\\Foundation\\Http\\Middleware\\ValidatePostSize->handle(Object(Illuminate\\Http\\Request), Object(Closure))
#42 D:\\PROYECTOS\\IMPORTACIONES RAMIREZ\\ERP-RAMIREZ\\vendor\\laravel\\framework\\src\\Illuminate\\Foundation\\Http\\Middleware\\PreventRequestsDuringMaintenance.php(86): Illuminate\\Pipeline\\Pipeline->Illuminate\\Pipeline\\{closure}(Object(Illuminate\\Http\\Request))
#43 D:\\PROYECTOS\\IMPORTACIONES RAMIREZ\\ERP-RAMIREZ\\vendor\\laravel\\framework\\src\\Illuminate\\Pipeline\\Pipeline.php(180): Illuminate\\Foundation\\Http\\Middleware\\PreventRequestsDuringMaintenance->handle(Object(Illuminate\\Http\\Request), Object(Closure))
#44 D:\\PROYECTOS\\IMPORTACIONES RAMIREZ\\ERP-RAMIREZ\\vendor\\laravel\\framework\\src\\Illuminate\\Http\\Middleware\\HandleCors.php(49): Illuminate\\Pipeline\\Pipeline->Illuminate\\Pipeline\\{closure}(Object(Illuminate\\Http\\Request))
#45 D:\\PROYECTOS\\IMPORTACIONES RAMIREZ\\ERP-RAMIREZ\\vendor\\laravel\\framework\\src\\Illuminate\\Pipeline\\Pipeline.php(180): Illuminate\\Http\\Middleware\\HandleCors->handle(Object(Illuminate\\Http\\Request), Object(Closure))
#46 D:\\PROYECTOS\\IMPORTACIONES RAMIREZ\\ERP-RAMIREZ\\vendor\\laravel\\framework\\src\\Illuminate\\Http\\Middleware\\TrustProxies.php(39): Illuminate\\Pipeline\\Pipeline->Illuminate\\Pipeline\\{closure}(Object(Illuminate\\Http\\Request))
#47 D:\\PROYECTOS\\IMPORTACIONES RAMIREZ\\ERP-RAMIREZ\\vendor\\laravel\\framework\\src\\Illuminate\\Pipeline\\Pipeline.php(180): Illuminate\\Http\\Middleware\\TrustProxies->handle(Object(Illuminate\\Http\\Request), Object(Closure))
#48 D:\\PROYECTOS\\IMPORTACIONES RAMIREZ\\ERP-RAMIREZ\\vendor\\laravel\\framework\\src\\Illuminate\\Pipeline\\Pipeline.php(116): Illuminate\\Pipeline\\Pipeline->Illuminate\\Pipeline\\{closure}(Object(Illuminate\\Http\\Request))
#49 D:\\PROYECTOS\\IMPORTACIONES RAMIREZ\\ERP-RAMIREZ\\vendor\\laravel\\framework\\src\\Illuminate\\Foundation\\Http\\Kernel.php(165): Illuminate\\Pipeline\\Pipeline->then(Object(Closure))
#50 D:\\PROYECTOS\\IMPORTACIONES RAMIREZ\\ERP-RAMIREZ\\vendor\\laravel\\framework\\src\\Illuminate\\Foundation\\Http\\Kernel.php(134): Illuminate\\Foundation\\Http\\Kernel->sendRequestThroughRouter(Object(Illuminate\\Http\\Request))
#51 D:\\PROYECTOS\\IMPORTACIONES RAMIREZ\\ERP-RAMIREZ\\public\\index.php(51): Illuminate\\Foundation\\Http\\Kernel->handle(Object(Illuminate\\Http\\Request))
#52 D:\\PROYECTOS\\IMPORTACIONES RAMIREZ\\ERP-RAMIREZ\\vendor\\laravel\\framework\\src\\Illuminate\\Foundation\\resources\\server.php(16): require_once('D:\\\\PROYECTOS\\\\IM...')
#53 {main}
"} 
