[2025-08-21 09:23:01] local.ERROR: Unmatched ')' {"view":{"view":"D:\\PROYECTOS\\IMPORTACIONES RAMIREZ\\ERP-RAMIREZ\\resources\\views\\transaction_payment\\payment_row.blade.php","data":{"asset_v":"<pre class=sf-dump id=sf-dump-1539024635 data-indent-pad=\"  \"><span class=sf-dump-num>511</span>
</pre><script>Sfdump(\"sf-dump-1539024635\", {\"maxDepth\":3,\"maxStringLength\":160})</script>
","errors":"<pre class=sf-dump id=sf-dump-1476278330 data-indent-pad=\"  \"><span class=sf-dump-note>Illuminate\\Support\\ViewErrorBag</span> {<a class=sf-dump-ref>#3235</a><samp data-depth=1 class=sf-dump-expanded>
  #<span class=sf-dump-protected title=\"Protected property\">bags</span>: []
</samp>}
</pre><script>Sfdump(\"sf-dump-1476278330\", {\"maxDepth\":3,\"maxStringLength\":160})</script>
","transaction":"<pre class=sf-dump id=sf-dump-347638247 data-indent-pad=\"  \"><span class=sf-dump-note>App\\Transaction</span> {<a class=sf-dump-ref>#3513</a><samp data-depth=1 class=sf-dump-expanded>
  #<span class=sf-dump-protected title=\"Protected property\">connection</span>: \"<span class=sf-dump-str title=\"5 characters\">mysql</span>\"
  #<span class=sf-dump-protected title=\"Protected property\">table</span>: \"<span class=sf-dump-str title=\"12 characters\">transactions</span>\"
  #<span class=sf-dump-protected title=\"Protected property\">primaryKey</span>: \"<span class=sf-dump-str title=\"2 characters\">id</span>\"
  #<span class=sf-dump-protected title=\"Protected property\">keyType</span>: \"<span class=sf-dump-str title=\"3 characters\">int</span>\"
  +<span class=sf-dump-public title=\"Public property\">incrementing</span>: <span class=sf-dump-const>true</span>
  #<span class=sf-dump-protected title=\"Protected property\">with</span>: []
  #<span class=sf-dump-protected title=\"Protected property\">withCount</span>: []
  +<span class=sf-dump-public title=\"Public property\">preventsLazyLoading</span>: <span class=sf-dump-const>false</span>
  #<span class=sf-dump-protected title=\"Protected property\">perPage</span>: <span class=sf-dump-num>15</span>
  +<span class=sf-dump-public title=\"Public property\">exists</span>: <span class=sf-dump-const>true</span>
  +<span class=sf-dump-public title=\"Public property\">wasRecentlyCreated</span>: <span class=sf-dump-const>false</span>
  #<span class=sf-dump-protected title=\"Protected property\">escapeWhenCastingToString</span>: <span class=sf-dump-const>false</span>
  #<span class=sf-dump-protected title=\"Protected property\">attributes</span>: <span class=sf-dump-note>array:136</span> [<samp data-depth=2 class=sf-dump-compact>
    \"<span class=sf-dump-key>id</span>\" => <span class=sf-dump-num>48</span>
    \"<span class=sf-dump-key>business_id</span>\" => <span class=sf-dump-num>1</span>
    \"<span class=sf-dump-key>location_id</span>\" => <span class=sf-dump-num>1</span>
    \"<span class=sf-dump-key>journal_entry_id</span>\" => <span class=sf-dump-const>null</span>
    \"<span class=sf-dump-key>res_table_id</span>\" => <span class=sf-dump-const>null</span>
    \"<span class=sf-dump-key>res_waiter_id</span>\" => <span class=sf-dump-const>null</span>
    \"<span class=sf-dump-key>res_order_status</span>\" => <span class=sf-dump-const>null</span>
    \"<span class=sf-dump-key>type</span>\" => \"<span class=sf-dump-str title=\"8 characters\">purchase</span>\"
    \"<span class=sf-dump-key>sub_type</span>\" => <span class=sf-dump-const>null</span>
    \"<span class=sf-dump-key>status</span>\" => \"<span class=sf-dump-str title=\"7 characters\">ordered</span>\"
    \"<span class=sf-dump-key>sub_status</span>\" => <span class=sf-dump-const>null</span>
    \"<span class=sf-dump-key>is_quotation</span>\" => <span class=sf-dump-num>0</span>
    \"<span class=sf-dump-key>payment_status</span>\" => \"<span class=sf-dump-str title=\"7 characters\">partial</span>\"
    \"<span class=sf-dump-key>adjustment_type</span>\" => <span class=sf-dump-const>null</span>
    \"<span class=sf-dump-key>contact_id</span>\" => <span class=sf-dump-num>2</span>
    \"<span class=sf-dump-key>customer_group_id</span>\" => <span class=sf-dump-const>null</span>
    \"<span class=sf-dump-key>invoice_no</span>\" => <span class=sf-dump-const>null</span>
    \"<span class=sf-dump-key>ref_no</span>\" => \"<span class=sf-dump-str title=\"11 characters\">PO2025/0008</span>\"
    \"<span class=sf-dump-key>source</span>\" => <span class=sf-dump-const>null</span>
    \"<span class=sf-dump-key>subscription_no</span>\" => <span class=sf-dump-const>null</span>
    \"<span class=sf-dump-key>subscription_repeat_on</span>\" => <span class=sf-dump-const>null</span>
    \"<span class=sf-dump-key>transaction_date</span>\" => \"<span class=sf-dump-str title=\"19 characters\">2025-08-01 16:21:00</span>\"
    \"<span class=sf-dump-key>total_before_tax</span>\" => \"<span class=sf-dump-str title=\"11 characters\">148720.0000</span>\"
    \"<span class=sf-dump-key>tax_id</span>\" => <span class=sf-dump-const>null</span>
    \"<span class=sf-dump-key>tax_amount</span>\" => \"<span class=sf-dump-str title=\"6 characters\">0.0000</span>\"
    \"<span class=sf-dump-key>discount_type</span>\" => <span class=sf-dump-const>null</span>
    \"<span class=sf-dump-key>discount_amount</span>\" => \"<span class=sf-dump-str title=\"6 characters\">0.0000</span>\"
    \"<span class=sf-dump-key>rp_redeemed</span>\" => <span class=sf-dump-num>0</span>
    \"<span class=sf-dump-key>rp_redeemed_amount</span>\" => \"<span class=sf-dump-str title=\"6 characters\">0.0000</span>\"
    \"<span class=sf-dump-key>shipping_details</span>\" => <span class=sf-dump-const>null</span>
    \"<span class=sf-dump-key>shipping_address</span>\" => <span class=sf-dump-const>null</span>
    \"<span class=sf-dump-key>delivery_date</span>\" => <span class=sf-dump-const>null</span>
    \"<span class=sf-dump-key>shipping_status</span>\" => <span class=sf-dump-const>null</span>
    \"<span class=sf-dump-key>delivered_to</span>\" => <span class=sf-dump-const>null</span>
    \"<span class=sf-dump-key>shipping_charges</span>\" => \"<span class=sf-dump-str title=\"6 characters\">0.0000</span>\"
    \"<span class=sf-dump-key>shipping_custom_field_1</span>\" => <span class=sf-dump-const>null</span>
    \"<span class=sf-dump-key>shipping_custom_field_2</span>\" => <span class=sf-dump-const>null</span>
    \"<span class=sf-dump-key>shipping_custom_field_3</span>\" => <span class=sf-dump-const>null</span>
    \"<span class=sf-dump-key>shipping_custom_field_4</span>\" => <span class=sf-dump-const>null</span>
    \"<span class=sf-dump-key>shipping_custom_field_5</span>\" => <span class=sf-dump-const>null</span>
    \"<span class=sf-dump-key>additional_notes</span>\" => <span class=sf-dump-const>null</span>
    \"<span class=sf-dump-key>staff_note</span>\" => <span class=sf-dump-const>null</span>
    \"<span class=sf-dump-key>is_export</span>\" => <span class=sf-dump-num>0</span>
    \"<span class=sf-dump-key>export_custom_fields_info</span>\" => <span class=sf-dump-const>null</span>
    \"<span class=sf-dump-key>round_off_amount</span>\" => \"<span class=sf-dump-str title=\"6 characters\">0.0000</span>\"
    \"<span class=sf-dump-key>additional_expense_key_1</span>\" => <span class=sf-dump-const>null</span>
    \"<span class=sf-dump-key>additional_expense_value_1</span>\" => \"<span class=sf-dump-str title=\"6 characters\">0.0000</span>\"
    \"<span class=sf-dump-key>additional_expense_key_2</span>\" => <span class=sf-dump-const>null</span>
    \"<span class=sf-dump-key>additional_expense_value_2</span>\" => \"<span class=sf-dump-str title=\"6 characters\">0.0000</span>\"
    \"<span class=sf-dump-key>additional_expense_key_3</span>\" => <span class=sf-dump-const>null</span>
    \"<span class=sf-dump-key>additional_expense_value_3</span>\" => \"<span class=sf-dump-str title=\"6 characters\">0.0000</span>\"
    \"<span class=sf-dump-key>additional_expense_key_4</span>\" => <span class=sf-dump-const>null</span>
    \"<span class=sf-dump-key>additional_expense_value_4</span>\" => \"<span class=sf-dump-str title=\"6 characters\">0.0000</span>\"
    \"<span class=sf-dump-key>final_total</span>\" => \"<span class=sf-dump-str title=\"11 characters\">148720.0000</span>\"
    \"<span class=sf-dump-key>expense_category_id</span>\" => <span class=sf-dump-const>null</span>
    \"<span class=sf-dump-key>expense_sub_category_id</span>\" => <span class=sf-dump-const>null</span>
    \"<span class=sf-dump-key>expense_for</span>\" => <span class=sf-dump-const>null</span>
    \"<span class=sf-dump-key>commission_agent</span>\" => <span class=sf-dump-const>null</span>
    \"<span class=sf-dump-key>document</span>\" => <span class=sf-dump-const>null</span>
    \"<span class=sf-dump-key>is_direct_sale</span>\" => <span class=sf-dump-num>0</span>
    \"<span class=sf-dump-key>is_suspend</span>\" => <span class=sf-dump-num>0</span>
    \"<span class=sf-dump-key>exchange_rate</span>\" => \"<span class=sf-dump-str title=\"5 characters\">1.000</span>\"
    \"<span class=sf-dump-key>total_amount_recovered</span>\" => <span class=sf-dump-const>null</span>
    \"<span class=sf-dump-key>transfer_parent_id</span>\" => <span class=sf-dump-const>null</span>
    \"<span class=sf-dump-key>return_parent_id</span>\" => <span class=sf-dump-const>null</span>
    \"<span class=sf-dump-key>opening_stock_product_id</span>\" => <span class=sf-dump-const>null</span>
    \"<span class=sf-dump-key>created_by</span>\" => <span class=sf-dump-num>1</span>
    \"<span class=sf-dump-key>woocommerce_order_id</span>\" => <span class=sf-dump-const>null</span>
    \"<span class=sf-dump-key>essentials_duration</span>\" => \"<span class=sf-dump-str title=\"4 characters\">0.00</span>\"
    \"<span class=sf-dump-key>essentials_duration_unit</span>\" => <span class=sf-dump-const>null</span>
    \"<span class=sf-dump-key>essentials_amount_per_unit_duration</span>\" => \"<span class=sf-dump-str title=\"6 characters\">0.0000</span>\"
    \"<span class=sf-dump-key>essentials_allowances</span>\" => <span class=sf-dump-const>null</span>
    \"<span class=sf-dump-key>essentials_deductions</span>\" => <span class=sf-dump-const>null</span>
    \"<span class=sf-dump-key>repair_completed_on</span>\" => <span class=sf-dump-const>null</span>
    \"<span class=sf-dump-key>repair_warranty_id</span>\" => <span class=sf-dump-const>null</span>
    \"<span class=sf-dump-key>repair_brand_id</span>\" => <span class=sf-dump-const>null</span>
    \"<span class=sf-dump-key>repair_status_id</span>\" => <span class=sf-dump-const>null</span>
    \"<span class=sf-dump-key>repair_model_id</span>\" => <span class=sf-dump-const>null</span>
    \"<span class=sf-dump-key>repair_job_sheet_id</span>\" => <span class=sf-dump-const>null</span>
    \"<span class=sf-dump-key>repair_defects</span>\" => <span class=sf-dump-const>null</span>
    \"<span class=sf-dump-key>repair_serial_no</span>\" => <span class=sf-dump-const>null</span>
    \"<span class=sf-dump-key>repair_checklist</span>\" => <span class=sf-dump-const>null</span>
    \"<span class=sf-dump-key>repair_security_pwd</span>\" => <span class=sf-dump-const>null</span>
    \"<span class=sf-dump-key>repair_security_pattern</span>\" => <span class=sf-dump-const>null</span>
    \"<span class=sf-dump-key>repair_due_date</span>\" => <span class=sf-dump-const>null</span>
    \"<span class=sf-dump-key>repair_device_id</span>\" => <span class=sf-dump-const>null</span>
    \"<span class=sf-dump-key>repair_updates_notif</span>\" => <span class=sf-dump-num>0</span>
    \"<span class=sf-dump-key>mfg_parent_production_purchase_id</span>\" => <span class=sf-dump-const>null</span>
    \"<span class=sf-dump-key>mfg_wasted_units</span>\" => <span class=sf-dump-const>null</span>
    \"<span class=sf-dump-key>mfg_production_cost</span>\" => \"<span class=sf-dump-str title=\"6 characters\">0.0000</span>\"
    \"<span class=sf-dump-key>mfg_production_cost_type</span>\" => \"<span class=sf-dump-str title=\"10 characters\">percentage</span>\"
    \"<span class=sf-dump-key>mfg_is_final</span>\" => <span class=sf-dump-num>0</span>
    \"<span class=sf-dump-key>crm_is_order_request</span>\" => <span class=sf-dump-num>0</span>
    \"<span class=sf-dump-key>purchase_requisition_ids</span>\" => <span class=sf-dump-const>null</span>
    \"<span class=sf-dump-key>prefer_payment_method</span>\" => <span class=sf-dump-const>null</span>
    \"<span class=sf-dump-key>prefer_payment_account</span>\" => <span class=sf-dump-const>null</span>
    \"<span class=sf-dump-key>sales_order_ids</span>\" => <span class=sf-dump-const>null</span>
    \"<span class=sf-dump-key>purchase_order_ids</span>\" => <span class=sf-dump-const>null</span>
    \"<span class=sf-dump-key>custom_field_1</span>\" => <span class=sf-dump-const>null</span>
    \"<span class=sf-dump-key>custom_field_2</span>\" => <span class=sf-dump-const>null</span>
    \"<span class=sf-dump-key>custom_field_3</span>\" => <span class=sf-dump-const>null</span>
    \"<span class=sf-dump-key>custom_field_4</span>\" => <span class=sf-dump-const>null</span>
    \"<span class=sf-dump-key>import_batch</span>\" => <span class=sf-dump-const>null</span>
    \"<span class=sf-dump-key>import_time</span>\" => <span class=sf-dump-const>null</span>
    \"<span class=sf-dump-key>types_of_service_id</span>\" => <span class=sf-dump-const>null</span>
    \"<span class=sf-dump-key>packing_charge</span>\" => <span class=sf-dump-const>null</span>
    \"<span class=sf-dump-key>packing_charge_type</span>\" => <span class=sf-dump-const>null</span>
    \"<span class=sf-dump-key>service_custom_field_1</span>\" => <span class=sf-dump-const>null</span>
    \"<span class=sf-dump-key>service_custom_field_2</span>\" => <span class=sf-dump-const>null</span>
    \"<span class=sf-dump-key>service_custom_field_3</span>\" => <span class=sf-dump-const>null</span>
    \"<span class=sf-dump-key>service_custom_field_4</span>\" => <span class=sf-dump-const>null</span>
    \"<span class=sf-dump-key>service_custom_field_5</span>\" => <span class=sf-dump-const>null</span>
    \"<span class=sf-dump-key>service_custom_field_6</span>\" => <span class=sf-dump-const>null</span>
    \"<span class=sf-dump-key>is_created_from_api</span>\" => <span class=sf-dump-num>0</span>
    \"<span class=sf-dump-key>rp_earned</span>\" => <span class=sf-dump-num>0</span>
    \"<span class=sf-dump-key>order_addresses</span>\" => <span class=sf-dump-const>null</span>
    \"<span class=sf-dump-key>is_recurring</span>\" => <span class=sf-dump-num>0</span>
    \"<span class=sf-dump-key>recur_interval</span>\" => <span class=sf-dump-const>null</span>
    \"<span class=sf-dump-key>recur_interval_type</span>\" => <span class=sf-dump-const>null</span>
    \"<span class=sf-dump-key>recur_repetitions</span>\" => <span class=sf-dump-const>null</span>
    \"<span class=sf-dump-key>recur_stopped_on</span>\" => <span class=sf-dump-const>null</span>
    \"<span class=sf-dump-key>recur_parent_id</span>\" => <span class=sf-dump-const>null</span>
    \"<span class=sf-dump-key>invoice_token</span>\" => <span class=sf-dump-const>null</span>
    \"<span class=sf-dump-key>pay_term_number</span>\" => <span class=sf-dump-const>null</span>
    \"<span class=sf-dump-key>pay_term_type</span>\" => <span class=sf-dump-const>null</span>
    \"<span class=sf-dump-key>pjt_project_id</span>\" => <span class=sf-dump-const>null</span>
    \"<span class=sf-dump-key>pjt_title</span>\" => <span class=sf-dump-const>null</span>
    \"<span class=sf-dump-key>selling_price_group_id</span>\" => <span class=sf-dump-const>null</span>
    \"<span class=sf-dump-key>pay_type</span>\" => \"<span class=sf-dump-str title=\"7 characters\">Credito</span>\"
    \"<span class=sf-dump-key>money_type</span>\" => \"<span class=sf-dump-str title=\"5 characters\">Soles</span>\"
    \"<span class=sf-dump-key>chofer_name</span>\" => <span class=sf-dump-const>null</span>
    \"<span class=sf-dump-key>licencia</span>\" => <span class=sf-dump-const>null</span>
    \"<span class=sf-dump-key>placa</span>\" => <span class=sf-dump-const>null</span>
    \"<span class=sf-dump-key>pay_service</span>\" => <span class=sf-dump-num>0</span>
    \"<span class=sf-dump-key>created_at</span>\" => \"<span class=sf-dump-str title=\"19 characters\">2025-08-01 16:22:57</span>\"
    \"<span class=sf-dump-key>updated_at</span>\" => \"<span class=sf-dump-str title=\"19 characters\">2025-08-19 21:20:21</span>\"
  </samp>]
  #<span class=sf-dump-protected title=\"Protected property\">original</span>: <span class=sf-dump-note>array:136</span> [<samp data-depth=2 class=sf-dump-compact>
    \"<span class=sf-dump-key>id</span>\" => <span class=sf-dump-num>48</span>
    \"<span class=sf-dump-key>business_id</span>\" => <span class=sf-dump-num>1</span>
    \"<span class=sf-dump-key>location_id</span>\" => <span class=sf-dump-num>1</span>
    \"<span class=sf-dump-key>journal_entry_id</span>\" => <span class=sf-dump-const>null</span>
    \"<span class=sf-dump-key>res_table_id</span>\" => <span class=sf-dump-const>null</span>
    \"<span class=sf-dump-key>res_waiter_id</span>\" => <span class=sf-dump-const>null</span>
    \"<span class=sf-dump-key>res_order_status</span>\" => <span class=sf-dump-const>null</span>
    \"<span class=sf-dump-key>type</span>\" => \"<span class=sf-dump-str title=\"8 characters\">purchase</span>\"
    \"<span class=sf-dump-key>sub_type</span>\" => <span class=sf-dump-const>null</span>
    \"<span class=sf-dump-key>status</span>\" => \"<span class=sf-dump-str title=\"7 characters\">ordered</span>\"
    \"<span class=sf-dump-key>sub_status</span>\" => <span class=sf-dump-const>null</span>
    \"<span class=sf-dump-key>is_quotation</span>\" => <span class=sf-dump-num>0</span>
    \"<span class=sf-dump-key>payment_status</span>\" => \"<span class=sf-dump-str title=\"7 characters\">partial</span>\"
    \"<span class=sf-dump-key>adjustment_type</span>\" => <span class=sf-dump-const>null</span>
    \"<span class=sf-dump-key>contact_id</span>\" => <span class=sf-dump-num>2</span>
    \"<span class=sf-dump-key>customer_group_id</span>\" => <span class=sf-dump-const>null</span>
    \"<span class=sf-dump-key>invoice_no</span>\" => <span class=sf-dump-const>null</span>
    \"<span class=sf-dump-key>ref_no</span>\" => \"<span class=sf-dump-str title=\"11 characters\">PO2025/0008</span>\"
    \"<span class=sf-dump-key>source</span>\" => <span class=sf-dump-const>null</span>
    \"<span class=sf-dump-key>subscription_no</span>\" => <span class=sf-dump-const>null</span>
    \"<span class=sf-dump-key>subscription_repeat_on</span>\" => <span class=sf-dump-const>null</span>
    \"<span class=sf-dump-key>transaction_date</span>\" => \"<span class=sf-dump-str title=\"19 characters\">2025-08-01 16:21:00</span>\"
    \"<span class=sf-dump-key>total_before_tax</span>\" => \"<span class=sf-dump-str title=\"11 characters\">148720.0000</span>\"
    \"<span class=sf-dump-key>tax_id</span>\" => <span class=sf-dump-const>null</span>
    \"<span class=sf-dump-key>tax_amount</span>\" => \"<span class=sf-dump-str title=\"6 characters\">0.0000</span>\"
    \"<span class=sf-dump-key>discount_type</span>\" => <span class=sf-dump-const>null</span>
    \"<span class=sf-dump-key>discount_amount</span>\" => \"<span class=sf-dump-str title=\"6 characters\">0.0000</span>\"
    \"<span class=sf-dump-key>rp_redeemed</span>\" => <span class=sf-dump-num>0</span>
    \"<span class=sf-dump-key>rp_redeemed_amount</span>\" => \"<span class=sf-dump-str title=\"6 characters\">0.0000</span>\"
    \"<span class=sf-dump-key>shipping_details</span>\" => <span class=sf-dump-const>null</span>
    \"<span class=sf-dump-key>shipping_address</span>\" => <span class=sf-dump-const>null</span>
    \"<span class=sf-dump-key>delivery_date</span>\" => <span class=sf-dump-const>null</span>
    \"<span class=sf-dump-key>shipping_status</span>\" => <span class=sf-dump-const>null</span>
    \"<span class=sf-dump-key>delivered_to</span>\" => <span class=sf-dump-const>null</span>
    \"<span class=sf-dump-key>shipping_charges</span>\" => \"<span class=sf-dump-str title=\"6 characters\">0.0000</span>\"
    \"<span class=sf-dump-key>shipping_custom_field_1</span>\" => <span class=sf-dump-const>null</span>
    \"<span class=sf-dump-key>shipping_custom_field_2</span>\" => <span class=sf-dump-const>null</span>
    \"<span class=sf-dump-key>shipping_custom_field_3</span>\" => <span class=sf-dump-const>null</span>
    \"<span class=sf-dump-key>shipping_custom_field_4</span>\" => <span class=sf-dump-const>null</span>
    \"<span class=sf-dump-key>shipping_custom_field_5</span>\" => <span class=sf-dump-const>null</span>
    \"<span class=sf-dump-key>additional_notes</span>\" => <span class=sf-dump-const>null</span>
    \"<span class=sf-dump-key>staff_note</span>\" => <span class=sf-dump-const>null</span>
    \"<span class=sf-dump-key>is_export</span>\" => <span class=sf-dump-num>0</span>
    \"<span class=sf-dump-key>export_custom_fields_info</span>\" => <span class=sf-dump-const>null</span>
    \"<span class=sf-dump-key>round_off_amount</span>\" => \"<span class=sf-dump-str title=\"6 characters\">0.0000</span>\"
    \"<span class=sf-dump-key>additional_expense_key_1</span>\" => <span class=sf-dump-const>null</span>
    \"<span class=sf-dump-key>additional_expense_value_1</span>\" => \"<span class=sf-dump-str title=\"6 characters\">0.0000</span>\"
    \"<span class=sf-dump-key>additional_expense_key_2</span>\" => <span class=sf-dump-const>null</span>
    \"<span class=sf-dump-key>additional_expense_value_2</span>\" => \"<span class=sf-dump-str title=\"6 characters\">0.0000</span>\"
    \"<span class=sf-dump-key>additional_expense_key_3</span>\" => <span class=sf-dump-const>null</span>
    \"<span class=sf-dump-key>additional_expense_value_3</span>\" => \"<span class=sf-dump-str title=\"6 characters\">0.0000</span>\"
    \"<span class=sf-dump-key>additional_expense_key_4</span>\" => <span class=sf-dump-const>null</span>
    \"<span class=sf-dump-key>additional_expense_value_4</span>\" => \"<span class=sf-dump-str title=\"6 characters\">0.0000</span>\"
    \"<span class=sf-dump-key>final_total</span>\" => \"<span class=sf-dump-str title=\"11 characters\">148720.0000</span>\"
    \"<span class=sf-dump-key>expense_category_id</span>\" => <span class=sf-dump-const>null</span>
    \"<span class=sf-dump-key>expense_sub_category_id</span>\" => <span class=sf-dump-const>null</span>
    \"<span class=sf-dump-key>expense_for</span>\" => <span class=sf-dump-const>null</span>
    \"<span class=sf-dump-key>commission_agent</span>\" => <span class=sf-dump-const>null</span>
    \"<span class=sf-dump-key>document</span>\" => <span class=sf-dump-const>null</span>
    \"<span class=sf-dump-key>is_direct_sale</span>\" => <span class=sf-dump-num>0</span>
    \"<span class=sf-dump-key>is_suspend</span>\" => <span class=sf-dump-num>0</span>
    \"<span class=sf-dump-key>exchange_rate</span>\" => \"<span class=sf-dump-str title=\"5 characters\">1.000</span>\"
    \"<span class=sf-dump-key>total_amount_recovered</span>\" => <span class=sf-dump-const>null</span>
    \"<span class=sf-dump-key>transfer_parent_id</span>\" => <span class=sf-dump-const>null</span>
    \"<span class=sf-dump-key>return_parent_id</span>\" => <span class=sf-dump-const>null</span>
    \"<span class=sf-dump-key>opening_stock_product_id</span>\" => <span class=sf-dump-const>null</span>
    \"<span class=sf-dump-key>created_by</span>\" => <span class=sf-dump-num>1</span>
    \"<span class=sf-dump-key>woocommerce_order_id</span>\" => <span class=sf-dump-const>null</span>
    \"<span class=sf-dump-key>essentials_duration</span>\" => \"<span class=sf-dump-str title=\"4 characters\">0.00</span>\"
    \"<span class=sf-dump-key>essentials_duration_unit</span>\" => <span class=sf-dump-const>null</span>
    \"<span class=sf-dump-key>essentials_amount_per_unit_duration</span>\" => \"<span class=sf-dump-str title=\"6 characters\">0.0000</span>\"
    \"<span class=sf-dump-key>essentials_allowances</span>\" => <span class=sf-dump-const>null</span>
    \"<span class=sf-dump-key>essentials_deductions</span>\" => <span class=sf-dump-const>null</span>
    \"<span class=sf-dump-key>repair_completed_on</span>\" => <span class=sf-dump-const>null</span>
    \"<span class=sf-dump-key>repair_warranty_id</span>\" => <span class=sf-dump-const>null</span>
    \"<span class=sf-dump-key>repair_brand_id</span>\" => <span class=sf-dump-const>null</span>
    \"<span class=sf-dump-key>repair_status_id</span>\" => <span class=sf-dump-const>null</span>
    \"<span class=sf-dump-key>repair_model_id</span>\" => <span class=sf-dump-const>null</span>
    \"<span class=sf-dump-key>repair_job_sheet_id</span>\" => <span class=sf-dump-const>null</span>
    \"<span class=sf-dump-key>repair_defects</span>\" => <span class=sf-dump-const>null</span>
    \"<span class=sf-dump-key>repair_serial_no</span>\" => <span class=sf-dump-const>null</span>
    \"<span class=sf-dump-key>repair_checklist</span>\" => <span class=sf-dump-const>null</span>
    \"<span class=sf-dump-key>repair_security_pwd</span>\" => <span class=sf-dump-const>null</span>
    \"<span class=sf-dump-key>repair_security_pattern</span>\" => <span class=sf-dump-const>null</span>
    \"<span class=sf-dump-key>repair_due_date</span>\" => <span class=sf-dump-const>null</span>
    \"<span class=sf-dump-key>repair_device_id</span>\" => <span class=sf-dump-const>null</span>
    \"<span class=sf-dump-key>repair_updates_notif</span>\" => <span class=sf-dump-num>0</span>
    \"<span class=sf-dump-key>mfg_parent_production_purchase_id</span>\" => <span class=sf-dump-const>null</span>
    \"<span class=sf-dump-key>mfg_wasted_units</span>\" => <span class=sf-dump-const>null</span>
    \"<span class=sf-dump-key>mfg_production_cost</span>\" => \"<span class=sf-dump-str title=\"6 characters\">0.0000</span>\"
    \"<span class=sf-dump-key>mfg_production_cost_type</span>\" => \"<span class=sf-dump-str title=\"10 characters\">percentage</span>\"
    \"<span class=sf-dump-key>mfg_is_final</span>\" => <span class=sf-dump-num>0</span>
    \"<span class=sf-dump-key>crm_is_order_request</span>\" => <span class=sf-dump-num>0</span>
    \"<span class=sf-dump-key>purchase_requisition_ids</span>\" => <span class=sf-dump-const>null</span>
    \"<span class=sf-dump-key>prefer_payment_method</span>\" => <span class=sf-dump-const>null</span>
    \"<span class=sf-dump-key>prefer_payment_account</span>\" => <span class=sf-dump-const>null</span>
    \"<span class=sf-dump-key>sales_order_ids</span>\" => <span class=sf-dump-const>null</span>
    \"<span class=sf-dump-key>purchase_order_ids</span>\" => <span class=sf-dump-const>null</span>
    \"<span class=sf-dump-key>custom_field_1</span>\" => <span class=sf-dump-const>null</span>
    \"<span class=sf-dump-key>custom_field_2</span>\" => <span class=sf-dump-const>null</span>
    \"<span class=sf-dump-key>custom_field_3</span>\" => <span class=sf-dump-const>null</span>
    \"<span class=sf-dump-key>custom_field_4</span>\" => <span class=sf-dump-const>null</span>
    \"<span class=sf-dump-key>import_batch</span>\" => <span class=sf-dump-const>null</span>
    \"<span class=sf-dump-key>import_time</span>\" => <span class=sf-dump-const>null</span>
    \"<span class=sf-dump-key>types_of_service_id</span>\" => <span class=sf-dump-const>null</span>
    \"<span class=sf-dump-key>packing_charge</span>\" => <span class=sf-dump-const>null</span>
    \"<span class=sf-dump-key>packing_charge_type</span>\" => <span class=sf-dump-const>null</span>
    \"<span class=sf-dump-key>service_custom_field_1</span>\" => <span class=sf-dump-const>null</span>
    \"<span class=sf-dump-key>service_custom_field_2</span>\" => <span class=sf-dump-const>null</span>
    \"<span class=sf-dump-key>service_custom_field_3</span>\" => <span class=sf-dump-const>null</span>
    \"<span class=sf-dump-key>service_custom_field_4</span>\" => <span class=sf-dump-const>null</span>
    \"<span class=sf-dump-key>service_custom_field_5</span>\" => <span class=sf-dump-const>null</span>
    \"<span class=sf-dump-key>service_custom_field_6</span>\" => <span class=sf-dump-const>null</span>
    \"<span class=sf-dump-key>is_created_from_api</span>\" => <span class=sf-dump-num>0</span>
    \"<span class=sf-dump-key>rp_earned</span>\" => <span class=sf-dump-num>0</span>
    \"<span class=sf-dump-key>order_addresses</span>\" => <span class=sf-dump-const>null</span>
    \"<span class=sf-dump-key>is_recurring</span>\" => <span class=sf-dump-num>0</span>
    \"<span class=sf-dump-key>recur_interval</span>\" => <span class=sf-dump-const>null</span>
    \"<span class=sf-dump-key>recur_interval_type</span>\" => <span class=sf-dump-const>null</span>
    \"<span class=sf-dump-key>recur_repetitions</span>\" => <span class=sf-dump-const>null</span>
    \"<span class=sf-dump-key>recur_stopped_on</span>\" => <span class=sf-dump-const>null</span>
    \"<span class=sf-dump-key>recur_parent_id</span>\" => <span class=sf-dump-const>null</span>
    \"<span class=sf-dump-key>invoice_token</span>\" => <span class=sf-dump-const>null</span>
    \"<span class=sf-dump-key>pay_term_number</span>\" => <span class=sf-dump-const>null</span>
    \"<span class=sf-dump-key>pay_term_type</span>\" => <span class=sf-dump-const>null</span>
    \"<span class=sf-dump-key>pjt_project_id</span>\" => <span class=sf-dump-const>null</span>
    \"<span class=sf-dump-key>pjt_title</span>\" => <span class=sf-dump-const>null</span>
    \"<span class=sf-dump-key>selling_price_group_id</span>\" => <span class=sf-dump-const>null</span>
    \"<span class=sf-dump-key>pay_type</span>\" => \"<span class=sf-dump-str title=\"7 characters\">Credito</span>\"
    \"<span class=sf-dump-key>money_type</span>\" => \"<span class=sf-dump-str title=\"5 characters\">Soles</span>\"
    \"<span class=sf-dump-key>chofer_name</span>\" => <span class=sf-dump-const>null</span>
    \"<span class=sf-dump-key>licencia</span>\" => <span class=sf-dump-const>null</span>
    \"<span class=sf-dump-key>placa</span>\" => <span class=sf-dump-const>null</span>
    \"<span class=sf-dump-key>pay_service</span>\" => <span class=sf-dump-num>0</span>
    \"<span class=sf-dump-key>created_at</span>\" => \"<span class=sf-dump-str title=\"19 characters\">2025-08-01 16:22:57</span>\"
    \"<span class=sf-dump-key>updated_at</span>\" => \"<span class=sf-dump-str title=\"19 characters\">2025-08-19 21:20:21</span>\"
  </samp>]
  #<span class=sf-dump-protected title=\"Protected property\">changes</span>: []
  #<span class=sf-dump-protected title=\"Protected property\">casts</span>: <span class=sf-dump-note>array:4</span> [<samp data-depth=2 class=sf-dump-compact>
    \"<span class=sf-dump-key>purchase_order_ids</span>\" => \"<span class=sf-dump-str title=\"5 characters\">array</span>\"
    \"<span class=sf-dump-key>sales_order_ids</span>\" => \"<span class=sf-dump-str title=\"5 characters\">array</span>\"
    \"<span class=sf-dump-key>export_custom_fields_info</span>\" => \"<span class=sf-dump-str title=\"5 characters\">array</span>\"
    \"<span class=sf-dump-key>purchase_requisition_ids</span>\" => \"<span class=sf-dump-str title=\"5 characters\">array</span>\"
  </samp>]
  #<span class=sf-dump-protected title=\"Protected property\">classCastCache</span>: []
  #<span class=sf-dump-protected title=\"Protected property\">attributeCastCache</span>: []
  #<span class=sf-dump-protected title=\"Protected property\">dates</span>: []
  #<span class=sf-dump-protected title=\"Protected property\">dateFormat</span>: <span class=sf-dump-const>null</span>
  #<span class=sf-dump-protected title=\"Protected property\">appends</span>: []
  #<span class=sf-dump-protected title=\"Protected property\">dispatchesEvents</span>: []
  #<span class=sf-dump-protected title=\"Protected property\">observables</span>: []
  #<span class=sf-dump-protected title=\"Protected property\">relations</span>: <span class=sf-dump-note>array:2</span> [<samp data-depth=2 class=sf-dump-compact>
    \"<span class=sf-dump-key>contact</span>\" => <span class=sf-dump-note title=\"App\\Contact
\"><span class=\"sf-dump-ellipsis sf-dump-ellipsis-note\">App</span><span class=\"sf-dump-ellipsis sf-dump-ellipsis-note\">\\</span>Contact</span> {<a class=sf-dump-ref>#3539</a><samp data-depth=3 class=sf-dump-compact>
      #<span class=sf-dump-protected title=\"Protected property\">connection</span>: \"<span class=sf-dump-str title=\"5 characters\">mysql</span>\"
      #<span class=sf-dump-protected title=\"Protected property\">table</span>: \"<span class=sf-dump-str title=\"8 characters\">contacts</span>\"
      #<span class=sf-dump-protected title=\"Protected property\">primaryKey</span>: \"<span class=sf-dump-str title=\"2 characters\">id</span>\"
      #<span class=sf-dump-protected title=\"Protected property\">keyType</span>: \"<span class=sf-dump-str title=\"3 characters\">int</span>\"
      +<span class=sf-dump-public title=\"Public property\">incrementing</span>: <span class=sf-dump-const>true</span>
      #<span class=sf-dump-protected title=\"Protected property\">with</span>: []
      #<span class=sf-dump-protected title=\"Protected property\">withCount</span>: []
      +<span class=sf-dump-public title=\"Public property\">preventsLazyLoading</span>: <span class=sf-dump-const>false</span>
      #<span class=sf-dump-protected title=\"Protected property\">perPage</span>: <span class=sf-dump-num>15</span>
      +<span class=sf-dump-public title=\"Public property\">exists</span>: <span class=sf-dump-const>true</span>
      +<span class=sf-dump-public title=\"Public property\">wasRecentlyCreated</span>: <span class=sf-dump-const>false</span>
      #<span class=sf-dump-protected title=\"Protected property\">escapeWhenCastingToString</span>: <span class=sf-dump-const>false</span>
      #<span class=sf-dump-protected title=\"Protected property\">attributes</span>: <span class=sf-dump-note>array:60</span> [ &#8230;60]
      #<span class=sf-dump-protected title=\"Protected property\">original</span>: <span class=sf-dump-note>array:60</span> [ &#8230;60]
      #<span class=sf-dump-protected title=\"Protected property\">changes</span>: []
      #<span class=sf-dump-protected title=\"Protected property\">casts</span>: <span class=sf-dump-note>array:2</span> [ &#8230;2]
      #<span class=sf-dump-protected title=\"Protected property\">classCastCache</span>: []
      #<span class=sf-dump-protected title=\"Protected property\">attributeCastCache</span>: []
      #<span class=sf-dump-protected title=\"Protected property\">dates</span>: []
      #<span class=sf-dump-protected title=\"Protected property\">dateFormat</span>: <span class=sf-dump-const>null</span>
      #<span class=sf-dump-protected title=\"Protected property\">appends</span>: []
      #<span class=sf-dump-protected title=\"Protected property\">dispatchesEvents</span>: []
      #<span class=sf-dump-protected title=\"Protected property\">observables</span>: []
      #<span class=sf-dump-protected title=\"Protected property\">relations</span>: []
      #<span class=sf-dump-protected title=\"Protected property\">touches</span>: []
      +<span class=sf-dump-public title=\"Public property\">timestamps</span>: <span class=sf-dump-const>true</span>
      #<span class=sf-dump-protected title=\"Protected property\">hidden</span>: []
      #<span class=sf-dump-protected title=\"Protected property\">visible</span>: []
      #<span class=sf-dump-protected title=\"Protected property\">fillable</span>: []
      #<span class=sf-dump-protected title=\"Protected property\">guarded</span>: <span class=sf-dump-note>array:1</span> [ &#8230;1]
      #<span class=sf-dump-protected title=\"Protected property\">rememberTokenName</span>: \"<span class=sf-dump-str title=\"14 characters\">remember_token</span>\"
      #<span class=sf-dump-protected title=\"Protected property\">forceDeleting</span>: <span class=sf-dump-const>false</span>
    </samp>}
    \"<span class=sf-dump-key>location</span>\" => <span class=sf-dump-note title=\"App\\BusinessLocation
\"><span class=\"sf-dump-ellipsis sf-dump-ellipsis-note\">App</span><span class=\"sf-dump-ellipsis sf-dump-ellipsis-note\">\\</span>BusinessLocation</span> {<a class=sf-dump-ref>#3508</a><samp data-depth=3 class=sf-dump-compact>
      #<span class=sf-dump-protected title=\"Protected property\">connection</span>: \"<span class=sf-dump-str title=\"5 characters\">mysql</span>\"
      #<span class=sf-dump-protected title=\"Protected property\">table</span>: \"<span class=sf-dump-str title=\"18 characters\">business_locations</span>\"
      #<span class=sf-dump-protected title=\"Protected property\">primaryKey</span>: \"<span class=sf-dump-str title=\"2 characters\">id</span>\"
      #<span class=sf-dump-protected title=\"Protected property\">keyType</span>: \"<span class=sf-dump-str title=\"3 characters\">int</span>\"
      +<span class=sf-dump-public title=\"Public property\">incrementing</span>: <span class=sf-dump-const>true</span>
      #<span class=sf-dump-protected title=\"Protected property\">with</span>: []
      #<span class=sf-dump-protected title=\"Protected property\">withCount</span>: []
      +<span class=sf-dump-public title=\"Public property\">preventsLazyLoading</span>: <span class=sf-dump-const>false</span>
      #<span class=sf-dump-protected title=\"Protected property\">perPage</span>: <span class=sf-dump-num>15</span>
      +<span class=sf-dump-public title=\"Public property\">exists</span>: <span class=sf-dump-const>true</span>
      +<span class=sf-dump-public title=\"Public property\">wasRecentlyCreated</span>: <span class=sf-dump-const>false</span>
      #<span class=sf-dump-protected title=\"Protected property\">escapeWhenCastingToString</span>: <span class=sf-dump-const>false</span>
      #<span class=sf-dump-protected title=\"Protected property\">attributes</span>: <span class=sf-dump-note>array:31</span> [ &#8230;31]
      #<span class=sf-dump-protected title=\"Protected property\">original</span>: <span class=sf-dump-note>array:31</span> [ &#8230;31]
      #<span class=sf-dump-protected title=\"Protected property\">changes</span>: []
      #<span class=sf-dump-protected title=\"Protected property\">casts</span>: <span class=sf-dump-note>array:1</span> [ &#8230;1]
      #<span class=sf-dump-protected title=\"Protected property\">classCastCache</span>: []
      #<span class=sf-dump-protected title=\"Protected property\">attributeCastCache</span>: []
      #<span class=sf-dump-protected title=\"Protected property\">dates</span>: []
      #<span class=sf-dump-protected title=\"Protected property\">dateFormat</span>: <span class=sf-dump-const>null</span>
      #<span class=sf-dump-protected title=\"Protected property\">appends</span>: []
      #<span class=sf-dump-protected title=\"Protected property\">dispatchesEvents</span>: []
      #<span class=sf-dump-protected title=\"Protected property\">observables</span>: []
      #<span class=sf-dump-protected title=\"Protected property\">relations</span>: []
      #<span class=sf-dump-protected title=\"Protected property\">touches</span>: []
      +<span class=sf-dump-public title=\"Public property\">timestamps</span>: <span class=sf-dump-const>true</span>
      #<span class=sf-dump-protected title=\"Protected property\">hidden</span>: []
      #<span class=sf-dump-protected title=\"Protected property\">visible</span>: []
      #<span class=sf-dump-protected title=\"Protected property\">fillable</span>: []
      #<span class=sf-dump-protected title=\"Protected property\">guarded</span>: <span class=sf-dump-note>array:1</span> [ &#8230;1]
    </samp>}
  </samp>]
  #<span class=sf-dump-protected title=\"Protected property\">touches</span>: []
  +<span class=sf-dump-public title=\"Public property\">timestamps</span>: <span class=sf-dump-const>true</span>
  #<span class=sf-dump-protected title=\"Protected property\">hidden</span>: []
  #<span class=sf-dump-protected title=\"Protected property\">visible</span>: []
  #<span class=sf-dump-protected title=\"Protected property\">fillable</span>: []
  #<span class=sf-dump-protected title=\"Protected property\">guarded</span>: <span class=sf-dump-note>array:1</span> [<samp data-depth=2 class=sf-dump-compact>
    <span class=sf-dump-index>0</span> => \"<span class=sf-dump-str title=\"2 characters\">id</span>\"
  </samp>]
</samp>}
</pre><script>Sfdump(\"sf-dump-347638247\", {\"maxDepth\":3,\"maxStringLength\":160})</script>
","payment_types":"<pre class=sf-dump id=sf-dump-1690575802 data-indent-pad=\"  \"><span class=sf-dump-note>array:4</span> [<samp data-depth=1 class=sf-dump-expanded>
  \"<span class=sf-dump-key>advance</span>\" => \"<span class=sf-dump-str title=\"8 characters\">Anticipo</span>\"
  \"<span class=sf-dump-key>cash</span>\" => \"<span class=sf-dump-str title=\"8 characters\">Efectivo</span>\"
  \"<span class=sf-dump-key>card</span>\" => \"<span class=sf-dump-str title=\"7 characters\">Tarjeta</span>\"
  \"<span class=sf-dump-key>bank_transfer</span>\" => \"<span class=sf-dump-str title=\"22 characters\">Transferencia bancaria</span>\"
</samp>]
</pre><script>Sfdump(\"sf-dump-1690575802\", {\"maxDepth\":3,\"maxStringLength\":160})</script>
","payment_line":"<pre class=sf-dump id=sf-dump-1914590556 data-indent-pad=\"  \"><span class=sf-dump-note>App\\TransactionPayment</span> {<a class=sf-dump-ref>#3506</a><samp data-depth=1 class=sf-dump-expanded>
  #<span class=sf-dump-protected title=\"Protected property\">connection</span>: <span class=sf-dump-const>null</span>
  #<span class=sf-dump-protected title=\"Protected property\">table</span>: <span class=sf-dump-const>null</span>
  #<span class=sf-dump-protected title=\"Protected property\">primaryKey</span>: \"<span class=sf-dump-str title=\"2 characters\">id</span>\"
  #<span class=sf-dump-protected title=\"Protected property\">keyType</span>: \"<span class=sf-dump-str title=\"3 characters\">int</span>\"
  +<span class=sf-dump-public title=\"Public property\">incrementing</span>: <span class=sf-dump-const>true</span>
  #<span class=sf-dump-protected title=\"Protected property\">with</span>: []
  #<span class=sf-dump-protected title=\"Protected property\">withCount</span>: []
  +<span class=sf-dump-public title=\"Public property\">preventsLazyLoading</span>: <span class=sf-dump-const>false</span>
  #<span class=sf-dump-protected title=\"Protected property\">perPage</span>: <span class=sf-dump-num>15</span>
  +<span class=sf-dump-public title=\"Public property\">exists</span>: <span class=sf-dump-const>false</span>
  +<span class=sf-dump-public title=\"Public property\">wasRecentlyCreated</span>: <span class=sf-dump-const>false</span>
  #<span class=sf-dump-protected title=\"Protected property\">escapeWhenCastingToString</span>: <span class=sf-dump-const>false</span>
  #<span class=sf-dump-protected title=\"Protected property\">attributes</span>: <span class=sf-dump-note>array:3</span> [<samp data-depth=2 class=sf-dump-compact>
    \"<span class=sf-dump-key>amount</span>\" => <span class=sf-dump-num>98720.0</span>
    \"<span class=sf-dump-key>method</span>\" => \"<span class=sf-dump-str title=\"4 characters\">cash</span>\"
    \"<span class=sf-dump-key>paid_on</span>\" => \"<span class=sf-dump-str title=\"19 characters\">2025-08-21 09:22:59</span>\"
  </samp>]
  #<span class=sf-dump-protected title=\"Protected property\">original</span>: []
  #<span class=sf-dump-protected title=\"Protected property\">changes</span>: []
  #<span class=sf-dump-protected title=\"Protected property\">casts</span>: []
  #<span class=sf-dump-protected title=\"Protected property\">classCastCache</span>: []
  #<span class=sf-dump-protected title=\"Protected property\">attributeCastCache</span>: []
  #<span class=sf-dump-protected title=\"Protected property\">dates</span>: []
  #<span class=sf-dump-protected title=\"Protected property\">dateFormat</span>: <span class=sf-dump-const>null</span>
  #<span class=sf-dump-protected title=\"Protected property\">appends</span>: []
  #<span class=sf-dump-protected title=\"Protected property\">dispatchesEvents</span>: []
  #<span class=sf-dump-protected title=\"Protected property\">observables</span>: []
  #<span class=sf-dump-protected title=\"Protected property\">relations</span>: []
  #<span class=sf-dump-protected title=\"Protected property\">touches</span>: []
  +<span class=sf-dump-public title=\"Public property\">timestamps</span>: <span class=sf-dump-const>true</span>
  #<span class=sf-dump-protected title=\"Protected property\">hidden</span>: []
  #<span class=sf-dump-protected title=\"Protected property\">visible</span>: []
  #<span class=sf-dump-protected title=\"Protected property\">fillable</span>: []
  #<span class=sf-dump-protected title=\"Protected property\">guarded</span>: <span class=sf-dump-note>array:1</span> [<samp data-depth=2 class=sf-dump-compact>
    <span class=sf-dump-index>0</span> => \"<span class=sf-dump-str title=\"2 characters\">id</span>\"
  </samp>]
</samp>}
</pre><script>Sfdump(\"sf-dump-1914590556\", {\"maxDepth\":3,\"maxStringLength\":160})</script>
","amount_formated":"<pre class=sf-dump id=sf-dump-1033703168 data-indent-pad=\"  \">\"<span class=sf-dump-str title=\"9 characters\">98,720.00</span>\"
</pre><script>Sfdump(\"sf-dump-1033703168\", {\"maxDepth\":3,\"maxStringLength\":160})</script>
","accounts":"<pre class=sf-dump id=sf-dump-1072747219 data-indent-pad=\"  \"><span class=sf-dump-note>array:2</span> [<samp data-depth=1 class=sf-dump-expanded>
  \"\" => \"<span class=sf-dump-str title=\"7 characters\">Ninguna</span>\"
  <span class=sf-dump-key>1</span> => \"<span class=sf-dump-str title=\"45 characters\">BANCO DE CREDITO DEL PERU (Saldo: -54,700.00)</span>\"
</samp>]
</pre><script>Sfdump(\"sf-dump-1072747219\", {\"maxDepth\":3,\"maxStringLength\":160})</script>
","enabled_modules":"<pre class=sf-dump id=sf-dump-439396370 data-indent-pad=\"  \"><span class=sf-dump-note>array:7</span> [<samp data-depth=1 class=sf-dump-expanded>
  <span class=sf-dump-index>0</span> => \"<span class=sf-dump-str title=\"9 characters\">purchases</span>\"
  <span class=sf-dump-index>1</span> => \"<span class=sf-dump-str title=\"8 characters\">add_sale</span>\"
  <span class=sf-dump-index>2</span> => \"<span class=sf-dump-str title=\"8 characters\">pos_sale</span>\"
  <span class=sf-dump-index>3</span> => \"<span class=sf-dump-str title=\"15 characters\">stock_transfers</span>\"
  <span class=sf-dump-index>4</span> => \"<span class=sf-dump-str title=\"16 characters\">stock_adjustment</span>\"
  <span class=sf-dump-index>5</span> => \"<span class=sf-dump-str title=\"8 characters\">expenses</span>\"
  <span class=sf-dump-index>6</span> => \"<span class=sf-dump-str title=\"7 characters\">account</span>\"
</samp>]
</pre><script>Sfdump(\"sf-dump-439396370\", {\"maxDepth\":3,\"maxStringLength\":160})</script>
","__is_pusher_enabled":"<pre class=sf-dump id=sf-dump-860095441 data-indent-pad=\"  \"><span class=sf-dump-const>false</span>
</pre><script>Sfdump(\"sf-dump-860095441\", {\"maxDepth\":3,\"maxStringLength\":160})</script>
"}},"userId":1,"exception":"[object] (Spatie\\LaravelIgnition\\Exceptions\\ViewException(code: 0): Unmatched ')' at D:\\PROYECTOS\\IMPORTACIONES RAMIREZ\\ERP-RAMIREZ\\resources\\views\\transaction_payment\\payment_row.blade.php:46)
[stacktrace]
#0 D:\\PROYECTOS\\IMPORTACIONES RAMIREZ\\ERP-RAMIREZ\\vendor\\laravel\\framework\\src\\Illuminate\\Filesystem\\Filesystem.php(110): Illuminate\\Filesystem\\Filesystem::Illuminate\\Filesystem\\{closure}()
#1 D:\\PROYECTOS\\IMPORTACIONES RAMIREZ\\ERP-RAMIREZ\\vendor\\laravel\\framework\\src\\Illuminate\\View\\Engines\\PhpEngine.php(58): Illuminate\\Filesystem\\Filesystem->getRequire('D:\\\\PROYECTOS\\\\IM...', Array)
#2 D:\\PROYECTOS\\IMPORTACIONES RAMIREZ\\ERP-RAMIREZ\\vendor\\laravel\\framework\\src\\Illuminate\\View\\Engines\\CompilerEngine.php(70): Illuminate\\View\\Engines\\PhpEngine->evaluatePath('D:\\\\PROYECTOS\\\\IM...', Array)
#3 D:\\PROYECTOS\\IMPORTACIONES RAMIREZ\\ERP-RAMIREZ\\vendor\\laravel\\framework\\src\\Illuminate\\View\\View.php(195): Illuminate\\View\\Engines\\CompilerEngine->get('D:\\\\PROYECTOS\\\\IM...', Array)
#4 D:\\PROYECTOS\\IMPORTACIONES RAMIREZ\\ERP-RAMIREZ\\vendor\\laravel\\framework\\src\\Illuminate\\View\\View.php(178): Illuminate\\View\\View->getContents()
#5 D:\\PROYECTOS\\IMPORTACIONES RAMIREZ\\ERP-RAMIREZ\\vendor\\laravel\\framework\\src\\Illuminate\\View\\View.php(147): Illuminate\\View\\View->renderContents()
#6 D:\\PROYECTOS\\IMPORTACIONES RAMIREZ\\ERP-RAMIREZ\\app\\Http\\Controllers\\TransactionPaymentController.php(416): Illuminate\\View\\View->render()
#7 D:\\PROYECTOS\\IMPORTACIONES RAMIREZ\\ERP-RAMIREZ\\vendor\\laravel\\framework\\src\\Illuminate\\Routing\\Controller.php(54): App\\Http\\Controllers\\TransactionPaymentController->addPayment('48')
#8 D:\\PROYECTOS\\IMPORTACIONES RAMIREZ\\ERP-RAMIREZ\\vendor\\laravel\\framework\\src\\Illuminate\\Routing\\ControllerDispatcher.php(43): Illuminate\\Routing\\Controller->callAction('addPayment', Array)
#9 D:\\PROYECTOS\\IMPORTACIONES RAMIREZ\\ERP-RAMIREZ\\vendor\\laravel\\framework\\src\\Illuminate\\Routing\\Route.php(259): Illuminate\\Routing\\ControllerDispatcher->dispatch(Object(Illuminate\\Routing\\Route), Object(App\\Http\\Controllers\\TransactionPaymentController), 'addPayment')
#10 D:\\PROYECTOS\\IMPORTACIONES RAMIREZ\\ERP-RAMIREZ\\vendor\\laravel\\framework\\src\\Illuminate\\Routing\\Route.php(205): Illuminate\\Routing\\Route->runController()
#11 D:\\PROYECTOS\\IMPORTACIONES RAMIREZ\\ERP-RAMIREZ\\vendor\\laravel\\framework\\src\\Illuminate\\Routing\\Router.php(798): Illuminate\\Routing\\Route->run()
#12 D:\\PROYECTOS\\IMPORTACIONES RAMIREZ\\ERP-RAMIREZ\\vendor\\laravel\\framework\\src\\Illuminate\\Pipeline\\Pipeline.php(141): Illuminate\\Routing\\Router->Illuminate\\Routing\\{closure}(Object(Illuminate\\Http\\Request))
#13 D:\\PROYECTOS\\IMPORTACIONES RAMIREZ\\ERP-RAMIREZ\\app\\Http\\Middleware\\CheckUserLogin.php(22): Illuminate\\Pipeline\\Pipeline->Illuminate\\Pipeline\\{closure}(Object(Illuminate\\Http\\Request))
#14 D:\\PROYECTOS\\IMPORTACIONES RAMIREZ\\ERP-RAMIREZ\\vendor\\laravel\\framework\\src\\Illuminate\\Pipeline\\Pipeline.php(180): App\\Http\\Middleware\\CheckUserLogin->handle(Object(Illuminate\\Http\\Request), Object(Closure))
#15 D:\\PROYECTOS\\IMPORTACIONES RAMIREZ\\ERP-RAMIREZ\\app\\Http\\Middleware\\AdminSidebarMenu.php(21): Illuminate\\Pipeline\\Pipeline->Illuminate\\Pipeline\\{closure}(Object(Illuminate\\Http\\Request))
#16 D:\\PROYECTOS\\IMPORTACIONES RAMIREZ\\ERP-RAMIREZ\\vendor\\laravel\\framework\\src\\Illuminate\\Pipeline\\Pipeline.php(180): App\\Http\\Middleware\\AdminSidebarMenu->handle(Object(Illuminate\\Http\\Request), Object(Closure))
#17 D:\\PROYECTOS\\IMPORTACIONES RAMIREZ\\ERP-RAMIREZ\\app\\Http\\Middleware\\Timezone.php(30): Illuminate\\Pipeline\\Pipeline->Illuminate\\Pipeline\\{closure}(Object(Illuminate\\Http\\Request))
#18 D:\\PROYECTOS\\IMPORTACIONES RAMIREZ\\ERP-RAMIREZ\\vendor\\laravel\\framework\\src\\Illuminate\\Pipeline\\Pipeline.php(180): App\\Http\\Middleware\\Timezone->handle(Object(Illuminate\\Http\\Request), Object(Closure))
#19 D:\\PROYECTOS\\IMPORTACIONES RAMIREZ\\ERP-RAMIREZ\\app\\Http\\Middleware\\Language.php(25): Illuminate\\Pipeline\\Pipeline->Illuminate\\Pipeline\\{closure}(Object(Illuminate\\Http\\Request))
#20 D:\\PROYECTOS\\IMPORTACIONES RAMIREZ\\ERP-RAMIREZ\\vendor\\laravel\\framework\\src\\Illuminate\\Pipeline\\Pipeline.php(180): App\\Http\\Middleware\\Language->handle(Object(Illuminate\\Http\\Request), Object(Closure))
#21 D:\\PROYECTOS\\IMPORTACIONES RAMIREZ\\ERP-RAMIREZ\\app\\Http\\Middleware\\SetSessionData.php(52): Illuminate\\Pipeline\\Pipeline->Illuminate\\Pipeline\\{closure}(Object(Illuminate\\Http\\Request))
#22 D:\\PROYECTOS\\IMPORTACIONES RAMIREZ\\ERP-RAMIREZ\\vendor\\laravel\\framework\\src\\Illuminate\\Pipeline\\Pipeline.php(180): App\\Http\\Middleware\\SetSessionData->handle(Object(Illuminate\\Http\\Request), Object(Closure))
#23 D:\\PROYECTOS\\IMPORTACIONES RAMIREZ\\ERP-RAMIREZ\\app\\Http\\Middleware\\IsInstalled.php(50): Illuminate\\Pipeline\\Pipeline->Illuminate\\Pipeline\\{closure}(Object(Illuminate\\Http\\Request))
#24 D:\\PROYECTOS\\IMPORTACIONES RAMIREZ\\ERP-RAMIREZ\\vendor\\laravel\\framework\\src\\Illuminate\\Pipeline\\Pipeline.php(180): App\\Http\\Middleware\\IsInstalled->handle(Object(Illuminate\\Http\\Request), Object(Closure))
#25 D:\\PROYECTOS\\IMPORTACIONES RAMIREZ\\ERP-RAMIREZ\\vendor\\laravel\\framework\\src\\Illuminate\\Routing\\Middleware\\SubstituteBindings.php(50): Illuminate\\Pipeline\\Pipeline->Illuminate\\Pipeline\\{closure}(Object(Illuminate\\Http\\Request))
#26 D:\\PROYECTOS\\IMPORTACIONES RAMIREZ\\ERP-RAMIREZ\\vendor\\laravel\\framework\\src\\Illuminate\\Pipeline\\Pipeline.php(180): Illuminate\\Routing\\Middleware\\SubstituteBindings->handle(Object(Illuminate\\Http\\Request), Object(Closure))
#27 D:\\PROYECTOS\\IMPORTACIONES RAMIREZ\\ERP-RAMIREZ\\vendor\\laravel\\framework\\src\\Illuminate\\Auth\\Middleware\\Authenticate.php(44): Illuminate\\Pipeline\\Pipeline->Illuminate\\Pipeline\\{closure}(Object(Illuminate\\Http\\Request))
#28 D:\\PROYECTOS\\IMPORTACIONES RAMIREZ\\ERP-RAMIREZ\\vendor\\laravel\\framework\\src\\Illuminate\\Pipeline\\Pipeline.php(180): Illuminate\\Auth\\Middleware\\Authenticate->handle(Object(Illuminate\\Http\\Request), Object(Closure))
#29 D:\\PROYECTOS\\IMPORTACIONES RAMIREZ\\ERP-RAMIREZ\\vendor\\laravel\\framework\\src\\Illuminate\\Foundation\\Http\\Middleware\\VerifyCsrfToken.php(78): Illuminate\\Pipeline\\Pipeline->Illuminate\\Pipeline\\{closure}(Object(Illuminate\\Http\\Request))
#30 D:\\PROYECTOS\\IMPORTACIONES RAMIREZ\\ERP-RAMIREZ\\vendor\\laravel\\framework\\src\\Illuminate\\Pipeline\\Pipeline.php(180): Illuminate\\Foundation\\Http\\Middleware\\VerifyCsrfToken->handle(Object(Illuminate\\Http\\Request), Object(Closure))
#31 D:\\PROYECTOS\\IMPORTACIONES RAMIREZ\\ERP-RAMIREZ\\vendor\\laravel\\framework\\src\\Illuminate\\View\\Middleware\\ShareErrorsFromSession.php(49): Illuminate\\Pipeline\\Pipeline->Illuminate\\Pipeline\\{closure}(Object(Illuminate\\Http\\Request))
#32 D:\\PROYECTOS\\IMPORTACIONES RAMIREZ\\ERP-RAMIREZ\\vendor\\laravel\\framework\\src\\Illuminate\\Pipeline\\Pipeline.php(180): Illuminate\\View\\Middleware\\ShareErrorsFromSession->handle(Object(Illuminate\\Http\\Request), Object(Closure))
#33 D:\\PROYECTOS\\IMPORTACIONES RAMIREZ\\ERP-RAMIREZ\\vendor\\laravel\\framework\\src\\Illuminate\\Session\\Middleware\\StartSession.php(121): Illuminate\\Pipeline\\Pipeline->Illuminate\\Pipeline\\{closure}(Object(Illuminate\\Http\\Request))
#34 D:\\PROYECTOS\\IMPORTACIONES RAMIREZ\\ERP-RAMIREZ\\vendor\\laravel\\framework\\src\\Illuminate\\Session\\Middleware\\StartSession.php(64): Illuminate\\Session\\Middleware\\StartSession->handleStatefulRequest(Object(Illuminate\\Http\\Request), Object(Illuminate\\Session\\Store), Object(Closure))
#35 D:\\PROYECTOS\\IMPORTACIONES RAMIREZ\\ERP-RAMIREZ\\vendor\\laravel\\framework\\src\\Illuminate\\Pipeline\\Pipeline.php(180): Illuminate\\Session\\Middleware\\StartSession->handle(Object(Illuminate\\Http\\Request), Object(Closure))
#36 D:\\PROYECTOS\\IMPORTACIONES RAMIREZ\\ERP-RAMIREZ\\vendor\\laravel\\framework\\src\\Illuminate\\Cookie\\Middleware\\AddQueuedCookiesToResponse.php(37): Illuminate\\Pipeline\\Pipeline->Illuminate\\Pipeline\\{closure}(Object(Illuminate\\Http\\Request))
#37 D:\\PROYECTOS\\IMPORTACIONES RAMIREZ\\ERP-RAMIREZ\\vendor\\laravel\\framework\\src\\Illuminate\\Pipeline\\Pipeline.php(180): Illuminate\\Cookie\\Middleware\\AddQueuedCookiesToResponse->handle(Object(Illuminate\\Http\\Request), Object(Closure))
#38 D:\\PROYECTOS\\IMPORTACIONES RAMIREZ\\ERP-RAMIREZ\\vendor\\laravel\\framework\\src\\Illuminate\\Cookie\\Middleware\\EncryptCookies.php(67): Illuminate\\Pipeline\\Pipeline->Illuminate\\Pipeline\\{closure}(Object(Illuminate\\Http\\Request))
#39 D:\\PROYECTOS\\IMPORTACIONES RAMIREZ\\ERP-RAMIREZ\\vendor\\laravel\\framework\\src\\Illuminate\\Pipeline\\Pipeline.php(180): Illuminate\\Cookie\\Middleware\\EncryptCookies->handle(Object(Illuminate\\Http\\Request), Object(Closure))
#40 D:\\PROYECTOS\\IMPORTACIONES RAMIREZ\\ERP-RAMIREZ\\vendor\\laravel\\framework\\src\\Illuminate\\Pipeline\\Pipeline.php(116): Illuminate\\Pipeline\\Pipeline->Illuminate\\Pipeline\\{closure}(Object(Illuminate\\Http\\Request))
#41 D:\\PROYECTOS\\IMPORTACIONES RAMIREZ\\ERP-RAMIREZ\\vendor\\laravel\\framework\\src\\Illuminate\\Routing\\Router.php(797): Illuminate\\Pipeline\\Pipeline->then(Object(Closure))
#42 D:\\PROYECTOS\\IMPORTACIONES RAMIREZ\\ERP-RAMIREZ\\vendor\\laravel\\framework\\src\\Illuminate\\Routing\\Router.php(776): Illuminate\\Routing\\Router->runRouteWithinStack(Object(Illuminate\\Routing\\Route), Object(Illuminate\\Http\\Request))
#43 D:\\PROYECTOS\\IMPORTACIONES RAMIREZ\\ERP-RAMIREZ\\vendor\\laravel\\framework\\src\\Illuminate\\Routing\\Router.php(740): Illuminate\\Routing\\Router->runRoute(Object(Illuminate\\Http\\Request), Object(Illuminate\\Routing\\Route))
#44 D:\\PROYECTOS\\IMPORTACIONES RAMIREZ\\ERP-RAMIREZ\\vendor\\laravel\\framework\\src\\Illuminate\\Routing\\Router.php(729): Illuminate\\Routing\\Router->dispatchToRoute(Object(Illuminate\\Http\\Request))
#45 D:\\PROYECTOS\\IMPORTACIONES RAMIREZ\\ERP-RAMIREZ\\vendor\\laravel\\framework\\src\\Illuminate\\Foundation\\Http\\Kernel.php(190): Illuminate\\Routing\\Router->dispatch(Object(Illuminate\\Http\\Request))
#46 D:\\PROYECTOS\\IMPORTACIONES RAMIREZ\\ERP-RAMIREZ\\vendor\\laravel\\framework\\src\\Illuminate\\Pipeline\\Pipeline.php(141): Illuminate\\Foundation\\Http\\Kernel->Illuminate\\Foundation\\Http\\{closure}(Object(Illuminate\\Http\\Request))
#47 D:\\PROYECTOS\\IMPORTACIONES RAMIREZ\\ERP-RAMIREZ\\vendor\\barryvdh\\laravel-debugbar\\src\\Middleware\\InjectDebugbar.php(59): Illuminate\\Pipeline\\Pipeline->Illuminate\\Pipeline\\{closure}(Object(Illuminate\\Http\\Request))
#48 D:\\PROYECTOS\\IMPORTACIONES RAMIREZ\\ERP-RAMIREZ\\vendor\\laravel\\framework\\src\\Illuminate\\Pipeline\\Pipeline.php(180): Barryvdh\\Debugbar\\Middleware\\InjectDebugbar->handle(Object(Illuminate\\Http\\Request), Object(Closure))
#49 D:\\PROYECTOS\\IMPORTACIONES RAMIREZ\\ERP-RAMIREZ\\vendor\\laravel\\framework\\src\\Illuminate\\Foundation\\Http\\Middleware\\TransformsRequest.php(21): Illuminate\\Pipeline\\Pipeline->Illuminate\\Pipeline\\{closure}(Object(Illuminate\\Http\\Request))
#50 D:\\PROYECTOS\\IMPORTACIONES RAMIREZ\\ERP-RAMIREZ\\vendor\\laravel\\framework\\src\\Illuminate\\Foundation\\Http\\Middleware\\ConvertEmptyStringsToNull.php(31): Illuminate\\Foundation\\Http\\Middleware\\TransformsRequest->handle(Object(Illuminate\\Http\\Request), Object(Closure))
#51 D:\\PROYECTOS\\IMPORTACIONES RAMIREZ\\ERP-RAMIREZ\\vendor\\laravel\\framework\\src\\Illuminate\\Pipeline\\Pipeline.php(180): Illuminate\\Foundation\\Http\\Middleware\\ConvertEmptyStringsToNull->handle(Object(Illuminate\\Http\\Request), Object(Closure))
#52 D:\\PROYECTOS\\IMPORTACIONES RAMIREZ\\ERP-RAMIREZ\\vendor\\laravel\\framework\\src\\Illuminate\\Foundation\\Http\\Middleware\\TransformsRequest.php(21): Illuminate\\Pipeline\\Pipeline->Illuminate\\Pipeline\\{closure}(Object(Illuminate\\Http\\Request))
#53 D:\\PROYECTOS\\IMPORTACIONES RAMIREZ\\ERP-RAMIREZ\\vendor\\laravel\\framework\\src\\Illuminate\\Foundation\\Http\\Middleware\\TrimStrings.php(40): Illuminate\\Foundation\\Http\\Middleware\\TransformsRequest->handle(Object(Illuminate\\Http\\Request), Object(Closure))
#54 D:\\PROYECTOS\\IMPORTACIONES RAMIREZ\\ERP-RAMIREZ\\vendor\\laravel\\framework\\src\\Illuminate\\Pipeline\\Pipeline.php(180): Illuminate\\Foundation\\Http\\Middleware\\TrimStrings->handle(Object(Illuminate\\Http\\Request), Object(Closure))
#55 D:\\PROYECTOS\\IMPORTACIONES RAMIREZ\\ERP-RAMIREZ\\vendor\\laravel\\framework\\src\\Illuminate\\Foundation\\Http\\Middleware\\ValidatePostSize.php(27): Illuminate\\Pipeline\\Pipeline->Illuminate\\Pipeline\\{closure}(Object(Illuminate\\Http\\Request))
#56 D:\\PROYECTOS\\IMPORTACIONES RAMIREZ\\ERP-RAMIREZ\\vendor\\laravel\\framework\\src\\Illuminate\\Pipeline\\Pipeline.php(180): Illuminate\\Foundation\\Http\\Middleware\\ValidatePostSize->handle(Object(Illuminate\\Http\\Request), Object(Closure))
#57 D:\\PROYECTOS\\IMPORTACIONES RAMIREZ\\ERP-RAMIREZ\\vendor\\laravel\\framework\\src\\Illuminate\\Foundation\\Http\\Middleware\\PreventRequestsDuringMaintenance.php(86): Illuminate\\Pipeline\\Pipeline->Illuminate\\Pipeline\\{closure}(Object(Illuminate\\Http\\Request))
#58 D:\\PROYECTOS\\IMPORTACIONES RAMIREZ\\ERP-RAMIREZ\\vendor\\laravel\\framework\\src\\Illuminate\\Pipeline\\Pipeline.php(180): Illuminate\\Foundation\\Http\\Middleware\\PreventRequestsDuringMaintenance->handle(Object(Illuminate\\Http\\Request), Object(Closure))
#59 D:\\PROYECTOS\\IMPORTACIONES RAMIREZ\\ERP-RAMIREZ\\vendor\\laravel\\framework\\src\\Illuminate\\Http\\Middleware\\HandleCors.php(49): Illuminate\\Pipeline\\Pipeline->Illuminate\\Pipeline\\{closure}(Object(Illuminate\\Http\\Request))
#60 D:\\PROYECTOS\\IMPORTACIONES RAMIREZ\\ERP-RAMIREZ\\vendor\\laravel\\framework\\src\\Illuminate\\Pipeline\\Pipeline.php(180): Illuminate\\Http\\Middleware\\HandleCors->handle(Object(Illuminate\\Http\\Request), Object(Closure))
#61 D:\\PROYECTOS\\IMPORTACIONES RAMIREZ\\ERP-RAMIREZ\\vendor\\laravel\\framework\\src\\Illuminate\\Http\\Middleware\\TrustProxies.php(39): Illuminate\\Pipeline\\Pipeline->Illuminate\\Pipeline\\{closure}(Object(Illuminate\\Http\\Request))
#62 D:\\PROYECTOS\\IMPORTACIONES RAMIREZ\\ERP-RAMIREZ\\vendor\\laravel\\framework\\src\\Illuminate\\Pipeline\\Pipeline.php(180): Illuminate\\Http\\Middleware\\TrustProxies->handle(Object(Illuminate\\Http\\Request), Object(Closure))
#63 D:\\PROYECTOS\\IMPORTACIONES RAMIREZ\\ERP-RAMIREZ\\vendor\\laravel\\framework\\src\\Illuminate\\Pipeline\\Pipeline.php(116): Illuminate\\Pipeline\\Pipeline->Illuminate\\Pipeline\\{closure}(Object(Illuminate\\Http\\Request))
#64 D:\\PROYECTOS\\IMPORTACIONES RAMIREZ\\ERP-RAMIREZ\\vendor\\laravel\\framework\\src\\Illuminate\\Foundation\\Http\\Kernel.php(165): Illuminate\\Pipeline\\Pipeline->then(Object(Closure))
#65 D:\\PROYECTOS\\IMPORTACIONES RAMIREZ\\ERP-RAMIREZ\\vendor\\laravel\\framework\\src\\Illuminate\\Foundation\\Http\\Kernel.php(134): Illuminate\\Foundation\\Http\\Kernel->sendRequestThroughRouter(Object(Illuminate\\Http\\Request))
#66 D:\\PROYECTOS\\IMPORTACIONES RAMIREZ\\ERP-RAMIREZ\\public\\index.php(51): Illuminate\\Foundation\\Http\\Kernel->handle(Object(Illuminate\\Http\\Request))
#67 D:\\PROYECTOS\\IMPORTACIONES RAMIREZ\\ERP-RAMIREZ\\vendor\\laravel\\framework\\src\\Illuminate\\Foundation\\resources\\server.php(16): require_once('D:\\\\PROYECTOS\\\\IM...')
#68 {main}

[previous exception] [object] (ParseError(code: 0): Unmatched ')' at D:\\PROYECTOS\\IMPORTACIONES RAMIREZ\\ERP-RAMIREZ\\storage\\framework\\views\\ae16e88c31f3a20fa7f21b48f4b3c49b590dac20.php:53)
[stacktrace]
#0 D:\\PROYECTOS\\IMPORTACIONES RAMIREZ\\ERP-RAMIREZ\\vendor\\laravel\\framework\\src\\Illuminate\\Filesystem\\Filesystem.php(110): Illuminate\\Filesystem\\Filesystem::Illuminate\\Filesystem\\{closure}()
#1 D:\\PROYECTOS\\IMPORTACIONES RAMIREZ\\ERP-RAMIREZ\\vendor\\laravel\\framework\\src\\Illuminate\\View\\Engines\\PhpEngine.php(58): Illuminate\\Filesystem\\Filesystem->getRequire('D:\\\\PROYECTOS\\\\IM...', Array)
#2 D:\\PROYECTOS\\IMPORTACIONES RAMIREZ\\ERP-RAMIREZ\\vendor\\laravel\\framework\\src\\Illuminate\\View\\Engines\\CompilerEngine.php(70): Illuminate\\View\\Engines\\PhpEngine->evaluatePath('D:\\\\PROYECTOS\\\\IM...', Array)
#3 D:\\PROYECTOS\\IMPORTACIONES RAMIREZ\\ERP-RAMIREZ\\vendor\\laravel\\framework\\src\\Illuminate\\View\\View.php(195): Illuminate\\View\\Engines\\CompilerEngine->get('D:\\\\PROYECTOS\\\\IM...', Array)
#4 D:\\PROYECTOS\\IMPORTACIONES RAMIREZ\\ERP-RAMIREZ\\vendor\\laravel\\framework\\src\\Illuminate\\View\\View.php(178): Illuminate\\View\\View->getContents()
#5 D:\\PROYECTOS\\IMPORTACIONES RAMIREZ\\ERP-RAMIREZ\\vendor\\laravel\\framework\\src\\Illuminate\\View\\View.php(147): Illuminate\\View\\View->renderContents()
#6 D:\\PROYECTOS\\IMPORTACIONES RAMIREZ\\ERP-RAMIREZ\\app\\Http\\Controllers\\TransactionPaymentController.php(416): Illuminate\\View\\View->render()
#7 D:\\PROYECTOS\\IMPORTACIONES RAMIREZ\\ERP-RAMIREZ\\vendor\\laravel\\framework\\src\\Illuminate\\Routing\\Controller.php(54): App\\Http\\Controllers\\TransactionPaymentController->addPayment('48')
#8 D:\\PROYECTOS\\IMPORTACIONES RAMIREZ\\ERP-RAMIREZ\\vendor\\laravel\\framework\\src\\Illuminate\\Routing\\ControllerDispatcher.php(43): Illuminate\\Routing\\Controller->callAction('addPayment', Array)
#9 D:\\PROYECTOS\\IMPORTACIONES RAMIREZ\\ERP-RAMIREZ\\vendor\\laravel\\framework\\src\\Illuminate\\Routing\\Route.php(259): Illuminate\\Routing\\ControllerDispatcher->dispatch(Object(Illuminate\\Routing\\Route), Object(App\\Http\\Controllers\\TransactionPaymentController), 'addPayment')
#10 D:\\PROYECTOS\\IMPORTACIONES RAMIREZ\\ERP-RAMIREZ\\vendor\\laravel\\framework\\src\\Illuminate\\Routing\\Route.php(205): Illuminate\\Routing\\Route->runController()
#11 D:\\PROYECTOS\\IMPORTACIONES RAMIREZ\\ERP-RAMIREZ\\vendor\\laravel\\framework\\src\\Illuminate\\Routing\\Router.php(798): Illuminate\\Routing\\Route->run()
#12 D:\\PROYECTOS\\IMPORTACIONES RAMIREZ\\ERP-RAMIREZ\\vendor\\laravel\\framework\\src\\Illuminate\\Pipeline\\Pipeline.php(141): Illuminate\\Routing\\Router->Illuminate\\Routing\\{closure}(Object(Illuminate\\Http\\Request))
#13 D:\\PROYECTOS\\IMPORTACIONES RAMIREZ\\ERP-RAMIREZ\\app\\Http\\Middleware\\CheckUserLogin.php(22): Illuminate\\Pipeline\\Pipeline->Illuminate\\Pipeline\\{closure}(Object(Illuminate\\Http\\Request))
#14 D:\\PROYECTOS\\IMPORTACIONES RAMIREZ\\ERP-RAMIREZ\\vendor\\laravel\\framework\\src\\Illuminate\\Pipeline\\Pipeline.php(180): App\\Http\\Middleware\\CheckUserLogin->handle(Object(Illuminate\\Http\\Request), Object(Closure))
#15 D:\\PROYECTOS\\IMPORTACIONES RAMIREZ\\ERP-RAMIREZ\\app\\Http\\Middleware\\AdminSidebarMenu.php(21): Illuminate\\Pipeline\\Pipeline->Illuminate\\Pipeline\\{closure}(Object(Illuminate\\Http\\Request))
#16 D:\\PROYECTOS\\IMPORTACIONES RAMIREZ\\ERP-RAMIREZ\\vendor\\laravel\\framework\\src\\Illuminate\\Pipeline\\Pipeline.php(180): App\\Http\\Middleware\\AdminSidebarMenu->handle(Object(Illuminate\\Http\\Request), Object(Closure))
#17 D:\\PROYECTOS\\IMPORTACIONES RAMIREZ\\ERP-RAMIREZ\\app\\Http\\Middleware\\Timezone.php(30): Illuminate\\Pipeline\\Pipeline->Illuminate\\Pipeline\\{closure}(Object(Illuminate\\Http\\Request))
#18 D:\\PROYECTOS\\IMPORTACIONES RAMIREZ\\ERP-RAMIREZ\\vendor\\laravel\\framework\\src\\Illuminate\\Pipeline\\Pipeline.php(180): App\\Http\\Middleware\\Timezone->handle(Object(Illuminate\\Http\\Request), Object(Closure))
#19 D:\\PROYECTOS\\IMPORTACIONES RAMIREZ\\ERP-RAMIREZ\\app\\Http\\Middleware\\Language.php(25): Illuminate\\Pipeline\\Pipeline->Illuminate\\Pipeline\\{closure}(Object(Illuminate\\Http\\Request))
#20 D:\\PROYECTOS\\IMPORTACIONES RAMIREZ\\ERP-RAMIREZ\\vendor\\laravel\\framework\\src\\Illuminate\\Pipeline\\Pipeline.php(180): App\\Http\\Middleware\\Language->handle(Object(Illuminate\\Http\\Request), Object(Closure))
#21 D:\\PROYECTOS\\IMPORTACIONES RAMIREZ\\ERP-RAMIREZ\\app\\Http\\Middleware\\SetSessionData.php(52): Illuminate\\Pipeline\\Pipeline->Illuminate\\Pipeline\\{closure}(Object(Illuminate\\Http\\Request))
#22 D:\\PROYECTOS\\IMPORTACIONES RAMIREZ\\ERP-RAMIREZ\\vendor\\laravel\\framework\\src\\Illuminate\\Pipeline\\Pipeline.php(180): App\\Http\\Middleware\\SetSessionData->handle(Object(Illuminate\\Http\\Request), Object(Closure))
#23 D:\\PROYECTOS\\IMPORTACIONES RAMIREZ\\ERP-RAMIREZ\\app\\Http\\Middleware\\IsInstalled.php(50): Illuminate\\Pipeline\\Pipeline->Illuminate\\Pipeline\\{closure}(Object(Illuminate\\Http\\Request))
#24 D:\\PROYECTOS\\IMPORTACIONES RAMIREZ\\ERP-RAMIREZ\\vendor\\laravel\\framework\\src\\Illuminate\\Pipeline\\Pipeline.php(180): App\\Http\\Middleware\\IsInstalled->handle(Object(Illuminate\\Http\\Request), Object(Closure))
#25 D:\\PROYECTOS\\IMPORTACIONES RAMIREZ\\ERP-RAMIREZ\\vendor\\laravel\\framework\\src\\Illuminate\\Routing\\Middleware\\SubstituteBindings.php(50): Illuminate\\Pipeline\\Pipeline->Illuminate\\Pipeline\\{closure}(Object(Illuminate\\Http\\Request))
#26 D:\\PROYECTOS\\IMPORTACIONES RAMIREZ\\ERP-RAMIREZ\\vendor\\laravel\\framework\\src\\Illuminate\\Pipeline\\Pipeline.php(180): Illuminate\\Routing\\Middleware\\SubstituteBindings->handle(Object(Illuminate\\Http\\Request), Object(Closure))
#27 D:\\PROYECTOS\\IMPORTACIONES RAMIREZ\\ERP-RAMIREZ\\vendor\\laravel\\framework\\src\\Illuminate\\Auth\\Middleware\\Authenticate.php(44): Illuminate\\Pipeline\\Pipeline->Illuminate\\Pipeline\\{closure}(Object(Illuminate\\Http\\Request))
#28 D:\\PROYECTOS\\IMPORTACIONES RAMIREZ\\ERP-RAMIREZ\\vendor\\laravel\\framework\\src\\Illuminate\\Pipeline\\Pipeline.php(180): Illuminate\\Auth\\Middleware\\Authenticate->handle(Object(Illuminate\\Http\\Request), Object(Closure))
#29 D:\\PROYECTOS\\IMPORTACIONES RAMIREZ\\ERP-RAMIREZ\\vendor\\laravel\\framework\\src\\Illuminate\\Foundation\\Http\\Middleware\\VerifyCsrfToken.php(78): Illuminate\\Pipeline\\Pipeline->Illuminate\\Pipeline\\{closure}(Object(Illuminate\\Http\\Request))
#30 D:\\PROYECTOS\\IMPORTACIONES RAMIREZ\\ERP-RAMIREZ\\vendor\\laravel\\framework\\src\\Illuminate\\Pipeline\\Pipeline.php(180): Illuminate\\Foundation\\Http\\Middleware\\VerifyCsrfToken->handle(Object(Illuminate\\Http\\Request), Object(Closure))
#31 D:\\PROYECTOS\\IMPORTACIONES RAMIREZ\\ERP-RAMIREZ\\vendor\\laravel\\framework\\src\\Illuminate\\View\\Middleware\\ShareErrorsFromSession.php(49): Illuminate\\Pipeline\\Pipeline->Illuminate\\Pipeline\\{closure}(Object(Illuminate\\Http\\Request))
#32 D:\\PROYECTOS\\IMPORTACIONES RAMIREZ\\ERP-RAMIREZ\\vendor\\laravel\\framework\\src\\Illuminate\\Pipeline\\Pipeline.php(180): Illuminate\\View\\Middleware\\ShareErrorsFromSession->handle(Object(Illuminate\\Http\\Request), Object(Closure))
#33 D:\\PROYECTOS\\IMPORTACIONES RAMIREZ\\ERP-RAMIREZ\\vendor\\laravel\\framework\\src\\Illuminate\\Session\\Middleware\\StartSession.php(121): Illuminate\\Pipeline\\Pipeline->Illuminate\\Pipeline\\{closure}(Object(Illuminate\\Http\\Request))
#34 D:\\PROYECTOS\\IMPORTACIONES RAMIREZ\\ERP-RAMIREZ\\vendor\\laravel\\framework\\src\\Illuminate\\Session\\Middleware\\StartSession.php(64): Illuminate\\Session\\Middleware\\StartSession->handleStatefulRequest(Object(Illuminate\\Http\\Request), Object(Illuminate\\Session\\Store), Object(Closure))
#35 D:\\PROYECTOS\\IMPORTACIONES RAMIREZ\\ERP-RAMIREZ\\vendor\\laravel\\framework\\src\\Illuminate\\Pipeline\\Pipeline.php(180): Illuminate\\Session\\Middleware\\StartSession->handle(Object(Illuminate\\Http\\Request), Object(Closure))
#36 D:\\PROYECTOS\\IMPORTACIONES RAMIREZ\\ERP-RAMIREZ\\vendor\\laravel\\framework\\src\\Illuminate\\Cookie\\Middleware\\AddQueuedCookiesToResponse.php(37): Illuminate\\Pipeline\\Pipeline->Illuminate\\Pipeline\\{closure}(Object(Illuminate\\Http\\Request))
#37 D:\\PROYECTOS\\IMPORTACIONES RAMIREZ\\ERP-RAMIREZ\\vendor\\laravel\\framework\\src\\Illuminate\\Pipeline\\Pipeline.php(180): Illuminate\\Cookie\\Middleware\\AddQueuedCookiesToResponse->handle(Object(Illuminate\\Http\\Request), Object(Closure))
#38 D:\\PROYECTOS\\IMPORTACIONES RAMIREZ\\ERP-RAMIREZ\\vendor\\laravel\\framework\\src\\Illuminate\\Cookie\\Middleware\\EncryptCookies.php(67): Illuminate\\Pipeline\\Pipeline->Illuminate\\Pipeline\\{closure}(Object(Illuminate\\Http\\Request))
#39 D:\\PROYECTOS\\IMPORTACIONES RAMIREZ\\ERP-RAMIREZ\\vendor\\laravel\\framework\\src\\Illuminate\\Pipeline\\Pipeline.php(180): Illuminate\\Cookie\\Middleware\\EncryptCookies->handle(Object(Illuminate\\Http\\Request), Object(Closure))
#40 D:\\PROYECTOS\\IMPORTACIONES RAMIREZ\\ERP-RAMIREZ\\vendor\\laravel\\framework\\src\\Illuminate\\Pipeline\\Pipeline.php(116): Illuminate\\Pipeline\\Pipeline->Illuminate\\Pipeline\\{closure}(Object(Illuminate\\Http\\Request))
#41 D:\\PROYECTOS\\IMPORTACIONES RAMIREZ\\ERP-RAMIREZ\\vendor\\laravel\\framework\\src\\Illuminate\\Routing\\Router.php(797): Illuminate\\Pipeline\\Pipeline->then(Object(Closure))
#42 D:\\PROYECTOS\\IMPORTACIONES RAMIREZ\\ERP-RAMIREZ\\vendor\\laravel\\framework\\src\\Illuminate\\Routing\\Router.php(776): Illuminate\\Routing\\Router->runRouteWithinStack(Object(Illuminate\\Routing\\Route), Object(Illuminate\\Http\\Request))
#43 D:\\PROYECTOS\\IMPORTACIONES RAMIREZ\\ERP-RAMIREZ\\vendor\\laravel\\framework\\src\\Illuminate\\Routing\\Router.php(740): Illuminate\\Routing\\Router->runRoute(Object(Illuminate\\Http\\Request), Object(Illuminate\\Routing\\Route))
#44 D:\\PROYECTOS\\IMPORTACIONES RAMIREZ\\ERP-RAMIREZ\\vendor\\laravel\\framework\\src\\Illuminate\\Routing\\Router.php(729): Illuminate\\Routing\\Router->dispatchToRoute(Object(Illuminate\\Http\\Request))
#45 D:\\PROYECTOS\\IMPORTACIONES RAMIREZ\\ERP-RAMIREZ\\vendor\\laravel\\framework\\src\\Illuminate\\Foundation\\Http\\Kernel.php(190): Illuminate\\Routing\\Router->dispatch(Object(Illuminate\\Http\\Request))
#46 D:\\PROYECTOS\\IMPORTACIONES RAMIREZ\\ERP-RAMIREZ\\vendor\\laravel\\framework\\src\\Illuminate\\Pipeline\\Pipeline.php(141): Illuminate\\Foundation\\Http\\Kernel->Illuminate\\Foundation\\Http\\{closure}(Object(Illuminate\\Http\\Request))
#47 D:\\PROYECTOS\\IMPORTACIONES RAMIREZ\\ERP-RAMIREZ\\vendor\\barryvdh\\laravel-debugbar\\src\\Middleware\\InjectDebugbar.php(59): Illuminate\\Pipeline\\Pipeline->Illuminate\\Pipeline\\{closure}(Object(Illuminate\\Http\\Request))
#48 D:\\PROYECTOS\\IMPORTACIONES RAMIREZ\\ERP-RAMIREZ\\vendor\\laravel\\framework\\src\\Illuminate\\Pipeline\\Pipeline.php(180): Barryvdh\\Debugbar\\Middleware\\InjectDebugbar->handle(Object(Illuminate\\Http\\Request), Object(Closure))
#49 D:\\PROYECTOS\\IMPORTACIONES RAMIREZ\\ERP-RAMIREZ\\vendor\\laravel\\framework\\src\\Illuminate\\Foundation\\Http\\Middleware\\TransformsRequest.php(21): Illuminate\\Pipeline\\Pipeline->Illuminate\\Pipeline\\{closure}(Object(Illuminate\\Http\\Request))
#50 D:\\PROYECTOS\\IMPORTACIONES RAMIREZ\\ERP-RAMIREZ\\vendor\\laravel\\framework\\src\\Illuminate\\Foundation\\Http\\Middleware\\ConvertEmptyStringsToNull.php(31): Illuminate\\Foundation\\Http\\Middleware\\TransformsRequest->handle(Object(Illuminate\\Http\\Request), Object(Closure))
#51 D:\\PROYECTOS\\IMPORTACIONES RAMIREZ\\ERP-RAMIREZ\\vendor\\laravel\\framework\\src\\Illuminate\\Pipeline\\Pipeline.php(180): Illuminate\\Foundation\\Http\\Middleware\\ConvertEmptyStringsToNull->handle(Object(Illuminate\\Http\\Request), Object(Closure))
#52 D:\\PROYECTOS\\IMPORTACIONES RAMIREZ\\ERP-RAMIREZ\\vendor\\laravel\\framework\\src\\Illuminate\\Foundation\\Http\\Middleware\\TransformsRequest.php(21): Illuminate\\Pipeline\\Pipeline->Illuminate\\Pipeline\\{closure}(Object(Illuminate\\Http\\Request))
#53 D:\\PROYECTOS\\IMPORTACIONES RAMIREZ\\ERP-RAMIREZ\\vendor\\laravel\\framework\\src\\Illuminate\\Foundation\\Http\\Middleware\\TrimStrings.php(40): Illuminate\\Foundation\\Http\\Middleware\\TransformsRequest->handle(Object(Illuminate\\Http\\Request), Object(Closure))
#54 D:\\PROYECTOS\\IMPORTACIONES RAMIREZ\\ERP-RAMIREZ\\vendor\\laravel\\framework\\src\\Illuminate\\Pipeline\\Pipeline.php(180): Illuminate\\Foundation\\Http\\Middleware\\TrimStrings->handle(Object(Illuminate\\Http\\Request), Object(Closure))
#55 D:\\PROYECTOS\\IMPORTACIONES RAMIREZ\\ERP-RAMIREZ\\vendor\\laravel\\framework\\src\\Illuminate\\Foundation\\Http\\Middleware\\ValidatePostSize.php(27): Illuminate\\Pipeline\\Pipeline->Illuminate\\Pipeline\\{closure}(Object(Illuminate\\Http\\Request))
#56 D:\\PROYECTOS\\IMPORTACIONES RAMIREZ\\ERP-RAMIREZ\\vendor\\laravel\\framework\\src\\Illuminate\\Pipeline\\Pipeline.php(180): Illuminate\\Foundation\\Http\\Middleware\\ValidatePostSize->handle(Object(Illuminate\\Http\\Request), Object(Closure))
#57 D:\\PROYECTOS\\IMPORTACIONES RAMIREZ\\ERP-RAMIREZ\\vendor\\laravel\\framework\\src\\Illuminate\\Foundation\\Http\\Middleware\\PreventRequestsDuringMaintenance.php(86): Illuminate\\Pipeline\\Pipeline->Illuminate\\Pipeline\\{closure}(Object(Illuminate\\Http\\Request))
#58 D:\\PROYECTOS\\IMPORTACIONES RAMIREZ\\ERP-RAMIREZ\\vendor\\laravel\\framework\\src\\Illuminate\\Pipeline\\Pipeline.php(180): Illuminate\\Foundation\\Http\\Middleware\\PreventRequestsDuringMaintenance->handle(Object(Illuminate\\Http\\Request), Object(Closure))
#59 D:\\PROYECTOS\\IMPORTACIONES RAMIREZ\\ERP-RAMIREZ\\vendor\\laravel\\framework\\src\\Illuminate\\Http\\Middleware\\HandleCors.php(49): Illuminate\\Pipeline\\Pipeline->Illuminate\\Pipeline\\{closure}(Object(Illuminate\\Http\\Request))
#60 D:\\PROYECTOS\\IMPORTACIONES RAMIREZ\\ERP-RAMIREZ\\vendor\\laravel\\framework\\src\\Illuminate\\Pipeline\\Pipeline.php(180): Illuminate\\Http\\Middleware\\HandleCors->handle(Object(Illuminate\\Http\\Request), Object(Closure))
#61 D:\\PROYECTOS\\IMPORTACIONES RAMIREZ\\ERP-RAMIREZ\\vendor\\laravel\\framework\\src\\Illuminate\\Http\\Middleware\\TrustProxies.php(39): Illuminate\\Pipeline\\Pipeline->Illuminate\\Pipeline\\{closure}(Object(Illuminate\\Http\\Request))
#62 D:\\PROYECTOS\\IMPORTACIONES RAMIREZ\\ERP-RAMIREZ\\vendor\\laravel\\framework\\src\\Illuminate\\Pipeline\\Pipeline.php(180): Illuminate\\Http\\Middleware\\TrustProxies->handle(Object(Illuminate\\Http\\Request), Object(Closure))
#63 D:\\PROYECTOS\\IMPORTACIONES RAMIREZ\\ERP-RAMIREZ\\vendor\\laravel\\framework\\src\\Illuminate\\Pipeline\\Pipeline.php(116): Illuminate\\Pipeline\\Pipeline->Illuminate\\Pipeline\\{closure}(Object(Illuminate\\Http\\Request))
#64 D:\\PROYECTOS\\IMPORTACIONES RAMIREZ\\ERP-RAMIREZ\\vendor\\laravel\\framework\\src\\Illuminate\\Foundation\\Http\\Kernel.php(165): Illuminate\\Pipeline\\Pipeline->then(Object(Closure))
#65 D:\\PROYECTOS\\IMPORTACIONES RAMIREZ\\ERP-RAMIREZ\\vendor\\laravel\\framework\\src\\Illuminate\\Foundation\\Http\\Kernel.php(134): Illuminate\\Foundation\\Http\\Kernel->sendRequestThroughRouter(Object(Illuminate\\Http\\Request))
#66 D:\\PROYECTOS\\IMPORTACIONES RAMIREZ\\ERP-RAMIREZ\\public\\index.php(51): Illuminate\\Foundation\\Http\\Kernel->handle(Object(Illuminate\\Http\\Request))
#67 D:\\PROYECTOS\\IMPORTACIONES RAMIREZ\\ERP-RAMIREZ\\vendor\\laravel\\framework\\src\\Illuminate\\Foundation\\resources\\server.php(16): require_once('D:\\\\PROYECTOS\\\\IM...')
#68 {main}
"} 
