[2026-05-29 23:57:38] local.ERROR: Symfony\Component\Routing\Exception\RouteNotFoundException: Route [reportes.cuentas_por_pagar] not defined. in D:\PROYECTOS\IMPORTACIONES RAMIREZ\ERP-RAMIREZ\vendor\laravel\framework\src\Illuminate\Routing\UrlGenerator.php:467
Stack trace:
#0 D:\PROYECTOS\IMPORTACIONES RAMIREZ\ERP-RAMIREZ\vendor\laravel\framework\src\Illuminate\Foundation\helpers.php(826): Illuminate\Routing\UrlGenerator->route('reportes.cuenta...', Array, true)
#1 D:\PROYECTOS\IMPORTACIONES RAMIREZ\ERP-RAMIREZ\app\Http\Controllers\ContactController.php(222): route('reportes.cuenta...')
#2 D:\PROYECTOS\IMPORTACIONES RAMIREZ\ERP-RAMIREZ\vendor\laravel\framework\src\Illuminate\Container\BoundMethod.php(36): App\Http\Controllers\ContactController->App\Http\Controllers\{closure}(Object(App\Contact))
#3 D:\PROYECTOS\IMPORTACIONES RAMIREZ\ERP-RAMIREZ\vendor\laravel\framework\src\Illuminate\Container\Util.php(41): Illuminate\Container\BoundMethod::Illuminate\Container\{closure}()
#4 D:\PROYECTOS\IMPORTACIONES RAMIREZ\ERP-RAMIREZ\vendor\laravel\framework\src\Illuminate\Container\BoundMethod.php(81): Illuminate\Container\Util::unwrapIfClosure(Object(Closure))
#5 D:\PROYECTOS\IMPORTACIONES RAMIREZ\ERP-RAMIREZ\vendor\laravel\framework\src\Illuminate\Container\BoundMethod.php(35): Illuminate\Container\BoundMethod::callBoundMethod(Object(Illuminate\Foundation\Application), Object(Closure), Object(Closure))
#6 D:\PROYECTOS\IMPORTACIONES RAMIREZ\ERP-RAMIREZ\vendor\laravel\framework\src\Illuminate\Container\Container.php(661): Illuminate\Container\BoundMethod::call(Object(Illuminate\Foundation\Application), Object(Closure), Array, NULL)
#7 D:\PROYECTOS\IMPORTACIONES RAMIREZ\ERP-RAMIREZ\vendor\yajra\laravel-datatables-oracle\src\Utilities\Helper.php(71): Illuminate\Container\Container->call(Object(Closure), Array)
#8 D:\PROYECTOS\IMPORTACIONES RAMIREZ\ERP-RAMIREZ\vendor\yajra\laravel-datatables-oracle\src\Processors\DataProcessor.php(137): Yajra\DataTables\Utilities\Helper::compileContent(Object(Closure), Array, Object(App\Contact))
#9 D:\PROYECTOS\IMPORTACIONES RAMIREZ\ERP-RAMIREZ\vendor\yajra\laravel-datatables-oracle\src\Processors\DataProcessor.php(106): Yajra\DataTables\Processors\DataProcessor->addColumns(Array, Object(App\Contact))
#10 D:\PROYECTOS\IMPORTACIONES RAMIREZ\ERP-RAMIREZ\vendor\yajra\laravel-datatables-oracle\src\DataTableAbstract.php(806): Yajra\DataTables\Processors\DataProcessor->process(true)
#11 D:\PROYECTOS\IMPORTACIONES RAMIREZ\ERP-RAMIREZ\vendor\yajra\laravel-datatables-oracle\src\QueryDataTable.php(102): Yajra\DataTables\DataTableAbstract->processResults(Object(Illuminate\Database\Eloquent\Collection), true)
#12 D:\PROYECTOS\IMPORTACIONES RAMIREZ\ERP-RAMIREZ\app\Http\Controllers\ContactController.php(316): Yajra\DataTables\QueryDataTable->make(true)
#13 D:\PROYECTOS\IMPORTACIONES RAMIREZ\ERP-RAMIREZ\app\Http\Controllers\ContactController.php(77): App\Http\Controllers\ContactController->indexSupplier()
#14 D:\PROYECTOS\IMPORTACIONES RAMIREZ\ERP-RAMIREZ\vendor\laravel\framework\src\Illuminate\Routing\Controller.php(54): App\Http\Controllers\ContactController->index()
#15 D:\PROYECTOS\IMPORTACIONES RAMIREZ\ERP-RAMIREZ\vendor\laravel\framework\src\Illuminate\Routing\ControllerDispatcher.php(43): Illuminate\Routing\Controller->callAction('index', Array)
#16 D:\PROYECTOS\IMPORTACIONES RAMIREZ\ERP-RAMIREZ\vendor\laravel\framework\src\Illuminate\Routing\Route.php(259): Illuminate\Routing\ControllerDispatcher->dispatch(Object(Illuminate\Routing\Route), Object(App\Http\Controllers\ContactController), 'index')
#17 D:\PROYECTOS\IMPORTACIONES RAMIREZ\ERP-RAMIREZ\vendor\laravel\framework\src\Illuminate\Routing\Route.php(205): Illuminate\Routing\Route->runController()
#18 D:\PROYECTOS\IMPORTACIONES RAMIREZ\ERP-RAMIREZ\vendor\laravel\framework\src\Illuminate\Routing\Router.php(798): Illuminate\Routing\Route->run()
#19 D:\PROYECTOS\IMPORTACIONES RAMIREZ\ERP-RAMIREZ\vendor\laravel\framework\src\Illuminate\Pipeline\Pipeline.php(141): Illuminate\Routing\Router->Illuminate\Routing\{closure}(Object(Illuminate\Http\Request))
#20 D:\PROYECTOS\IMPORTACIONES RAMIREZ\ERP-RAMIREZ\app\Http\Middleware\CheckUserLogin.php(22): Illuminate\Pipeline\Pipeline->Illuminate\Pipeline\{closure}(Object(Illuminate\Http\Request))
#21 D:\PROYECTOS\IMPORTACIONES RAMIREZ\ERP-RAMIREZ\vendor\laravel\framework\src\Illuminate\Pipeline\Pipeline.php(180): App\Http\Middleware\CheckUserLogin->handle(Object(Illuminate\Http\Request), Object(Closure))
#22 D:\PROYECTOS\IMPORTACIONES RAMIREZ\ERP-RAMIREZ\app\Http\Middleware\AdminSidebarMenu.php(21): Illuminate\Pipeline\Pipeline->Illuminate\Pipeline\{closure}(Object(Illuminate\Http\Request))
#23 D:\PROYECTOS\IMPORTACIONES RAMIREZ\ERP-RAMIREZ\vendor\laravel\framework\src\Illuminate\Pipeline\Pipeline.php(180): App\Http\Middleware\AdminSidebarMenu->handle(Object(Illuminate\Http\Request), Object(Closure))
#24 D:\PROYECTOS\IMPORTACIONES RAMIREZ\ERP-RAMIREZ\app\Http\Middleware\Timezone.php(30): Illuminate\Pipeline\Pipeline->Illuminate\Pipeline\{closure}(Object(Illuminate\Http\Request))
#25 D:\PROYECTOS\IMPORTACIONES RAMIREZ\ERP-RAMIREZ\vendor\laravel\framework\src\Illuminate\Pipeline\Pipeline.php(180): App\Http\Middleware\Timezone->handle(Object(Illuminate\Http\Request), Object(Closure))
#26 D:\PROYECTOS\IMPORTACIONES RAMIREZ\ERP-RAMIREZ\app\Http\Middleware\Language.php(25): Illuminate\Pipeline\Pipeline->Illuminate\Pipeline\{closure}(Object(Illuminate\Http\Request))
#27 D:\PROYECTOS\IMPORTACIONES RAMIREZ\ERP-RAMIREZ\vendor\laravel\framework\src\Illuminate\Pipeline\Pipeline.php(180): App\Http\Middleware\Language->handle(Object(Illuminate\Http\Request), Object(Closure))
#28 D:\PROYECTOS\IMPORTACIONES RAMIREZ\ERP-RAMIREZ\app\Http\Middleware\SetSessionData.php(52): Illuminate\Pipeline\Pipeline->Illuminate\Pipeline\{closure}(Object(Illuminate\Http\Request))
#29 D:\PROYECTOS\IMPORTACIONES RAMIREZ\ERP-RAMIREZ\vendor\laravel\framework\src\Illuminate\Pipeline\Pipeline.php(180): App\Http\Middleware\SetSessionData->handle(Object(Illuminate\Http\Request), Object(Closure))
#30 D:\PROYECTOS\IMPORTACIONES RAMIREZ\ERP-RAMIREZ\app\Http\Middleware\IsInstalled.php(50): Illuminate\Pipeline\Pipeline->Illuminate\Pipeline\{closure}(Object(Illuminate\Http\Request))
#31 D:\PROYECTOS\IMPORTACIONES RAMIREZ\ERP-RAMIREZ\vendor\laravel\framework\src\Illuminate\Pipeline\Pipeline.php(180): App\Http\Middleware\IsInstalled->handle(Object(Illuminate\Http\Request), Object(Closure))
#32 D:\PROYECTOS\IMPORTACIONES RAMIREZ\ERP-RAMIREZ\vendor\laravel\framework\src\Illuminate\Routing\Middleware\SubstituteBindings.php(50): Illuminate\Pipeline\Pipeline->Illuminate\Pipeline\{closure}(Object(Illuminate\Http\Request))
#33 D:\PROYECTOS\IMPORTACIONES RAMIREZ\ERP-RAMIREZ\vendor\laravel\framework\src\Illuminate\Pipeline\Pipeline.php(180): Illuminate\Routing\Middleware\SubstituteBindings->handle(Object(Illuminate\Http\Request), Object(Closure))
#34 D:\PROYECTOS\IMPORTACIONES RAMIREZ\ERP-RAMIREZ\vendor\laravel\framework\src\Illuminate\Auth\Middleware\Authenticate.php(44): Illuminate\Pipeline\Pipeline->Illuminate\Pipeline\{closure}(Object(Illuminate\Http\Request))
#35 D:\PROYECTOS\IMPORTACIONES RAMIREZ\ERP-RAMIREZ\vendor\laravel\framework\src\Illuminate\Pipeline\Pipeline.php(180): Illuminate\Auth\Middleware\Authenticate->handle(Object(Illuminate\Http\Request), Object(Closure))
#36 D:\PROYECTOS\IMPORTACIONES RAMIREZ\ERP-RAMIREZ\vendor\laravel\framework\src\Illuminate\Foundation\Http\Middleware\VerifyCsrfToken.php(78): Illuminate\Pipeline\Pipeline->Illuminate\Pipeline\{closure}(Object(Illuminate\Http\Request))
#37 D:\PROYECTOS\IMPORTACIONES RAMIREZ\ERP-RAMIREZ\vendor\laravel\framework\src\Illuminate\Pipeline\Pipeline.php(180): Illuminate\Foundation\Http\Middleware\VerifyCsrfToken->handle(Object(Illuminate\Http\Request), Object(Closure))
#38 D:\PROYECTOS\IMPORTACIONES RAMIREZ\ERP-RAMIREZ\vendor\laravel\framework\src\Illuminate\View\Middleware\ShareErrorsFromSession.php(49): Illuminate\Pipeline\Pipeline->Illuminate\Pipeline\{closure}(Object(Illuminate\Http\Request))
#39 D:\PROYECTOS\IMPORTACIONES RAMIREZ\ERP-RAMIREZ\vendor\laravel\framework\src\Illuminate\Pipeline\Pipeline.php(180): Illuminate\View\Middleware\ShareErrorsFromSession->handle(Object(Illuminate\Http\Request), Object(Closure))
#40 D:\PROYECTOS\IMPORTACIONES RAMIREZ\ERP-RAMIREZ\vendor\laravel\framework\src\Illuminate\Session\Middleware\StartSession.php(121): Illuminate\Pipeline\Pipeline->Illuminate\Pipeline\{closure}(Object(Illuminate\Http\Request))
#41 D:\PROYECTOS\IMPORTACIONES RAMIREZ\ERP-RAMIREZ\vendor\laravel\framework\src\Illuminate\Session\Middleware\StartSession.php(64): Illuminate\Session\Middleware\StartSession->handleStatefulRequest(Object(Illuminate\Http\Request), Object(Illuminate\Session\Store), Object(Closure))
#42 D:\PROYECTOS\IMPORTACIONES RAMIREZ\ERP-RAMIREZ\vendor\laravel\framework\src\Illuminate\Pipeline\Pipeline.php(180): Illuminate\Session\Middleware\StartSession->handle(Object(Illuminate\Http\Request), Object(Closure))
#43 D:\PROYECTOS\IMPORTACIONES RAMIREZ\ERP-RAMIREZ\vendor\laravel\framework\src\Illuminate\Cookie\Middleware\AddQueuedCookiesToResponse.php(37): Illuminate\Pipeline\Pipeline->Illuminate\Pipeline\{closure}(Object(Illuminate\Http\Request))
#44 D:\PROYECTOS\IMPORTACIONES RAMIREZ\ERP-RAMIREZ\vendor\laravel\framework\src\Illuminate\Pipeline\Pipeline.php(180): Illuminate\Cookie\Middleware\AddQueuedCookiesToResponse->handle(Object(Illuminate\Http\Request), Object(Closure))
#45 D:\PROYECTOS\IMPORTACIONES RAMIREZ\ERP-RAMIREZ\vendor\laravel\framework\src\Illuminate\Cookie\Middleware\EncryptCookies.php(67): Illuminate\Pipeline\Pipeline->Illuminate\Pipeline\{closure}(Object(Illuminate\Http\Request))
#46 D:\PROYECTOS\IMPORTACIONES RAMIREZ\ERP-RAMIREZ\vendor\laravel\framework\src\Illuminate\Pipeline\Pipeline.php(180): Illuminate\Cookie\Middleware\EncryptCookies->handle(Object(Illuminate\Http\Request), Object(Closure))
#47 D:\PROYECTOS\IMPORTACIONES RAMIREZ\ERP-RAMIREZ\vendor\laravel\framework\src\Illuminate\Pipeline\Pipeline.php(116): Illuminate\Pipeline\Pipeline->Illuminate\Pipeline\{closure}(Object(Illuminate\Http\Request))
#48 D:\PROYECTOS\IMPORTACIONES RAMIREZ\ERP-RAMIREZ\vendor\laravel\framework\src\Illuminate\Routing\Router.php(797): Illuminate\Pipeline\Pipeline->then(Object(Closure))
#49 D:\PROYECTOS\IMPORTACIONES RAMIREZ\ERP-RAMIREZ\vendor\laravel\framework\src\Illuminate\Routing\Router.php(776): Illuminate\Routing\Router->runRouteWithinStack(Object(Illuminate\Routing\Route), Object(Illuminate\Http\Request))
#50 D:\PROYECTOS\IMPORTACIONES RAMIREZ\ERP-RAMIREZ\vendor\laravel\framework\src\Illuminate\Routing\Router.php(740): Illuminate\Routing\Router->runRoute(Object(Illuminate\Http\Request), Object(Illuminate\Routing\Route))
#51 D:\PROYECTOS\IMPORTACIONES RAMIREZ\ERP-RAMIREZ\vendor\laravel\framework\src\Illuminate\Routing\Router.php(729): Illuminate\Routing\Router->dispatchToRoute(Object(Illuminate\Http\Request))
#52 D:\PROYECTOS\IMPORTACIONES RAMIREZ\ERP-RAMIREZ\vendor\laravel\framework\src\Illuminate\Foundation\Http\Kernel.php(190): Illuminate\Routing\Router->dispatch(Object(Illuminate\Http\Request))
#53 D:\PROYECTOS\IMPORTACIONES RAMIREZ\ERP-RAMIREZ\vendor\laravel\framework\src\Illuminate\Pipeline\Pipeline.php(141): Illuminate\Foundation\Http\Kernel->Illuminate\Foundation\Http\{closure}(Object(Illuminate\Http\Request))
#54 D:\PROYECTOS\IMPORTACIONES RAMIREZ\ERP-RAMIREZ\vendor\barryvdh\laravel-debugbar\src\Middleware\InjectDebugbar.php(59): Illuminate\Pipeline\Pipeline->Illuminate\Pipeline\{closure}(Object(Illuminate\Http\Request))
#55 D:\PROYECTOS\IMPORTACIONES RAMIREZ\ERP-RAMIREZ\vendor\laravel\framework\src\Illuminate\Pipeline\Pipeline.php(180): Barryvdh\Debugbar\Middleware\InjectDebugbar->handle(Object(Illuminate\Http\Request), Object(Closure))
#56 D:\PROYECTOS\IMPORTACIONES RAMIREZ\ERP-RAMIREZ\vendor\laravel\framework\src\Illuminate\Foundation\Http\Middleware\TransformsRequest.php(21): Illuminate\Pipeline\Pipeline->Illuminate\Pipeline\{closure}(Object(Illuminate\Http\Request))
#57 D:\PROYECTOS\IMPORTACIONES RAMIREZ\ERP-RAMIREZ\vendor\laravel\framework\src\Illuminate\Foundation\Http\Middleware\ConvertEmptyStringsToNull.php(31): Illuminate\Foundation\Http\Middleware\TransformsRequest->handle(Object(Illuminate\Http\Request), Object(Closure))
#58 D:\PROYECTOS\IMPORTACIONES RAMIREZ\ERP-RAMIREZ\vendor\laravel\framework\src\Illuminate\Pipeline\Pipeline.php(180): Illuminate\Foundation\Http\Middleware\ConvertEmptyStringsToNull->handle(Object(Illuminate\Http\Request), Object(Closure))
#59 D:\PROYECTOS\IMPORTACIONES RAMIREZ\ERP-RAMIREZ\vendor\laravel\framework\src\Illuminate\Foundation\Http\Middleware\TransformsRequest.php(21): Illuminate\Pipeline\Pipeline->Illuminate\Pipeline\{closure}(Object(Illuminate\Http\Request))
#60 D:\PROYECTOS\IMPORTACIONES RAMIREZ\ERP-RAMIREZ\vendor\laravel\framework\src\Illuminate\Foundation\Http\Middleware\TrimStrings.php(40): Illuminate\Foundation\Http\Middleware\TransformsRequest->handle(Object(Illuminate\Http\Request), Object(Closure))
#61 D:\PROYECTOS\IMPORTACIONES RAMIREZ\ERP-RAMIREZ\vendor\laravel\framework\src\Illuminate\Pipeline\Pipeline.php(180): Illuminate\Foundation\Http\Middleware\TrimStrings->handle(Object(Illuminate\Http\Request), Object(Closure))
#62 D:\PROYECTOS\IMPORTACIONES RAMIREZ\ERP-RAMIREZ\vendor\laravel\framework\src\Illuminate\Foundation\Http\Middleware\ValidatePostSize.php(27): Illuminate\Pipeline\Pipeline->Illuminate\Pipeline\{closure}(Object(Illuminate\Http\Request))
#63 D:\PROYECTOS\IMPORTACIONES RAMIREZ\ERP-RAMIREZ\vendor\laravel\framework\src\Illuminate\Pipeline\Pipeline.php(180): Illuminate\Foundation\Http\Middleware\ValidatePostSize->handle(Object(Illuminate\Http\Request), Object(Closure))
#64 D:\PROYECTOS\IMPORTACIONES RAMIREZ\ERP-RAMIREZ\vendor\laravel\framework\src\Illuminate\Foundation\Http\Middleware\PreventRequestsDuringMaintenance.php(86): Illuminate\Pipeline\Pipeline->Illuminate\Pipeline\{closure}(Object(Illuminate\Http\Request))
#65 D:\PROYECTOS\IMPORTACIONES RAMIREZ\ERP-RAMIREZ\vendor\laravel\framework\src\Illuminate\Pipeline\Pipeline.php(180): Illuminate\Foundation\Http\Middleware\PreventRequestsDuringMaintenance->handle(Object(Illuminate\Http\Request), Object(Closure))
#66 D:\PROYECTOS\IMPORTACIONES RAMIREZ\ERP-RAMIREZ\vendor\laravel\framework\src\Illuminate\Http\Middleware\HandleCors.php(49): Illuminate\Pipeline\Pipeline->Illuminate\Pipeline\{closure}(Object(Illuminate\Http\Request))
#67 D:\PROYECTOS\IMPORTACIONES RAMIREZ\ERP-RAMIREZ\vendor\laravel\framework\src\Illuminate\Pipeline\Pipeline.php(180): Illuminate\Http\Middleware\HandleCors->handle(Object(Illuminate\Http\Request), Object(Closure))
#68 D:\PROYECTOS\IMPORTACIONES RAMIREZ\ERP-RAMIREZ\vendor\laravel\framework\src\Illuminate\Http\Middleware\TrustProxies.php(39): Illuminate\Pipeline\Pipeline->Illuminate\Pipeline\{closure}(Object(Illuminate\Http\Request))
#69 D:\PROYECTOS\IMPORTACIONES RAMIREZ\ERP-RAMIREZ\vendor\laravel\framework\src\Illuminate\Pipeline\Pipeline.php(180): Illuminate\Http\Middleware\TrustProxies->handle(Object(Illuminate\Http\Request), Object(Closure))
#70 D:\PROYECTOS\IMPORTACIONES RAMIREZ\ERP-RAMIREZ\vendor\laravel\framework\src\Illuminate\Pipeline\Pipeline.php(116): Illuminate\Pipeline\Pipeline->Illuminate\Pipeline\{closure}(Object(Illuminate\Http\Request))
#71 D:\PROYECTOS\IMPORTACIONES RAMIREZ\ERP-RAMIREZ\vendor\laravel\framework\src\Illuminate\Foundation\Http\Kernel.php(165): Illuminate\Pipeline\Pipeline->then(Object(Closure))
#72 D:\PROYECTOS\IMPORTACIONES RAMIREZ\ERP-RAMIREZ\vendor\laravel\framework\src\Illuminate\Foundation\Http\Kernel.php(134): Illuminate\Foundation\Http\Kernel->sendRequestThroughRouter(Object(Illuminate\Http\Request))
#73 D:\PROYECTOS\IMPORTACIONES RAMIREZ\ERP-RAMIREZ\public\index.php(51): Illuminate\Foundation\Http\Kernel->handle(Object(Illuminate\Http\Request))
#74 D:\PROYECTOS\IMPORTACIONES RAMIREZ\ERP-RAMIREZ\vendor\laravel\framework\src\Illuminate\Foundation\resources\server.php(16): require_once('D:\\PROYECTOS\\IM...')
#75 {main}  
[2026-05-29 23:57:51] local.ERROR: Symfony\Component\Routing\Exception\RouteNotFoundException: Route [reportes.cuentas_por_pagar] not defined. in D:\PROYECTOS\IMPORTACIONES RAMIREZ\ERP-RAMIREZ\vendor\laravel\framework\src\Illuminate\Routing\UrlGenerator.php:467
Stack trace:
#0 D:\PROYECTOS\IMPORTACIONES RAMIREZ\ERP-RAMIREZ\vendor\laravel\framework\src\Illuminate\Foundation\helpers.php(826): Illuminate\Routing\UrlGenerator->route('reportes.cuenta...', Array, true)
#1 D:\PROYECTOS\IMPORTACIONES RAMIREZ\ERP-RAMIREZ\app\Http\Controllers\ContactController.php(222): route('reportes.cuenta...')
#2 D:\PROYECTOS\IMPORTACIONES RAMIREZ\ERP-RAMIREZ\vendor\laravel\framework\src\Illuminate\Container\BoundMethod.php(36): App\Http\Controllers\ContactController->App\Http\Controllers\{closure}(Object(App\Contact))
#3 D:\PROYECTOS\IMPORTACIONES RAMIREZ\ERP-RAMIREZ\vendor\laravel\framework\src\Illuminate\Container\Util.php(41): Illuminate\Container\BoundMethod::Illuminate\Container\{closure}()
#4 D:\PROYECTOS\IMPORTACIONES RAMIREZ\ERP-RAMIREZ\vendor\laravel\framework\src\Illuminate\Container\BoundMethod.php(81): Illuminate\Container\Util::unwrapIfClosure(Object(Closure))
#5 D:\PROYECTOS\IMPORTACIONES RAMIREZ\ERP-RAMIREZ\vendor\laravel\framework\src\Illuminate\Container\BoundMethod.php(35): Illuminate\Container\BoundMethod::callBoundMethod(Object(Illuminate\Foundation\Application), Object(Closure), Object(Closure))
#6 D:\PROYECTOS\IMPORTACIONES RAMIREZ\ERP-RAMIREZ\vendor\laravel\framework\src\Illuminate\Container\Container.php(661): Illuminate\Container\BoundMethod::call(Object(Illuminate\Foundation\Application), Object(Closure), Array, NULL)
#7 D:\PROYECTOS\IMPORTACIONES RAMIREZ\ERP-RAMIREZ\vendor\yajra\laravel-datatables-oracle\src\Utilities\Helper.php(71): Illuminate\Container\Container->call(Object(Closure), Array)
#8 D:\PROYECTOS\IMPORTACIONES RAMIREZ\ERP-RAMIREZ\vendor\yajra\laravel-datatables-oracle\src\Processors\DataProcessor.php(137): Yajra\DataTables\Utilities\Helper::compileContent(Object(Closure), Array, Object(App\Contact))
#9 D:\PROYECTOS\IMPORTACIONES RAMIREZ\ERP-RAMIREZ\vendor\yajra\laravel-datatables-oracle\src\Processors\DataProcessor.php(106): Yajra\DataTables\Processors\DataProcessor->addColumns(Array, Object(App\Contact))
#10 D:\PROYECTOS\IMPORTACIONES RAMIREZ\ERP-RAMIREZ\vendor\yajra\laravel-datatables-oracle\src\DataTableAbstract.php(806): Yajra\DataTables\Processors\DataProcessor->process(true)
#11 D:\PROYECTOS\IMPORTACIONES RAMIREZ\ERP-RAMIREZ\vendor\yajra\laravel-datatables-oracle\src\QueryDataTable.php(102): Yajra\DataTables\DataTableAbstract->processResults(Object(Illuminate\Database\Eloquent\Collection), true)
#12 D:\PROYECTOS\IMPORTACIONES RAMIREZ\ERP-RAMIREZ\app\Http\Controllers\ContactController.php(316): Yajra\DataTables\QueryDataTable->make(true)
#13 D:\PROYECTOS\IMPORTACIONES RAMIREZ\ERP-RAMIREZ\app\Http\Controllers\ContactController.php(77): App\Http\Controllers\ContactController->indexSupplier()
#14 D:\PROYECTOS\IMPORTACIONES RAMIREZ\ERP-RAMIREZ\vendor\laravel\framework\src\Illuminate\Routing\Controller.php(54): App\Http\Controllers\ContactController->index()
#15 D:\PROYECTOS\IMPORTACIONES RAMIREZ\ERP-RAMIREZ\vendor\laravel\framework\src\Illuminate\Routing\ControllerDispatcher.php(43): Illuminate\Routing\Controller->callAction('index', Array)
#16 D:\PROYECTOS\IMPORTACIONES RAMIREZ\ERP-RAMIREZ\vendor\laravel\framework\src\Illuminate\Routing\Route.php(259): Illuminate\Routing\ControllerDispatcher->dispatch(Object(Illuminate\Routing\Route), Object(App\Http\Controllers\ContactController), 'index')
#17 D:\PROYECTOS\IMPORTACIONES RAMIREZ\ERP-RAMIREZ\vendor\laravel\framework\src\Illuminate\Routing\Route.php(205): Illuminate\Routing\Route->runController()
#18 D:\PROYECTOS\IMPORTACIONES RAMIREZ\ERP-RAMIREZ\vendor\laravel\framework\src\Illuminate\Routing\Router.php(798): Illuminate\Routing\Route->run()
#19 D:\PROYECTOS\IMPORTACIONES RAMIREZ\ERP-RAMIREZ\vendor\laravel\framework\src\Illuminate\Pipeline\Pipeline.php(141): Illuminate\Routing\Router->Illuminate\Routing\{closure}(Object(Illuminate\Http\Request))
#20 D:\PROYECTOS\IMPORTACIONES RAMIREZ\ERP-RAMIREZ\app\Http\Middleware\CheckUserLogin.php(22): Illuminate\Pipeline\Pipeline->Illuminate\Pipeline\{closure}(Object(Illuminate\Http\Request))
#21 D:\PROYECTOS\IMPORTACIONES RAMIREZ\ERP-RAMIREZ\vendor\laravel\framework\src\Illuminate\Pipeline\Pipeline.php(180): App\Http\Middleware\CheckUserLogin->handle(Object(Illuminate\Http\Request), Object(Closure))
#22 D:\PROYECTOS\IMPORTACIONES RAMIREZ\ERP-RAMIREZ\app\Http\Middleware\AdminSidebarMenu.php(21): Illuminate\Pipeline\Pipeline->Illuminate\Pipeline\{closure}(Object(Illuminate\Http\Request))
#23 D:\PROYECTOS\IMPORTACIONES RAMIREZ\ERP-RAMIREZ\vendor\laravel\framework\src\Illuminate\Pipeline\Pipeline.php(180): App\Http\Middleware\AdminSidebarMenu->handle(Object(Illuminate\Http\Request), Object(Closure))
#24 D:\PROYECTOS\IMPORTACIONES RAMIREZ\ERP-RAMIREZ\app\Http\Middleware\Timezone.php(30): Illuminate\Pipeline\Pipeline->Illuminate\Pipeline\{closure}(Object(Illuminate\Http\Request))
#25 D:\PROYECTOS\IMPORTACIONES RAMIREZ\ERP-RAMIREZ\vendor\laravel\framework\src\Illuminate\Pipeline\Pipeline.php(180): App\Http\Middleware\Timezone->handle(Object(Illuminate\Http\Request), Object(Closure))
#26 D:\PROYECTOS\IMPORTACIONES RAMIREZ\ERP-RAMIREZ\app\Http\Middleware\Language.php(25): Illuminate\Pipeline\Pipeline->Illuminate\Pipeline\{closure}(Object(Illuminate\Http\Request))
#27 D:\PROYECTOS\IMPORTACIONES RAMIREZ\ERP-RAMIREZ\vendor\laravel\framework\src\Illuminate\Pipeline\Pipeline.php(180): App\Http\Middleware\Language->handle(Object(Illuminate\Http\Request), Object(Closure))
#28 D:\PROYECTOS\IMPORTACIONES RAMIREZ\ERP-RAMIREZ\app\Http\Middleware\SetSessionData.php(52): Illuminate\Pipeline\Pipeline->Illuminate\Pipeline\{closure}(Object(Illuminate\Http\Request))
#29 D:\PROYECTOS\IMPORTACIONES RAMIREZ\ERP-RAMIREZ\vendor\laravel\framework\src\Illuminate\Pipeline\Pipeline.php(180): App\Http\Middleware\SetSessionData->handle(Object(Illuminate\Http\Request), Object(Closure))
#30 D:\PROYECTOS\IMPORTACIONES RAMIREZ\ERP-RAMIREZ\app\Http\Middleware\IsInstalled.php(50): Illuminate\Pipeline\Pipeline->Illuminate\Pipeline\{closure}(Object(Illuminate\Http\Request))
#31 D:\PROYECTOS\IMPORTACIONES RAMIREZ\ERP-RAMIREZ\vendor\laravel\framework\src\Illuminate\Pipeline\Pipeline.php(180): App\Http\Middleware\IsInstalled->handle(Object(Illuminate\Http\Request), Object(Closure))
#32 D:\PROYECTOS\IMPORTACIONES RAMIREZ\ERP-RAMIREZ\vendor\laravel\framework\src\Illuminate\Routing\Middleware\SubstituteBindings.php(50): Illuminate\Pipeline\Pipeline->Illuminate\Pipeline\{closure}(Object(Illuminate\Http\Request))
#33 D:\PROYECTOS\IMPORTACIONES RAMIREZ\ERP-RAMIREZ\vendor\laravel\framework\src\Illuminate\Pipeline\Pipeline.php(180): Illuminate\Routing\Middleware\SubstituteBindings->handle(Object(Illuminate\Http\Request), Object(Closure))
#34 D:\PROYECTOS\IMPORTACIONES RAMIREZ\ERP-RAMIREZ\vendor\laravel\framework\src\Illuminate\Auth\Middleware\Authenticate.php(44): Illuminate\Pipeline\Pipeline->Illuminate\Pipeline\{closure}(Object(Illuminate\Http\Request))
#35 D:\PROYECTOS\IMPORTACIONES RAMIREZ\ERP-RAMIREZ\vendor\laravel\framework\src\Illuminate\Pipeline\Pipeline.php(180): Illuminate\Auth\Middleware\Authenticate->handle(Object(Illuminate\Http\Request), Object(Closure))
#36 D:\PROYECTOS\IMPORTACIONES RAMIREZ\ERP-RAMIREZ\vendor\laravel\framework\src\Illuminate\Foundation\Http\Middleware\VerifyCsrfToken.php(78): Illuminate\Pipeline\Pipeline->Illuminate\Pipeline\{closure}(Object(Illuminate\Http\Request))
#37 D:\PROYECTOS\IMPORTACIONES RAMIREZ\ERP-RAMIREZ\vendor\laravel\framework\src\Illuminate\Pipeline\Pipeline.php(180): Illuminate\Foundation\Http\Middleware\VerifyCsrfToken->handle(Object(Illuminate\Http\Request), Object(Closure))
#38 D:\PROYECTOS\IMPORTACIONES RAMIREZ\ERP-RAMIREZ\vendor\laravel\framework\src\Illuminate\View\Middleware\ShareErrorsFromSession.php(49): Illuminate\Pipeline\Pipeline->Illuminate\Pipeline\{closure}(Object(Illuminate\Http\Request))
#39 D:\PROYECTOS\IMPORTACIONES RAMIREZ\ERP-RAMIREZ\vendor\laravel\framework\src\Illuminate\Pipeline\Pipeline.php(180): Illuminate\View\Middleware\ShareErrorsFromSession->handle(Object(Illuminate\Http\Request), Object(Closure))
#40 D:\PROYECTOS\IMPORTACIONES RAMIREZ\ERP-RAMIREZ\vendor\laravel\framework\src\Illuminate\Session\Middleware\StartSession.php(121): Illuminate\Pipeline\Pipeline->Illuminate\Pipeline\{closure}(Object(Illuminate\Http\Request))
#41 D:\PROYECTOS\IMPORTACIONES RAMIREZ\ERP-RAMIREZ\vendor\laravel\framework\src\Illuminate\Session\Middleware\StartSession.php(64): Illuminate\Session\Middleware\StartSession->handleStatefulRequest(Object(Illuminate\Http\Request), Object(Illuminate\Session\Store), Object(Closure))
#42 D:\PROYECTOS\IMPORTACIONES RAMIREZ\ERP-RAMIREZ\vendor\laravel\framework\src\Illuminate\Pipeline\Pipeline.php(180): Illuminate\Session\Middleware\StartSession->handle(Object(Illuminate\Http\Request), Object(Closure))
#43 D:\PROYECTOS\IMPORTACIONES RAMIREZ\ERP-RAMIREZ\vendor\laravel\framework\src\Illuminate\Cookie\Middleware\AddQueuedCookiesToResponse.php(37): Illuminate\Pipeline\Pipeline->Illuminate\Pipeline\{closure}(Object(Illuminate\Http\Request))
#44 D:\PROYECTOS\IMPORTACIONES RAMIREZ\ERP-RAMIREZ\vendor\laravel\framework\src\Illuminate\Pipeline\Pipeline.php(180): Illuminate\Cookie\Middleware\AddQueuedCookiesToResponse->handle(Object(Illuminate\Http\Request), Object(Closure))
#45 D:\PROYECTOS\IMPORTACIONES RAMIREZ\ERP-RAMIREZ\vendor\laravel\framework\src\Illuminate\Cookie\Middleware\EncryptCookies.php(67): Illuminate\Pipeline\Pipeline->Illuminate\Pipeline\{closure}(Object(Illuminate\Http\Request))
#46 D:\PROYECTOS\IMPORTACIONES RAMIREZ\ERP-RAMIREZ\vendor\laravel\framework\src\Illuminate\Pipeline\Pipeline.php(180): Illuminate\Cookie\Middleware\EncryptCookies->handle(Object(Illuminate\Http\Request), Object(Closure))
#47 D:\PROYECTOS\IMPORTACIONES RAMIREZ\ERP-RAMIREZ\vendor\laravel\framework\src\Illuminate\Pipeline\Pipeline.php(116): Illuminate\Pipeline\Pipeline->Illuminate\Pipeline\{closure}(Object(Illuminate\Http\Request))
#48 D:\PROYECTOS\IMPORTACIONES RAMIREZ\ERP-RAMIREZ\vendor\laravel\framework\src\Illuminate\Routing\Router.php(797): Illuminate\Pipeline\Pipeline->then(Object(Closure))
#49 D:\PROYECTOS\IMPORTACIONES RAMIREZ\ERP-RAMIREZ\vendor\laravel\framework\src\Illuminate\Routing\Router.php(776): Illuminate\Routing\Router->runRouteWithinStack(Object(Illuminate\Routing\Route), Object(Illuminate\Http\Request))
#50 D:\PROYECTOS\IMPORTACIONES RAMIREZ\ERP-RAMIREZ\vendor\laravel\framework\src\Illuminate\Routing\Router.php(740): Illuminate\Routing\Router->runRoute(Object(Illuminate\Http\Request), Object(Illuminate\Routing\Route))
#51 D:\PROYECTOS\IMPORTACIONES RAMIREZ\ERP-RAMIREZ\vendor\laravel\framework\src\Illuminate\Routing\Router.php(729): Illuminate\Routing\Router->dispatchToRoute(Object(Illuminate\Http\Request))
#52 D:\PROYECTOS\IMPORTACIONES RAMIREZ\ERP-RAMIREZ\vendor\laravel\framework\src\Illuminate\Foundation\Http\Kernel.php(190): Illuminate\Routing\Router->dispatch(Object(Illuminate\Http\Request))
#53 D:\PROYECTOS\IMPORTACIONES RAMIREZ\ERP-RAMIREZ\vendor\laravel\framework\src\Illuminate\Pipeline\Pipeline.php(141): Illuminate\Foundation\Http\Kernel->Illuminate\Foundation\Http\{closure}(Object(Illuminate\Http\Request))
#54 D:\PROYECTOS\IMPORTACIONES RAMIREZ\ERP-RAMIREZ\vendor\barryvdh\laravel-debugbar\src\Middleware\InjectDebugbar.php(59): Illuminate\Pipeline\Pipeline->Illuminate\Pipeline\{closure}(Object(Illuminate\Http\Request))
#55 D:\PROYECTOS\IMPORTACIONES RAMIREZ\ERP-RAMIREZ\vendor\laravel\framework\src\Illuminate\Pipeline\Pipeline.php(180): Barryvdh\Debugbar\Middleware\InjectDebugbar->handle(Object(Illuminate\Http\Request), Object(Closure))
#56 D:\PROYECTOS\IMPORTACIONES RAMIREZ\ERP-RAMIREZ\vendor\laravel\framework\src\Illuminate\Foundation\Http\Middleware\TransformsRequest.php(21): Illuminate\Pipeline\Pipeline->Illuminate\Pipeline\{closure}(Object(Illuminate\Http\Request))
#57 D:\PROYECTOS\IMPORTACIONES RAMIREZ\ERP-RAMIREZ\vendor\laravel\framework\src\Illuminate\Foundation\Http\Middleware\ConvertEmptyStringsToNull.php(31): Illuminate\Foundation\Http\Middleware\TransformsRequest->handle(Object(Illuminate\Http\Request), Object(Closure))
#58 D:\PROYECTOS\IMPORTACIONES RAMIREZ\ERP-RAMIREZ\vendor\laravel\framework\src\Illuminate\Pipeline\Pipeline.php(180): Illuminate\Foundation\Http\Middleware\ConvertEmptyStringsToNull->handle(Object(Illuminate\Http\Request), Object(Closure))
#59 D:\PROYECTOS\IMPORTACIONES RAMIREZ\ERP-RAMIREZ\vendor\laravel\framework\src\Illuminate\Foundation\Http\Middleware\TransformsRequest.php(21): Illuminate\Pipeline\Pipeline->Illuminate\Pipeline\{closure}(Object(Illuminate\Http\Request))
#60 D:\PROYECTOS\IMPORTACIONES RAMIREZ\ERP-RAMIREZ\vendor\laravel\framework\src\Illuminate\Foundation\Http\Middleware\TrimStrings.php(40): Illuminate\Foundation\Http\Middleware\TransformsRequest->handle(Object(Illuminate\Http\Request), Object(Closure))
#61 D:\PROYECTOS\IMPORTACIONES RAMIREZ\ERP-RAMIREZ\vendor\laravel\framework\src\Illuminate\Pipeline\Pipeline.php(180): Illuminate\Foundation\Http\Middleware\TrimStrings->handle(Object(Illuminate\Http\Request), Object(Closure))
#62 D:\PROYECTOS\IMPORTACIONES RAMIREZ\ERP-RAMIREZ\vendor\laravel\framework\src\Illuminate\Foundation\Http\Middleware\ValidatePostSize.php(27): Illuminate\Pipeline\Pipeline->Illuminate\Pipeline\{closure}(Object(Illuminate\Http\Request))
#63 D:\PROYECTOS\IMPORTACIONES RAMIREZ\ERP-RAMIREZ\vendor\laravel\framework\src\Illuminate\Pipeline\Pipeline.php(180): Illuminate\Foundation\Http\Middleware\ValidatePostSize->handle(Object(Illuminate\Http\Request), Object(Closure))
#64 D:\PROYECTOS\IMPORTACIONES RAMIREZ\ERP-RAMIREZ\vendor\laravel\framework\src\Illuminate\Foundation\Http\Middleware\PreventRequestsDuringMaintenance.php(86): Illuminate\Pipeline\Pipeline->Illuminate\Pipeline\{closure}(Object(Illuminate\Http\Request))
#65 D:\PROYECTOS\IMPORTACIONES RAMIREZ\ERP-RAMIREZ\vendor\laravel\framework\src\Illuminate\Pipeline\Pipeline.php(180): Illuminate\Foundation\Http\Middleware\PreventRequestsDuringMaintenance->handle(Object(Illuminate\Http\Request), Object(Closure))
#66 D:\PROYECTOS\IMPORTACIONES RAMIREZ\ERP-RAMIREZ\vendor\laravel\framework\src\Illuminate\Http\Middleware\HandleCors.php(49): Illuminate\Pipeline\Pipeline->Illuminate\Pipeline\{closure}(Object(Illuminate\Http\Request))
#67 D:\PROYECTOS\IMPORTACIONES RAMIREZ\ERP-RAMIREZ\vendor\laravel\framework\src\Illuminate\Pipeline\Pipeline.php(180): Illuminate\Http\Middleware\HandleCors->handle(Object(Illuminate\Http\Request), Object(Closure))
#68 D:\PROYECTOS\IMPORTACIONES RAMIREZ\ERP-RAMIREZ\vendor\laravel\framework\src\Illuminate\Http\Middleware\TrustProxies.php(39): Illuminate\Pipeline\Pipeline->Illuminate\Pipeline\{closure}(Object(Illuminate\Http\Request))
#69 D:\PROYECTOS\IMPORTACIONES RAMIREZ\ERP-RAMIREZ\vendor\laravel\framework\src\Illuminate\Pipeline\Pipeline.php(180): Illuminate\Http\Middleware\TrustProxies->handle(Object(Illuminate\Http\Request), Object(Closure))
#70 D:\PROYECTOS\IMPORTACIONES RAMIREZ\ERP-RAMIREZ\vendor\laravel\framework\src\Illuminate\Pipeline\Pipeline.php(116): Illuminate\Pipeline\Pipeline->Illuminate\Pipeline\{closure}(Object(Illuminate\Http\Request))
#71 D:\PROYECTOS\IMPORTACIONES RAMIREZ\ERP-RAMIREZ\vendor\laravel\framework\src\Illuminate\Foundation\Http\Kernel.php(165): Illuminate\Pipeline\Pipeline->then(Object(Closure))
#72 D:\PROYECTOS\IMPORTACIONES RAMIREZ\ERP-RAMIREZ\vendor\laravel\framework\src\Illuminate\Foundation\Http\Kernel.php(134): Illuminate\Foundation\Http\Kernel->sendRequestThroughRouter(Object(Illuminate\Http\Request))
#73 D:\PROYECTOS\IMPORTACIONES RAMIREZ\ERP-RAMIREZ\public\index.php(51): Illuminate\Foundation\Http\Kernel->handle(Object(Illuminate\Http\Request))
#74 D:\PROYECTOS\IMPORTACIONES RAMIREZ\ERP-RAMIREZ\vendor\laravel\framework\src\Illuminate\Foundation\resources\server.php(16): require_once('D:\\PROYECTOS\\IM...')
#75 {main}  
[2026-05-29 23:58:46] local.ERROR: Symfony\Component\Routing\Exception\RouteNotFoundException: Route [reportes.cuentas_por_pagar] not defined. in D:\PROYECTOS\IMPORTACIONES RAMIREZ\ERP-RAMIREZ\vendor\laravel\framework\src\Illuminate\Routing\UrlGenerator.php:467
Stack trace:
#0 D:\PROYECTOS\IMPORTACIONES RAMIREZ\ERP-RAMIREZ\vendor\laravel\framework\src\Illuminate\Foundation\helpers.php(826): Illuminate\Routing\UrlGenerator->route('reportes.cuenta...', Array, true)
#1 D:\PROYECTOS\IMPORTACIONES RAMIREZ\ERP-RAMIREZ\app\Http\Controllers\ContactController.php(222): route('reportes.cuenta...')
#2 D:\PROYECTOS\IMPORTACIONES RAMIREZ\ERP-RAMIREZ\vendor\laravel\framework\src\Illuminate\Container\BoundMethod.php(36): App\Http\Controllers\ContactController->App\Http\Controllers\{closure}(Object(App\Contact))
#3 D:\PROYECTOS\IMPORTACIONES RAMIREZ\ERP-RAMIREZ\vendor\laravel\framework\src\Illuminate\Container\Util.php(41): Illuminate\Container\BoundMethod::Illuminate\Container\{closure}()
#4 D:\PROYECTOS\IMPORTACIONES RAMIREZ\ERP-RAMIREZ\vendor\laravel\framework\src\Illuminate\Container\BoundMethod.php(81): Illuminate\Container\Util::unwrapIfClosure(Object(Closure))
#5 D:\PROYECTOS\IMPORTACIONES RAMIREZ\ERP-RAMIREZ\vendor\laravel\framework\src\Illuminate\Container\BoundMethod.php(35): Illuminate\Container\BoundMethod::callBoundMethod(Object(Illuminate\Foundation\Application), Object(Closure), Object(Closure))
#6 D:\PROYECTOS\IMPORTACIONES RAMIREZ\ERP-RAMIREZ\vendor\laravel\framework\src\Illuminate\Container\Container.php(661): Illuminate\Container\BoundMethod::call(Object(Illuminate\Foundation\Application), Object(Closure), Array, NULL)
#7 D:\PROYECTOS\IMPORTACIONES RAMIREZ\ERP-RAMIREZ\vendor\yajra\laravel-datatables-oracle\src\Utilities\Helper.php(71): Illuminate\Container\Container->call(Object(Closure), Array)
#8 D:\PROYECTOS\IMPORTACIONES RAMIREZ\ERP-RAMIREZ\vendor\yajra\laravel-datatables-oracle\src\Processors\DataProcessor.php(137): Yajra\DataTables\Utilities\Helper::compileContent(Object(Closure), Array, Object(App\Contact))
#9 D:\PROYECTOS\IMPORTACIONES RAMIREZ\ERP-RAMIREZ\vendor\yajra\laravel-datatables-oracle\src\Processors\DataProcessor.php(106): Yajra\DataTables\Processors\DataProcessor->addColumns(Array, Object(App\Contact))
#10 D:\PROYECTOS\IMPORTACIONES RAMIREZ\ERP-RAMIREZ\vendor\yajra\laravel-datatables-oracle\src\DataTableAbstract.php(806): Yajra\DataTables\Processors\DataProcessor->process(true)
#11 D:\PROYECTOS\IMPORTACIONES RAMIREZ\ERP-RAMIREZ\vendor\yajra\laravel-datatables-oracle\src\QueryDataTable.php(102): Yajra\DataTables\DataTableAbstract->processResults(Object(Illuminate\Database\Eloquent\Collection), true)
#12 D:\PROYECTOS\IMPORTACIONES RAMIREZ\ERP-RAMIREZ\app\Http\Controllers\ContactController.php(316): Yajra\DataTables\QueryDataTable->make(true)
#13 D:\PROYECTOS\IMPORTACIONES RAMIREZ\ERP-RAMIREZ\app\Http\Controllers\ContactController.php(77): App\Http\Controllers\ContactController->indexSupplier()
#14 D:\PROYECTOS\IMPORTACIONES RAMIREZ\ERP-RAMIREZ\vendor\laravel\framework\src\Illuminate\Routing\Controller.php(54): App\Http\Controllers\ContactController->index()
#15 D:\PROYECTOS\IMPORTACIONES RAMIREZ\ERP-RAMIREZ\vendor\laravel\framework\src\Illuminate\Routing\ControllerDispatcher.php(43): Illuminate\Routing\Controller->callAction('index', Array)
#16 D:\PROYECTOS\IMPORTACIONES RAMIREZ\ERP-RAMIREZ\vendor\laravel\framework\src\Illuminate\Routing\Route.php(259): Illuminate\Routing\ControllerDispatcher->dispatch(Object(Illuminate\Routing\Route), Object(App\Http\Controllers\ContactController), 'index')
#17 D:\PROYECTOS\IMPORTACIONES RAMIREZ\ERP-RAMIREZ\vendor\laravel\framework\src\Illuminate\Routing\Route.php(205): Illuminate\Routing\Route->runController()
#18 D:\PROYECTOS\IMPORTACIONES RAMIREZ\ERP-RAMIREZ\vendor\laravel\framework\src\Illuminate\Routing\Router.php(798): Illuminate\Routing\Route->run()
#19 D:\PROYECTOS\IMPORTACIONES RAMIREZ\ERP-RAMIREZ\vendor\laravel\framework\src\Illuminate\Pipeline\Pipeline.php(141): Illuminate\Routing\Router->Illuminate\Routing\{closure}(Object(Illuminate\Http\Request))
#20 D:\PROYECTOS\IMPORTACIONES RAMIREZ\ERP-RAMIREZ\app\Http\Middleware\CheckUserLogin.php(22): Illuminate\Pipeline\Pipeline->Illuminate\Pipeline\{closure}(Object(Illuminate\Http\Request))
#21 D:\PROYECTOS\IMPORTACIONES RAMIREZ\ERP-RAMIREZ\vendor\laravel\framework\src\Illuminate\Pipeline\Pipeline.php(180): App\Http\Middleware\CheckUserLogin->handle(Object(Illuminate\Http\Request), Object(Closure))
#22 D:\PROYECTOS\IMPORTACIONES RAMIREZ\ERP-RAMIREZ\app\Http\Middleware\AdminSidebarMenu.php(21): Illuminate\Pipeline\Pipeline->Illuminate\Pipeline\{closure}(Object(Illuminate\Http\Request))
#23 D:\PROYECTOS\IMPORTACIONES RAMIREZ\ERP-RAMIREZ\vendor\laravel\framework\src\Illuminate\Pipeline\Pipeline.php(180): App\Http\Middleware\AdminSidebarMenu->handle(Object(Illuminate\Http\Request), Object(Closure))
#24 D:\PROYECTOS\IMPORTACIONES RAMIREZ\ERP-RAMIREZ\app\Http\Middleware\Timezone.php(30): Illuminate\Pipeline\Pipeline->Illuminate\Pipeline\{closure}(Object(Illuminate\Http\Request))
#25 D:\PROYECTOS\IMPORTACIONES RAMIREZ\ERP-RAMIREZ\vendor\laravel\framework\src\Illuminate\Pipeline\Pipeline.php(180): App\Http\Middleware\Timezone->handle(Object(Illuminate\Http\Request), Object(Closure))
#26 D:\PROYECTOS\IMPORTACIONES RAMIREZ\ERP-RAMIREZ\app\Http\Middleware\Language.php(25): Illuminate\Pipeline\Pipeline->Illuminate\Pipeline\{closure}(Object(Illuminate\Http\Request))
#27 D:\PROYECTOS\IMPORTACIONES RAMIREZ\ERP-RAMIREZ\vendor\laravel\framework\src\Illuminate\Pipeline\Pipeline.php(180): App\Http\Middleware\Language->handle(Object(Illuminate\Http\Request), Object(Closure))
#28 D:\PROYECTOS\IMPORTACIONES RAMIREZ\ERP-RAMIREZ\app\Http\Middleware\SetSessionData.php(52): Illuminate\Pipeline\Pipeline->Illuminate\Pipeline\{closure}(Object(Illuminate\Http\Request))
#29 D:\PROYECTOS\IMPORTACIONES RAMIREZ\ERP-RAMIREZ\vendor\laravel\framework\src\Illuminate\Pipeline\Pipeline.php(180): App\Http\Middleware\SetSessionData->handle(Object(Illuminate\Http\Request), Object(Closure))
#30 D:\PROYECTOS\IMPORTACIONES RAMIREZ\ERP-RAMIREZ\app\Http\Middleware\IsInstalled.php(50): Illuminate\Pipeline\Pipeline->Illuminate\Pipeline\{closure}(Object(Illuminate\Http\Request))
#31 D:\PROYECTOS\IMPORTACIONES RAMIREZ\ERP-RAMIREZ\vendor\laravel\framework\src\Illuminate\Pipeline\Pipeline.php(180): App\Http\Middleware\IsInstalled->handle(Object(Illuminate\Http\Request), Object(Closure))
#32 D:\PROYECTOS\IMPORTACIONES RAMIREZ\ERP-RAMIREZ\vendor\laravel\framework\src\Illuminate\Routing\Middleware\SubstituteBindings.php(50): Illuminate\Pipeline\Pipeline->Illuminate\Pipeline\{closure}(Object(Illuminate\Http\Request))
#33 D:\PROYECTOS\IMPORTACIONES RAMIREZ\ERP-RAMIREZ\vendor\laravel\framework\src\Illuminate\Pipeline\Pipeline.php(180): Illuminate\Routing\Middleware\SubstituteBindings->handle(Object(Illuminate\Http\Request), Object(Closure))
#34 D:\PROYECTOS\IMPORTACIONES RAMIREZ\ERP-RAMIREZ\vendor\laravel\framework\src\Illuminate\Auth\Middleware\Authenticate.php(44): Illuminate\Pipeline\Pipeline->Illuminate\Pipeline\{closure}(Object(Illuminate\Http\Request))
#35 D:\PROYECTOS\IMPORTACIONES RAMIREZ\ERP-RAMIREZ\vendor\laravel\framework\src\Illuminate\Pipeline\Pipeline.php(180): Illuminate\Auth\Middleware\Authenticate->handle(Object(Illuminate\Http\Request), Object(Closure))
#36 D:\PROYECTOS\IMPORTACIONES RAMIREZ\ERP-RAMIREZ\vendor\laravel\framework\src\Illuminate\Foundation\Http\Middleware\VerifyCsrfToken.php(78): Illuminate\Pipeline\Pipeline->Illuminate\Pipeline\{closure}(Object(Illuminate\Http\Request))
#37 D:\PROYECTOS\IMPORTACIONES RAMIREZ\ERP-RAMIREZ\vendor\laravel\framework\src\Illuminate\Pipeline\Pipeline.php(180): Illuminate\Foundation\Http\Middleware\VerifyCsrfToken->handle(Object(Illuminate\Http\Request), Object(Closure))
#38 D:\PROYECTOS\IMPORTACIONES RAMIREZ\ERP-RAMIREZ\vendor\laravel\framework\src\Illuminate\View\Middleware\ShareErrorsFromSession.php(49): Illuminate\Pipeline\Pipeline->Illuminate\Pipeline\{closure}(Object(Illuminate\Http\Request))
#39 D:\PROYECTOS\IMPORTACIONES RAMIREZ\ERP-RAMIREZ\vendor\laravel\framework\src\Illuminate\Pipeline\Pipeline.php(180): Illuminate\View\Middleware\ShareErrorsFromSession->handle(Object(Illuminate\Http\Request), Object(Closure))
#40 D:\PROYECTOS\IMPORTACIONES RAMIREZ\ERP-RAMIREZ\vendor\laravel\framework\src\Illuminate\Session\Middleware\StartSession.php(121): Illuminate\Pipeline\Pipeline->Illuminate\Pipeline\{closure}(Object(Illuminate\Http\Request))
#41 D:\PROYECTOS\IMPORTACIONES RAMIREZ\ERP-RAMIREZ\vendor\laravel\framework\src\Illuminate\Session\Middleware\StartSession.php(64): Illuminate\Session\Middleware\StartSession->handleStatefulRequest(Object(Illuminate\Http\Request), Object(Illuminate\Session\Store), Object(Closure))
#42 D:\PROYECTOS\IMPORTACIONES RAMIREZ\ERP-RAMIREZ\vendor\laravel\framework\src\Illuminate\Pipeline\Pipeline.php(180): Illuminate\Session\Middleware\StartSession->handle(Object(Illuminate\Http\Request), Object(Closure))
#43 D:\PROYECTOS\IMPORTACIONES RAMIREZ\ERP-RAMIREZ\vendor\laravel\framework\src\Illuminate\Cookie\Middleware\AddQueuedCookiesToResponse.php(37): Illuminate\Pipeline\Pipeline->Illuminate\Pipeline\{closure}(Object(Illuminate\Http\Request))
#44 D:\PROYECTOS\IMPORTACIONES RAMIREZ\ERP-RAMIREZ\vendor\laravel\framework\src\Illuminate\Pipeline\Pipeline.php(180): Illuminate\Cookie\Middleware\AddQueuedCookiesToResponse->handle(Object(Illuminate\Http\Request), Object(Closure))
#45 D:\PROYECTOS\IMPORTACIONES RAMIREZ\ERP-RAMIREZ\vendor\laravel\framework\src\Illuminate\Cookie\Middleware\EncryptCookies.php(67): Illuminate\Pipeline\Pipeline->Illuminate\Pipeline\{closure}(Object(Illuminate\Http\Request))
#46 D:\PROYECTOS\IMPORTACIONES RAMIREZ\ERP-RAMIREZ\vendor\laravel\framework\src\Illuminate\Pipeline\Pipeline.php(180): Illuminate\Cookie\Middleware\EncryptCookies->handle(Object(Illuminate\Http\Request), Object(Closure))
#47 D:\PROYECTOS\IMPORTACIONES RAMIREZ\ERP-RAMIREZ\vendor\laravel\framework\src\Illuminate\Pipeline\Pipeline.php(116): Illuminate\Pipeline\Pipeline->Illuminate\Pipeline\{closure}(Object(Illuminate\Http\Request))
#48 D:\PROYECTOS\IMPORTACIONES RAMIREZ\ERP-RAMIREZ\vendor\laravel\framework\src\Illuminate\Routing\Router.php(797): Illuminate\Pipeline\Pipeline->then(Object(Closure))
#49 D:\PROYECTOS\IMPORTACIONES RAMIREZ\ERP-RAMIREZ\vendor\laravel\framework\src\Illuminate\Routing\Router.php(776): Illuminate\Routing\Router->runRouteWithinStack(Object(Illuminate\Routing\Route), Object(Illuminate\Http\Request))
#50 D:\PROYECTOS\IMPORTACIONES RAMIREZ\ERP-RAMIREZ\vendor\laravel\framework\src\Illuminate\Routing\Router.php(740): Illuminate\Routing\Router->runRoute(Object(Illuminate\Http\Request), Object(Illuminate\Routing\Route))
#51 D:\PROYECTOS\IMPORTACIONES RAMIREZ\ERP-RAMIREZ\vendor\laravel\framework\src\Illuminate\Routing\Router.php(729): Illuminate\Routing\Router->dispatchToRoute(Object(Illuminate\Http\Request))
#52 D:\PROYECTOS\IMPORTACIONES RAMIREZ\ERP-RAMIREZ\vendor\laravel\framework\src\Illuminate\Foundation\Http\Kernel.php(190): Illuminate\Routing\Router->dispatch(Object(Illuminate\Http\Request))
#53 D:\PROYECTOS\IMPORTACIONES RAMIREZ\ERP-RAMIREZ\vendor\laravel\framework\src\Illuminate\Pipeline\Pipeline.php(141): Illuminate\Foundation\Http\Kernel->Illuminate\Foundation\Http\{closure}(Object(Illuminate\Http\Request))
#54 D:\PROYECTOS\IMPORTACIONES RAMIREZ\ERP-RAMIREZ\vendor\barryvdh\laravel-debugbar\src\Middleware\InjectDebugbar.php(59): Illuminate\Pipeline\Pipeline->Illuminate\Pipeline\{closure}(Object(Illuminate\Http\Request))
#55 D:\PROYECTOS\IMPORTACIONES RAMIREZ\ERP-RAMIREZ\vendor\laravel\framework\src\Illuminate\Pipeline\Pipeline.php(180): Barryvdh\Debugbar\Middleware\InjectDebugbar->handle(Object(Illuminate\Http\Request), Object(Closure))
#56 D:\PROYECTOS\IMPORTACIONES RAMIREZ\ERP-RAMIREZ\vendor\laravel\framework\src\Illuminate\Foundation\Http\Middleware\TransformsRequest.php(21): Illuminate\Pipeline\Pipeline->Illuminate\Pipeline\{closure}(Object(Illuminate\Http\Request))
#57 D:\PROYECTOS\IMPORTACIONES RAMIREZ\ERP-RAMIREZ\vendor\laravel\framework\src\Illuminate\Foundation\Http\Middleware\ConvertEmptyStringsToNull.php(31): Illuminate\Foundation\Http\Middleware\TransformsRequest->handle(Object(Illuminate\Http\Request), Object(Closure))
#58 D:\PROYECTOS\IMPORTACIONES RAMIREZ\ERP-RAMIREZ\vendor\laravel\framework\src\Illuminate\Pipeline\Pipeline.php(180): Illuminate\Foundation\Http\Middleware\ConvertEmptyStringsToNull->handle(Object(Illuminate\Http\Request), Object(Closure))
#59 D:\PROYECTOS\IMPORTACIONES RAMIREZ\ERP-RAMIREZ\vendor\laravel\framework\src\Illuminate\Foundation\Http\Middleware\TransformsRequest.php(21): Illuminate\Pipeline\Pipeline->Illuminate\Pipeline\{closure}(Object(Illuminate\Http\Request))
#60 D:\PROYECTOS\IMPORTACIONES RAMIREZ\ERP-RAMIREZ\vendor\laravel\framework\src\Illuminate\Foundation\Http\Middleware\TrimStrings.php(40): Illuminate\Foundation\Http\Middleware\TransformsRequest->handle(Object(Illuminate\Http\Request), Object(Closure))
#61 D:\PROYECTOS\IMPORTACIONES RAMIREZ\ERP-RAMIREZ\vendor\laravel\framework\src\Illuminate\Pipeline\Pipeline.php(180): Illuminate\Foundation\Http\Middleware\TrimStrings->handle(Object(Illuminate\Http\Request), Object(Closure))
#62 D:\PROYECTOS\IMPORTACIONES RAMIREZ\ERP-RAMIREZ\vendor\laravel\framework\src\Illuminate\Foundation\Http\Middleware\ValidatePostSize.php(27): Illuminate\Pipeline\Pipeline->Illuminate\Pipeline\{closure}(Object(Illuminate\Http\Request))
#63 D:\PROYECTOS\IMPORTACIONES RAMIREZ\ERP-RAMIREZ\vendor\laravel\framework\src\Illuminate\Pipeline\Pipeline.php(180): Illuminate\Foundation\Http\Middleware\ValidatePostSize->handle(Object(Illuminate\Http\Request), Object(Closure))
#64 D:\PROYECTOS\IMPORTACIONES RAMIREZ\ERP-RAMIREZ\vendor\laravel\framework\src\Illuminate\Foundation\Http\Middleware\PreventRequestsDuringMaintenance.php(86): Illuminate\Pipeline\Pipeline->Illuminate\Pipeline\{closure}(Object(Illuminate\Http\Request))
#65 D:\PROYECTOS\IMPORTACIONES RAMIREZ\ERP-RAMIREZ\vendor\laravel\framework\src\Illuminate\Pipeline\Pipeline.php(180): Illuminate\Foundation\Http\Middleware\PreventRequestsDuringMaintenance->handle(Object(Illuminate\Http\Request), Object(Closure))
#66 D:\PROYECTOS\IMPORTACIONES RAMIREZ\ERP-RAMIREZ\vendor\laravel\framework\src\Illuminate\Http\Middleware\HandleCors.php(49): Illuminate\Pipeline\Pipeline->Illuminate\Pipeline\{closure}(Object(Illuminate\Http\Request))
#67 D:\PROYECTOS\IMPORTACIONES RAMIREZ\ERP-RAMIREZ\vendor\laravel\framework\src\Illuminate\Pipeline\Pipeline.php(180): Illuminate\Http\Middleware\HandleCors->handle(Object(Illuminate\Http\Request), Object(Closure))
#68 D:\PROYECTOS\IMPORTACIONES RAMIREZ\ERP-RAMIREZ\vendor\laravel\framework\src\Illuminate\Http\Middleware\TrustProxies.php(39): Illuminate\Pipeline\Pipeline->Illuminate\Pipeline\{closure}(Object(Illuminate\Http\Request))
#69 D:\PROYECTOS\IMPORTACIONES RAMIREZ\ERP-RAMIREZ\vendor\laravel\framework\src\Illuminate\Pipeline\Pipeline.php(180): Illuminate\Http\Middleware\TrustProxies->handle(Object(Illuminate\Http\Request), Object(Closure))
#70 D:\PROYECTOS\IMPORTACIONES RAMIREZ\ERP-RAMIREZ\vendor\laravel\framework\src\Illuminate\Pipeline\Pipeline.php(116): Illuminate\Pipeline\Pipeline->Illuminate\Pipeline\{closure}(Object(Illuminate\Http\Request))
#71 D:\PROYECTOS\IMPORTACIONES RAMIREZ\ERP-RAMIREZ\vendor\laravel\framework\src\Illuminate\Foundation\Http\Kernel.php(165): Illuminate\Pipeline\Pipeline->then(Object(Closure))
#72 D:\PROYECTOS\IMPORTACIONES RAMIREZ\ERP-RAMIREZ\vendor\laravel\framework\src\Illuminate\Foundation\Http\Kernel.php(134): Illuminate\Foundation\Http\Kernel->sendRequestThroughRouter(Object(Illuminate\Http\Request))
#73 D:\PROYECTOS\IMPORTACIONES RAMIREZ\ERP-RAMIREZ\public\index.php(51): Illuminate\Foundation\Http\Kernel->handle(Object(Illuminate\Http\Request))
#74 D:\PROYECTOS\IMPORTACIONES RAMIREZ\ERP-RAMIREZ\vendor\laravel\framework\src\Illuminate\Foundation\resources\server.php(16): require_once('D:\\PROYECTOS\\IM...')
#75 {main}  
[2026-05-29 23:58:55] local.ERROR: Symfony\Component\Routing\Exception\RouteNotFoundException: Route [reportes.cuentas_por_pagar] not defined. in D:\PROYECTOS\IMPORTACIONES RAMIREZ\ERP-RAMIREZ\vendor\laravel\framework\src\Illuminate\Routing\UrlGenerator.php:467
Stack trace:
#0 D:\PROYECTOS\IMPORTACIONES RAMIREZ\ERP-RAMIREZ\vendor\laravel\framework\src\Illuminate\Foundation\helpers.php(826): Illuminate\Routing\UrlGenerator->route('reportes.cuenta...', Array, true)
#1 D:\PROYECTOS\IMPORTACIONES RAMIREZ\ERP-RAMIREZ\app\Http\Controllers\ContactController.php(222): route('reportes.cuenta...')
#2 D:\PROYECTOS\IMPORTACIONES RAMIREZ\ERP-RAMIREZ\vendor\laravel\framework\src\Illuminate\Container\BoundMethod.php(36): App\Http\Controllers\ContactController->App\Http\Controllers\{closure}(Object(App\Contact))
#3 D:\PROYECTOS\IMPORTACIONES RAMIREZ\ERP-RAMIREZ\vendor\laravel\framework\src\Illuminate\Container\Util.php(41): Illuminate\Container\BoundMethod::Illuminate\Container\{closure}()
#4 D:\PROYECTOS\IMPORTACIONES RAMIREZ\ERP-RAMIREZ\vendor\laravel\framework\src\Illuminate\Container\BoundMethod.php(81): Illuminate\Container\Util::unwrapIfClosure(Object(Closure))
#5 D:\PROYECTOS\IMPORTACIONES RAMIREZ\ERP-RAMIREZ\vendor\laravel\framework\src\Illuminate\Container\BoundMethod.php(35): Illuminate\Container\BoundMethod::callBoundMethod(Object(Illuminate\Foundation\Application), Object(Closure), Object(Closure))
#6 D:\PROYECTOS\IMPORTACIONES RAMIREZ\ERP-RAMIREZ\vendor\laravel\framework\src\Illuminate\Container\Container.php(661): Illuminate\Container\BoundMethod::call(Object(Illuminate\Foundation\Application), Object(Closure), Array, NULL)
#7 D:\PROYECTOS\IMPORTACIONES RAMIREZ\ERP-RAMIREZ\vendor\yajra\laravel-datatables-oracle\src\Utilities\Helper.php(71): Illuminate\Container\Container->call(Object(Closure), Array)
#8 D:\PROYECTOS\IMPORTACIONES RAMIREZ\ERP-RAMIREZ\vendor\yajra\laravel-datatables-oracle\src\Processors\DataProcessor.php(137): Yajra\DataTables\Utilities\Helper::compileContent(Object(Closure), Array, Object(App\Contact))
#9 D:\PROYECTOS\IMPORTACIONES RAMIREZ\ERP-RAMIREZ\vendor\yajra\laravel-datatables-oracle\src\Processors\DataProcessor.php(106): Yajra\DataTables\Processors\DataProcessor->addColumns(Array, Object(App\Contact))
#10 D:\PROYECTOS\IMPORTACIONES RAMIREZ\ERP-RAMIREZ\vendor\yajra\laravel-datatables-oracle\src\DataTableAbstract.php(806): Yajra\DataTables\Processors\DataProcessor->process(true)
#11 D:\PROYECTOS\IMPORTACIONES RAMIREZ\ERP-RAMIREZ\vendor\yajra\laravel-datatables-oracle\src\QueryDataTable.php(102): Yajra\DataTables\DataTableAbstract->processResults(Object(Illuminate\Database\Eloquent\Collection), true)
#12 D:\PROYECTOS\IMPORTACIONES RAMIREZ\ERP-RAMIREZ\app\Http\Controllers\ContactController.php(316): Yajra\DataTables\QueryDataTable->make(true)
#13 D:\PROYECTOS\IMPORTACIONES RAMIREZ\ERP-RAMIREZ\app\Http\Controllers\ContactController.php(77): App\Http\Controllers\ContactController->indexSupplier()
#14 D:\PROYECTOS\IMPORTACIONES RAMIREZ\ERP-RAMIREZ\vendor\laravel\framework\src\Illuminate\Routing\Controller.php(54): App\Http\Controllers\ContactController->index()
#15 D:\PROYECTOS\IMPORTACIONES RAMIREZ\ERP-RAMIREZ\vendor\laravel\framework\src\Illuminate\Routing\ControllerDispatcher.php(43): Illuminate\Routing\Controller->callAction('index', Array)
#16 D:\PROYECTOS\IMPORTACIONES RAMIREZ\ERP-RAMIREZ\vendor\laravel\framework\src\Illuminate\Routing\Route.php(259): Illuminate\Routing\ControllerDispatcher->dispatch(Object(Illuminate\Routing\Route), Object(App\Http\Controllers\ContactController), 'index')
#17 D:\PROYECTOS\IMPORTACIONES RAMIREZ\ERP-RAMIREZ\vendor\laravel\framework\src\Illuminate\Routing\Route.php(205): Illuminate\Routing\Route->runController()
#18 D:\PROYECTOS\IMPORTACIONES RAMIREZ\ERP-RAMIREZ\vendor\laravel\framework\src\Illuminate\Routing\Router.php(798): Illuminate\Routing\Route->run()
#19 D:\PROYECTOS\IMPORTACIONES RAMIREZ\ERP-RAMIREZ\vendor\laravel\framework\src\Illuminate\Pipeline\Pipeline.php(141): Illuminate\Routing\Router->Illuminate\Routing\{closure}(Object(Illuminate\Http\Request))
#20 D:\PROYECTOS\IMPORTACIONES RAMIREZ\ERP-RAMIREZ\app\Http\Middleware\CheckUserLogin.php(22): Illuminate\Pipeline\Pipeline->Illuminate\Pipeline\{closure}(Object(Illuminate\Http\Request))
#21 D:\PROYECTOS\IMPORTACIONES RAMIREZ\ERP-RAMIREZ\vendor\laravel\framework\src\Illuminate\Pipeline\Pipeline.php(180): App\Http\Middleware\CheckUserLogin->handle(Object(Illuminate\Http\Request), Object(Closure))
#22 D:\PROYECTOS\IMPORTACIONES RAMIREZ\ERP-RAMIREZ\app\Http\Middleware\AdminSidebarMenu.php(21): Illuminate\Pipeline\Pipeline->Illuminate\Pipeline\{closure}(Object(Illuminate\Http\Request))
#23 D:\PROYECTOS\IMPORTACIONES RAMIREZ\ERP-RAMIREZ\vendor\laravel\framework\src\Illuminate\Pipeline\Pipeline.php(180): App\Http\Middleware\AdminSidebarMenu->handle(Object(Illuminate\Http\Request), Object(Closure))
#24 D:\PROYECTOS\IMPORTACIONES RAMIREZ\ERP-RAMIREZ\app\Http\Middleware\Timezone.php(30): Illuminate\Pipeline\Pipeline->Illuminate\Pipeline\{closure}(Object(Illuminate\Http\Request))
#25 D:\PROYECTOS\IMPORTACIONES RAMIREZ\ERP-RAMIREZ\vendor\laravel\framework\src\Illuminate\Pipeline\Pipeline.php(180): App\Http\Middleware\Timezone->handle(Object(Illuminate\Http\Request), Object(Closure))
#26 D:\PROYECTOS\IMPORTACIONES RAMIREZ\ERP-RAMIREZ\app\Http\Middleware\Language.php(25): Illuminate\Pipeline\Pipeline->Illuminate\Pipeline\{closure}(Object(Illuminate\Http\Request))
#27 D:\PROYECTOS\IMPORTACIONES RAMIREZ\ERP-RAMIREZ\vendor\laravel\framework\src\Illuminate\Pipeline\Pipeline.php(180): App\Http\Middleware\Language->handle(Object(Illuminate\Http\Request), Object(Closure))
#28 D:\PROYECTOS\IMPORTACIONES RAMIREZ\ERP-RAMIREZ\app\Http\Middleware\SetSessionData.php(52): Illuminate\Pipeline\Pipeline->Illuminate\Pipeline\{closure}(Object(Illuminate\Http\Request))
#29 D:\PROYECTOS\IMPORTACIONES RAMIREZ\ERP-RAMIREZ\vendor\laravel\framework\src\Illuminate\Pipeline\Pipeline.php(180): App\Http\Middleware\SetSessionData->handle(Object(Illuminate\Http\Request), Object(Closure))
#30 D:\PROYECTOS\IMPORTACIONES RAMIREZ\ERP-RAMIREZ\app\Http\Middleware\IsInstalled.php(50): Illuminate\Pipeline\Pipeline->Illuminate\Pipeline\{closure}(Object(Illuminate\Http\Request))
#31 D:\PROYECTOS\IMPORTACIONES RAMIREZ\ERP-RAMIREZ\vendor\laravel\framework\src\Illuminate\Pipeline\Pipeline.php(180): App\Http\Middleware\IsInstalled->handle(Object(Illuminate\Http\Request), Object(Closure))
#32 D:\PROYECTOS\IMPORTACIONES RAMIREZ\ERP-RAMIREZ\vendor\laravel\framework\src\Illuminate\Routing\Middleware\SubstituteBindings.php(50): Illuminate\Pipeline\Pipeline->Illuminate\Pipeline\{closure}(Object(Illuminate\Http\Request))
#33 D:\PROYECTOS\IMPORTACIONES RAMIREZ\ERP-RAMIREZ\vendor\laravel\framework\src\Illuminate\Pipeline\Pipeline.php(180): Illuminate\Routing\Middleware\SubstituteBindings->handle(Object(Illuminate\Http\Request), Object(Closure))
#34 D:\PROYECTOS\IMPORTACIONES RAMIREZ\ERP-RAMIREZ\vendor\laravel\framework\src\Illuminate\Auth\Middleware\Authenticate.php(44): Illuminate\Pipeline\Pipeline->Illuminate\Pipeline\{closure}(Object(Illuminate\Http\Request))
#35 D:\PROYECTOS\IMPORTACIONES RAMIREZ\ERP-RAMIREZ\vendor\laravel\framework\src\Illuminate\Pipeline\Pipeline.php(180): Illuminate\Auth\Middleware\Authenticate->handle(Object(Illuminate\Http\Request), Object(Closure))
#36 D:\PROYECTOS\IMPORTACIONES RAMIREZ\ERP-RAMIREZ\vendor\laravel\framework\src\Illuminate\Foundation\Http\Middleware\VerifyCsrfToken.php(78): Illuminate\Pipeline\Pipeline->Illuminate\Pipeline\{closure}(Object(Illuminate\Http\Request))
#37 D:\PROYECTOS\IMPORTACIONES RAMIREZ\ERP-RAMIREZ\vendor\laravel\framework\src\Illuminate\Pipeline\Pipeline.php(180): Illuminate\Foundation\Http\Middleware\VerifyCsrfToken->handle(Object(Illuminate\Http\Request), Object(Closure))
#38 D:\PROYECTOS\IMPORTACIONES RAMIREZ\ERP-RAMIREZ\vendor\laravel\framework\src\Illuminate\View\Middleware\ShareErrorsFromSession.php(49): Illuminate\Pipeline\Pipeline->Illuminate\Pipeline\{closure}(Object(Illuminate\Http\Request))
#39 D:\PROYECTOS\IMPORTACIONES RAMIREZ\ERP-RAMIREZ\vendor\laravel\framework\src\Illuminate\Pipeline\Pipeline.php(180): Illuminate\View\Middleware\ShareErrorsFromSession->handle(Object(Illuminate\Http\Request), Object(Closure))
#40 D:\PROYECTOS\IMPORTACIONES RAMIREZ\ERP-RAMIREZ\vendor\laravel\framework\src\Illuminate\Session\Middleware\StartSession.php(121): Illuminate\Pipeline\Pipeline->Illuminate\Pipeline\{closure}(Object(Illuminate\Http\Request))
#41 D:\PROYECTOS\IMPORTACIONES RAMIREZ\ERP-RAMIREZ\vendor\laravel\framework\src\Illuminate\Session\Middleware\StartSession.php(64): Illuminate\Session\Middleware\StartSession->handleStatefulRequest(Object(Illuminate\Http\Request), Object(Illuminate\Session\Store), Object(Closure))
#42 D:\PROYECTOS\IMPORTACIONES RAMIREZ\ERP-RAMIREZ\vendor\laravel\framework\src\Illuminate\Pipeline\Pipeline.php(180): Illuminate\Session\Middleware\StartSession->handle(Object(Illuminate\Http\Request), Object(Closure))
#43 D:\PROYECTOS\IMPORTACIONES RAMIREZ\ERP-RAMIREZ\vendor\laravel\framework\src\Illuminate\Cookie\Middleware\AddQueuedCookiesToResponse.php(37): Illuminate\Pipeline\Pipeline->Illuminate\Pipeline\{closure}(Object(Illuminate\Http\Request))
#44 D:\PROYECTOS\IMPORTACIONES RAMIREZ\ERP-RAMIREZ\vendor\laravel\framework\src\Illuminate\Pipeline\Pipeline.php(180): Illuminate\Cookie\Middleware\AddQueuedCookiesToResponse->handle(Object(Illuminate\Http\Request), Object(Closure))
#45 D:\PROYECTOS\IMPORTACIONES RAMIREZ\ERP-RAMIREZ\vendor\laravel\framework\src\Illuminate\Cookie\Middleware\EncryptCookies.php(67): Illuminate\Pipeline\Pipeline->Illuminate\Pipeline\{closure}(Object(Illuminate\Http\Request))
#46 D:\PROYECTOS\IMPORTACIONES RAMIREZ\ERP-RAMIREZ\vendor\laravel\framework\src\Illuminate\Pipeline\Pipeline.php(180): Illuminate\Cookie\Middleware\EncryptCookies->handle(Object(Illuminate\Http\Request), Object(Closure))
#47 D:\PROYECTOS\IMPORTACIONES RAMIREZ\ERP-RAMIREZ\vendor\laravel\framework\src\Illuminate\Pipeline\Pipeline.php(116): Illuminate\Pipeline\Pipeline->Illuminate\Pipeline\{closure}(Object(Illuminate\Http\Request))
#48 D:\PROYECTOS\IMPORTACIONES RAMIREZ\ERP-RAMIREZ\vendor\laravel\framework\src\Illuminate\Routing\Router.php(797): Illuminate\Pipeline\Pipeline->then(Object(Closure))
#49 D:\PROYECTOS\IMPORTACIONES RAMIREZ\ERP-RAMIREZ\vendor\laravel\framework\src\Illuminate\Routing\Router.php(776): Illuminate\Routing\Router->runRouteWithinStack(Object(Illuminate\Routing\Route), Object(Illuminate\Http\Request))
#50 D:\PROYECTOS\IMPORTACIONES RAMIREZ\ERP-RAMIREZ\vendor\laravel\framework\src\Illuminate\Routing\Router.php(740): Illuminate\Routing\Router->runRoute(Object(Illuminate\Http\Request), Object(Illuminate\Routing\Route))
#51 D:\PROYECTOS\IMPORTACIONES RAMIREZ\ERP-RAMIREZ\vendor\laravel\framework\src\Illuminate\Routing\Router.php(729): Illuminate\Routing\Router->dispatchToRoute(Object(Illuminate\Http\Request))
#52 D:\PROYECTOS\IMPORTACIONES RAMIREZ\ERP-RAMIREZ\vendor\laravel\framework\src\Illuminate\Foundation\Http\Kernel.php(190): Illuminate\Routing\Router->dispatch(Object(Illuminate\Http\Request))
#53 D:\PROYECTOS\IMPORTACIONES RAMIREZ\ERP-RAMIREZ\vendor\laravel\framework\src\Illuminate\Pipeline\Pipeline.php(141): Illuminate\Foundation\Http\Kernel->Illuminate\Foundation\Http\{closure}(Object(Illuminate\Http\Request))
#54 D:\PROYECTOS\IMPORTACIONES RAMIREZ\ERP-RAMIREZ\vendor\barryvdh\laravel-debugbar\src\Middleware\InjectDebugbar.php(59): Illuminate\Pipeline\Pipeline->Illuminate\Pipeline\{closure}(Object(Illuminate\Http\Request))
#55 D:\PROYECTOS\IMPORTACIONES RAMIREZ\ERP-RAMIREZ\vendor\laravel\framework\src\Illuminate\Pipeline\Pipeline.php(180): Barryvdh\Debugbar\Middleware\InjectDebugbar->handle(Object(Illuminate\Http\Request), Object(Closure))
#56 D:\PROYECTOS\IMPORTACIONES RAMIREZ\ERP-RAMIREZ\vendor\laravel\framework\src\Illuminate\Foundation\Http\Middleware\TransformsRequest.php(21): Illuminate\Pipeline\Pipeline->Illuminate\Pipeline\{closure}(Object(Illuminate\Http\Request))
#57 D:\PROYECTOS\IMPORTACIONES RAMIREZ\ERP-RAMIREZ\vendor\laravel\framework\src\Illuminate\Foundation\Http\Middleware\ConvertEmptyStringsToNull.php(31): Illuminate\Foundation\Http\Middleware\TransformsRequest->handle(Object(Illuminate\Http\Request), Object(Closure))
#58 D:\PROYECTOS\IMPORTACIONES RAMIREZ\ERP-RAMIREZ\vendor\laravel\framework\src\Illuminate\Pipeline\Pipeline.php(180): Illuminate\Foundation\Http\Middleware\ConvertEmptyStringsToNull->handle(Object(Illuminate\Http\Request), Object(Closure))
#59 D:\PROYECTOS\IMPORTACIONES RAMIREZ\ERP-RAMIREZ\vendor\laravel\framework\src\Illuminate\Foundation\Http\Middleware\TransformsRequest.php(21): Illuminate\Pipeline\Pipeline->Illuminate\Pipeline\{closure}(Object(Illuminate\Http\Request))
#60 D:\PROYECTOS\IMPORTACIONES RAMIREZ\ERP-RAMIREZ\vendor\laravel\framework\src\Illuminate\Foundation\Http\Middleware\TrimStrings.php(40): Illuminate\Foundation\Http\Middleware\TransformsRequest->handle(Object(Illuminate\Http\Request), Object(Closure))
#61 D:\PROYECTOS\IMPORTACIONES RAMIREZ\ERP-RAMIREZ\vendor\laravel\framework\src\Illuminate\Pipeline\Pipeline.php(180): Illuminate\Foundation\Http\Middleware\TrimStrings->handle(Object(Illuminate\Http\Request), Object(Closure))
#62 D:\PROYECTOS\IMPORTACIONES RAMIREZ\ERP-RAMIREZ\vendor\laravel\framework\src\Illuminate\Foundation\Http\Middleware\ValidatePostSize.php(27): Illuminate\Pipeline\Pipeline->Illuminate\Pipeline\{closure}(Object(Illuminate\Http\Request))
#63 D:\PROYECTOS\IMPORTACIONES RAMIREZ\ERP-RAMIREZ\vendor\laravel\framework\src\Illuminate\Pipeline\Pipeline.php(180): Illuminate\Foundation\Http\Middleware\ValidatePostSize->handle(Object(Illuminate\Http\Request), Object(Closure))
#64 D:\PROYECTOS\IMPORTACIONES RAMIREZ\ERP-RAMIREZ\vendor\laravel\framework\src\Illuminate\Foundation\Http\Middleware\PreventRequestsDuringMaintenance.php(86): Illuminate\Pipeline\Pipeline->Illuminate\Pipeline\{closure}(Object(Illuminate\Http\Request))
#65 D:\PROYECTOS\IMPORTACIONES RAMIREZ\ERP-RAMIREZ\vendor\laravel\framework\src\Illuminate\Pipeline\Pipeline.php(180): Illuminate\Foundation\Http\Middleware\PreventRequestsDuringMaintenance->handle(Object(Illuminate\Http\Request), Object(Closure))
#66 D:\PROYECTOS\IMPORTACIONES RAMIREZ\ERP-RAMIREZ\vendor\laravel\framework\src\Illuminate\Http\Middleware\HandleCors.php(49): Illuminate\Pipeline\Pipeline->Illuminate\Pipeline\{closure}(Object(Illuminate\Http\Request))
#67 D:\PROYECTOS\IMPORTACIONES RAMIREZ\ERP-RAMIREZ\vendor\laravel\framework\src\Illuminate\Pipeline\Pipeline.php(180): Illuminate\Http\Middleware\HandleCors->handle(Object(Illuminate\Http\Request), Object(Closure))
#68 D:\PROYECTOS\IMPORTACIONES RAMIREZ\ERP-RAMIREZ\vendor\laravel\framework\src\Illuminate\Http\Middleware\TrustProxies.php(39): Illuminate\Pipeline\Pipeline->Illuminate\Pipeline\{closure}(Object(Illuminate\Http\Request))
#69 D:\PROYECTOS\IMPORTACIONES RAMIREZ\ERP-RAMIREZ\vendor\laravel\framework\src\Illuminate\Pipeline\Pipeline.php(180): Illuminate\Http\Middleware\TrustProxies->handle(Object(Illuminate\Http\Request), Object(Closure))
#70 D:\PROYECTOS\IMPORTACIONES RAMIREZ\ERP-RAMIREZ\vendor\laravel\framework\src\Illuminate\Pipeline\Pipeline.php(116): Illuminate\Pipeline\Pipeline->Illuminate\Pipeline\{closure}(Object(Illuminate\Http\Request))
#71 D:\PROYECTOS\IMPORTACIONES RAMIREZ\ERP-RAMIREZ\vendor\laravel\framework\src\Illuminate\Foundation\Http\Kernel.php(165): Illuminate\Pipeline\Pipeline->then(Object(Closure))
#72 D:\PROYECTOS\IMPORTACIONES RAMIREZ\ERP-RAMIREZ\vendor\laravel\framework\src\Illuminate\Foundation\Http\Kernel.php(134): Illuminate\Foundation\Http\Kernel->sendRequestThroughRouter(Object(Illuminate\Http\Request))
#73 D:\PROYECTOS\IMPORTACIONES RAMIREZ\ERP-RAMIREZ\public\index.php(51): Illuminate\Foundation\Http\Kernel->handle(Object(Illuminate\Http\Request))
#74 D:\PROYECTOS\IMPORTACIONES RAMIREZ\ERP-RAMIREZ\vendor\laravel\framework\src\Illuminate\Foundation\resources\server.php(16): require_once('D:\\PROYECTOS\\IM...')
#75 {main}  
